2024-10-18 15:30:17 INFO  c.l.d.DdwyyDemo04Application - Starting DdwyyDemo04Application using Java 1.8.0_391 on liushuige with PID 41196 (C:\ddwyy\testDevPortal\target\classes started by LJ in C:\ddwyy\testDevPortal)
2024-10-18 15:30:17 INFO  c.l.d.DdwyyDemo04Application - The following profiles are active: dev
2024-10-18 15:30:17 INFO  o.s.b.w.e.tomcat.TomcatWebServer - Tomcat initialized with port(s): 8080 (http)
2024-10-18 15:30:17 INFO  o.a.coyote.http11.Http11NioProtocol - Initializing ProtocolHandler ["http-nio-8080"]
2024-10-18 15:30:17 INFO  o.a.catalina.core.StandardService - Starting service [Tomcat]
2024-10-18 15:30:17 INFO  o.a.catalina.core.StandardEngine - Starting Servlet engine: [Apache Tomcat/9.0.41]
2024-10-18 15:30:17 INFO  o.a.c.c.C.[Tomcat].[localhost].[/] - Initializing Spring embedded WebApplicationContext
2024-10-18 15:30:17 INFO  o.s.b.w.s.c.ServletWebServerApplicationContext - Root WebApplicationContext: initialization completed in 590 ms
2024-10-18 15:30:17 INFO  o.s.s.c.ThreadPoolTaskExecutor - Initializing ExecutorService 'applicationTaskExecutor'
2024-10-18 15:30:17 INFO  o.s.b.a.w.s.WelcomePageHandlerMapping - Adding welcome page: class path resource [static/index.html]
2024-10-18 15:30:18 WARN  o.t.templatemode.TemplateMode - [THYMELEAF][main] Template Mode 'HTML5' is deprecated. Using Template Mode 'HTML' instead.
2024-10-18 15:30:18 INFO  o.a.coyote.http11.Http11NioProtocol - Starting ProtocolHandler ["http-nio-8080"]
2024-10-18 15:30:18 INFO  o.s.b.w.e.tomcat.TomcatWebServer - Tomcat started on port(s): 8080 (http) with context path ''
2024-10-18 15:30:18 INFO  c.l.d.DdwyyDemo04Application - Started DdwyyDemo04Application in 1.352 seconds (JVM running for 2.118)
2024-10-18 15:30:26 INFO  o.a.c.c.C.[Tomcat].[localhost].[/] - Initializing Spring DispatcherServlet 'dispatcherServlet'
2024-10-18 15:30:26 INFO  o.s.web.servlet.DispatcherServlet - Initializing Servlet 'dispatcherServlet'
2024-10-18 15:30:26 INFO  o.s.web.servlet.DispatcherServlet - Completed initialization in 1 ms
2024-10-18 15:31:08 INFO  o.s.s.c.ThreadPoolTaskExecutor - Shutting down ExecutorService 'applicationTaskExecutor'
2024-10-18 15:31:10 INFO  c.l.d.DdwyyDemo04Application - Starting DdwyyDemo04Application using Java 1.8.0_391 on liushuige with PID 41288 (C:\ddwyy\testDevPortal\target\classes started by LJ in C:\ddwyy\testDevPortal)
2024-10-18 15:31:10 INFO  c.l.d.DdwyyDemo04Application - The following profiles are active: dev
2024-10-18 15:31:10 INFO  o.s.b.w.e.tomcat.TomcatWebServer - Tomcat initialized with port(s): 8080 (http)
2024-10-18 15:31:10 INFO  o.a.coyote.http11.Http11NioProtocol - Initializing ProtocolHandler ["http-nio-8080"]
2024-10-18 15:31:10 INFO  o.a.catalina.core.StandardService - Starting service [Tomcat]
2024-10-18 15:31:10 INFO  o.a.catalina.core.StandardEngine - Starting Servlet engine: [Apache Tomcat/9.0.41]
2024-10-18 15:31:10 INFO  o.a.c.c.C.[Tomcat].[localhost].[/] - Initializing Spring embedded WebApplicationContext
2024-10-18 15:31:10 INFO  o.s.b.w.s.c.ServletWebServerApplicationContext - Root WebApplicationContext: initialization completed in 476 ms
2024-10-18 15:31:11 INFO  o.s.s.c.ThreadPoolTaskExecutor - Initializing ExecutorService 'applicationTaskExecutor'
2024-10-18 15:31:11 INFO  o.s.b.a.w.s.WelcomePageHandlerMapping - Adding welcome page: class path resource [static/index.html]
2024-10-18 15:31:11 WARN  o.t.templatemode.TemplateMode - [THYMELEAF][main] Template Mode 'HTML5' is deprecated. Using Template Mode 'HTML' instead.
2024-10-18 15:31:11 INFO  o.a.coyote.http11.Http11NioProtocol - Starting ProtocolHandler ["http-nio-8080"]
2024-10-18 15:31:11 INFO  o.s.b.w.e.tomcat.TomcatWebServer - Tomcat started on port(s): 8080 (http) with context path ''
2024-10-18 15:31:11 INFO  c.l.d.DdwyyDemo04Application - Started DdwyyDemo04Application in 1.02 seconds (JVM running for 1.534)
2024-10-18 15:31:32 INFO  o.a.c.c.C.[Tomcat].[localhost].[/] - Initializing Spring DispatcherServlet 'dispatcherServlet'
2024-10-18 15:31:32 INFO  o.s.web.servlet.DispatcherServlet - Initializing Servlet 'dispatcherServlet'
2024-10-18 15:31:32 INFO  o.s.web.servlet.DispatcherServlet - Completed initialization in 0 ms
2024-10-18 15:34:27 INFO  o.s.s.c.ThreadPoolTaskExecutor - Shutting down ExecutorService 'applicationTaskExecutor'
2024-10-18 15:34:30 INFO  c.l.d.DdwyyDemo04Application - Starting DdwyyDemo04Application using Java 1.8.0_391 on liushuige with PID 39256 (C:\ddwyy\testDevPortal\target\classes started by LJ in C:\ddwyy\testDevPortal)
2024-10-18 15:34:30 INFO  c.l.d.DdwyyDemo04Application - The following profiles are active: dev
2024-10-18 15:34:30 INFO  o.s.b.w.e.tomcat.TomcatWebServer - Tomcat initialized with port(s): 8080 (http)
2024-10-18 15:34:30 INFO  o.a.coyote.http11.Http11NioProtocol - Initializing ProtocolHandler ["http-nio-8080"]
2024-10-18 15:34:30 INFO  o.a.catalina.core.StandardService - Starting service [Tomcat]
2024-10-18 15:34:30 INFO  o.a.catalina.core.StandardEngine - Starting Servlet engine: [Apache Tomcat/9.0.41]
2024-10-18 15:34:30 INFO  o.a.c.c.C.[Tomcat].[localhost].[/] - Initializing Spring embedded WebApplicationContext
2024-10-18 15:34:30 INFO  o.s.b.w.s.c.ServletWebServerApplicationContext - Root WebApplicationContext: initialization completed in 501 ms
2024-10-18 15:34:30 INFO  o.s.s.c.ThreadPoolTaskExecutor - Initializing ExecutorService 'applicationTaskExecutor'
2024-10-18 15:34:30 INFO  o.s.b.a.w.s.WelcomePageHandlerMapping - Adding welcome page: class path resource [static/index.html]
2024-10-18 15:34:30 WARN  o.t.templatemode.TemplateMode - [THYMELEAF][main] Template Mode 'HTML5' is deprecated. Using Template Mode 'HTML' instead.
2024-10-18 15:34:30 INFO  o.a.coyote.http11.Http11NioProtocol - Starting ProtocolHandler ["http-nio-8080"]
2024-10-18 15:34:30 INFO  o.s.b.w.e.tomcat.TomcatWebServer - Tomcat started on port(s): 8080 (http) with context path ''
2024-10-18 15:34:30 INFO  c.l.d.DdwyyDemo04Application - Started DdwyyDemo04Application in 1.042 seconds (JVM running for 1.576)
2024-10-18 15:34:33 INFO  o.a.c.c.C.[Tomcat].[localhost].[/] - Initializing Spring DispatcherServlet 'dispatcherServlet'
2024-10-18 15:34:33 INFO  o.s.web.servlet.DispatcherServlet - Initializing Servlet 'dispatcherServlet'
2024-10-18 15:34:33 INFO  o.s.web.servlet.DispatcherServlet - Completed initialization in 1 ms
2024-10-18 15:35:34 INFO  o.s.s.c.ThreadPoolTaskExecutor - Shutting down ExecutorService 'applicationTaskExecutor'
2024-10-18 15:35:37 INFO  c.l.d.DdwyyDemo04Application - Starting DdwyyDemo04Application using Java 1.8.0_391 on liushuige with PID 33080 (C:\ddwyy\testDevPortal\target\classes started by LJ in C:\ddwyy\testDevPortal)
2024-10-18 15:35:37 INFO  c.l.d.DdwyyDemo04Application - The following profiles are active: dev
2024-10-18 15:35:38 INFO  o.s.b.w.e.tomcat.TomcatWebServer - Tomcat initialized with port(s): 8080 (http)
2024-10-18 15:35:38 INFO  o.a.coyote.http11.Http11NioProtocol - Initializing ProtocolHandler ["http-nio-8080"]
2024-10-18 15:35:38 INFO  o.a.catalina.core.StandardService - Starting service [Tomcat]
2024-10-18 15:35:38 INFO  o.a.catalina.core.StandardEngine - Starting Servlet engine: [Apache Tomcat/9.0.41]
2024-10-18 15:35:38 INFO  o.a.c.c.C.[Tomcat].[localhost].[/] - Initializing Spring embedded WebApplicationContext
2024-10-18 15:35:38 INFO  o.s.b.w.s.c.ServletWebServerApplicationContext - Root WebApplicationContext: initialization completed in 528 ms
2024-10-18 15:35:38 INFO  o.s.s.c.ThreadPoolTaskExecutor - Initializing ExecutorService 'applicationTaskExecutor'
2024-10-18 15:35:38 INFO  o.s.b.a.w.s.WelcomePageHandlerMapping - Adding welcome page: class path resource [static/index.html]
2024-10-18 15:35:38 WARN  o.t.templatemode.TemplateMode - [THYMELEAF][main] Template Mode 'HTML5' is deprecated. Using Template Mode 'HTML' instead.
2024-10-18 15:35:38 INFO  o.a.coyote.http11.Http11NioProtocol - Starting ProtocolHandler ["http-nio-8080"]
2024-10-18 15:35:38 INFO  o.s.b.w.e.tomcat.TomcatWebServer - Tomcat started on port(s): 8080 (http) with context path ''
2024-10-18 15:35:38 INFO  c.l.d.DdwyyDemo04Application - Started DdwyyDemo04Application in 1.106 seconds (JVM running for 1.684)
2024-10-18 15:35:52 INFO  o.a.c.c.C.[Tomcat].[localhost].[/] - Initializing Spring DispatcherServlet 'dispatcherServlet'
2024-10-18 15:35:52 INFO  o.s.web.servlet.DispatcherServlet - Initializing Servlet 'dispatcherServlet'
2024-10-18 15:35:52 INFO  o.s.web.servlet.DispatcherServlet - Completed initialization in 0 ms
2024-10-18 15:37:28 INFO  o.s.s.c.ThreadPoolTaskExecutor - Shutting down ExecutorService 'applicationTaskExecutor'
2024-10-18 15:37:31 INFO  c.l.d.DdwyyDemo04Application - Starting DdwyyDemo04Application using Java 1.8.0_391 on liushuige with PID 15152 (C:\ddwyy\testDevPortal\target\classes started by LJ in C:\ddwyy\testDevPortal)
2024-10-18 15:37:31 INFO  c.l.d.DdwyyDemo04Application - The following profiles are active: dev
2024-10-18 15:37:32 INFO  o.s.b.w.e.tomcat.TomcatWebServer - Tomcat initialized with port(s): 8080 (http)
2024-10-18 15:37:32 INFO  o.a.coyote.http11.Http11NioProtocol - Initializing ProtocolHandler ["http-nio-8080"]
2024-10-18 15:37:32 INFO  o.a.catalina.core.StandardService - Starting service [Tomcat]
2024-10-18 15:37:32 INFO  o.a.catalina.core.StandardEngine - Starting Servlet engine: [Apache Tomcat/9.0.41]
2024-10-18 15:37:32 INFO  o.a.c.c.C.[Tomcat].[localhost].[/] - Initializing Spring embedded WebApplicationContext
2024-10-18 15:37:32 INFO  o.s.b.w.s.c.ServletWebServerApplicationContext - Root WebApplicationContext: initialization completed in 484 ms
2024-10-18 15:37:32 INFO  o.s.s.c.ThreadPoolTaskExecutor - Initializing ExecutorService 'applicationTaskExecutor'
2024-10-18 15:37:32 INFO  o.s.b.a.w.s.WelcomePageHandlerMapping - Adding welcome page: class path resource [static/index.html]
2024-10-18 15:37:32 WARN  o.t.templatemode.TemplateMode - [THYMELEAF][main] Template Mode 'HTML5' is deprecated. Using Template Mode 'HTML' instead.
2024-10-18 15:37:32 INFO  o.a.coyote.http11.Http11NioProtocol - Starting ProtocolHandler ["http-nio-8080"]
2024-10-18 15:37:32 INFO  o.s.b.w.e.tomcat.TomcatWebServer - Tomcat started on port(s): 8080 (http) with context path ''
2024-10-18 15:37:32 INFO  c.l.d.DdwyyDemo04Application - Started DdwyyDemo04Application in 1.047 seconds (JVM running for 1.575)
2024-10-18 15:37:35 INFO  o.a.c.c.C.[Tomcat].[localhost].[/] - Initializing Spring DispatcherServlet 'dispatcherServlet'
2024-10-18 15:37:35 INFO  o.s.web.servlet.DispatcherServlet - Initializing Servlet 'dispatcherServlet'
2024-10-18 15:37:35 INFO  o.s.web.servlet.DispatcherServlet - Completed initialization in 1 ms
2024-10-18 15:38:52 INFO  o.s.s.c.ThreadPoolTaskExecutor - Shutting down ExecutorService 'applicationTaskExecutor'
2024-10-18 15:38:55 INFO  c.l.d.DdwyyDemo04Application - Starting DdwyyDemo04Application using Java 1.8.0_391 on liushuige with PID 22368 (C:\ddwyy\testDevPortal\target\classes started by LJ in C:\ddwyy\testDevPortal)
2024-10-18 15:38:55 INFO  c.l.d.DdwyyDemo04Application - The following profiles are active: dev
2024-10-18 15:38:56 INFO  o.s.b.w.e.tomcat.TomcatWebServer - Tomcat initialized with port(s): 8080 (http)
2024-10-18 15:38:56 INFO  o.a.coyote.http11.Http11NioProtocol - Initializing ProtocolHandler ["http-nio-8080"]
2024-10-18 15:38:56 INFO  o.a.catalina.core.StandardService - Starting service [Tomcat]
2024-10-18 15:38:56 INFO  o.a.catalina.core.StandardEngine - Starting Servlet engine: [Apache Tomcat/9.0.41]
2024-10-18 15:38:56 INFO  o.a.c.c.C.[Tomcat].[localhost].[/] - Initializing Spring embedded WebApplicationContext
2024-10-18 15:38:56 INFO  o.s.b.w.s.c.ServletWebServerApplicationContext - Root WebApplicationContext: initialization completed in 661 ms
2024-10-18 15:38:56 INFO  o.s.s.c.ThreadPoolTaskExecutor - Initializing ExecutorService 'applicationTaskExecutor'
2024-10-18 15:38:56 INFO  o.s.b.a.w.s.WelcomePageHandlerMapping - Adding welcome page: class path resource [static/index.html]
2024-10-18 15:38:56 WARN  o.t.templatemode.TemplateMode - [THYMELEAF][main] Template Mode 'HTML5' is deprecated. Using Template Mode 'HTML' instead.
2024-10-18 15:38:56 INFO  o.a.coyote.http11.Http11NioProtocol - Starting ProtocolHandler ["http-nio-8080"]
2024-10-18 15:38:56 INFO  o.s.b.w.e.tomcat.TomcatWebServer - Tomcat started on port(s): 8080 (http) with context path ''
2024-10-18 15:38:56 INFO  c.l.d.DdwyyDemo04Application - Started DdwyyDemo04Application in 1.237 seconds (JVM running for 1.83)
2024-10-18 15:38:58 INFO  o.a.c.c.C.[Tomcat].[localhost].[/] - Initializing Spring DispatcherServlet 'dispatcherServlet'
2024-10-18 15:38:58 INFO  o.s.web.servlet.DispatcherServlet - Initializing Servlet 'dispatcherServlet'
2024-10-18 15:38:58 INFO  o.s.web.servlet.DispatcherServlet - Completed initialization in 0 ms
2024-10-18 15:48:06 INFO  o.s.s.c.ThreadPoolTaskExecutor - Shutting down ExecutorService 'applicationTaskExecutor'
2024-10-18 15:48:10 INFO  c.l.d.DdwyyDemo04Application - Starting DdwyyDemo04Application using Java 1.8.0_391 on liushuige with PID 5780 (C:\ddwyy\testDevPortal\target\classes started by LJ in C:\ddwyy\testDevPortal)
2024-10-18 15:48:10 INFO  c.l.d.DdwyyDemo04Application - The following profiles are active: dev
2024-10-18 15:48:10 INFO  o.s.b.w.e.tomcat.TomcatWebServer - Tomcat initialized with port(s): 8080 (http)
2024-10-18 15:48:10 INFO  o.a.coyote.http11.Http11NioProtocol - Initializing ProtocolHandler ["http-nio-8080"]
2024-10-18 15:48:10 INFO  o.a.catalina.core.StandardService - Starting service [Tomcat]
2024-10-18 15:48:10 INFO  o.a.catalina.core.StandardEngine - Starting Servlet engine: [Apache Tomcat/9.0.41]
2024-10-18 15:48:10 INFO  o.a.c.c.C.[Tomcat].[localhost].[/] - Initializing Spring embedded WebApplicationContext
2024-10-18 15:48:10 INFO  o.s.b.w.s.c.ServletWebServerApplicationContext - Root WebApplicationContext: initialization completed in 488 ms
2024-10-18 15:48:10 INFO  o.s.s.c.ThreadPoolTaskExecutor - Initializing ExecutorService 'applicationTaskExecutor'
2024-10-18 15:48:10 INFO  o.s.b.a.w.s.WelcomePageHandlerMapping - Adding welcome page: class path resource [static/index.html]
2024-10-18 15:48:10 WARN  o.t.templatemode.TemplateMode - [THYMELEAF][main] Template Mode 'HTML5' is deprecated. Using Template Mode 'HTML' instead.
2024-10-18 15:48:10 INFO  o.a.coyote.http11.Http11NioProtocol - Starting ProtocolHandler ["http-nio-8080"]
2024-10-18 15:48:10 INFO  o.s.b.w.e.tomcat.TomcatWebServer - Tomcat started on port(s): 8080 (http) with context path ''
2024-10-18 15:48:10 INFO  c.l.d.DdwyyDemo04Application - Started DdwyyDemo04Application in 1.041 seconds (JVM running for 1.611)
2024-10-18 15:48:21 INFO  o.a.c.c.C.[Tomcat].[localhost].[/] - Initializing Spring DispatcherServlet 'dispatcherServlet'
2024-10-18 15:48:21 INFO  o.s.web.servlet.DispatcherServlet - Initializing Servlet 'dispatcherServlet'
2024-10-18 15:48:21 INFO  o.s.web.servlet.DispatcherServlet - Completed initialization in 1 ms
2024-10-18 15:50:52 INFO  o.s.s.c.ThreadPoolTaskExecutor - Shutting down ExecutorService 'applicationTaskExecutor'
2024-10-18 15:50:55 INFO  c.l.d.DdwyyDemo04Application - Starting DdwyyDemo04Application using Java 1.8.0_391 on liushuige with PID 19832 (C:\ddwyy\testDevPortal\target\classes started by LJ in C:\ddwyy\testDevPortal)
2024-10-18 15:50:55 INFO  c.l.d.DdwyyDemo04Application - The following profiles are active: dev
2024-10-18 15:50:56 INFO  o.s.b.w.e.tomcat.TomcatWebServer - Tomcat initialized with port(s): 8080 (http)
2024-10-18 15:50:56 INFO  o.a.coyote.http11.Http11NioProtocol - Initializing ProtocolHandler ["http-nio-8080"]
2024-10-18 15:50:56 INFO  o.a.catalina.core.StandardService - Starting service [Tomcat]
2024-10-18 15:50:56 INFO  o.a.catalina.core.StandardEngine - Starting Servlet engine: [Apache Tomcat/9.0.41]
2024-10-18 15:50:56 INFO  o.a.c.c.C.[Tomcat].[localhost].[/] - Initializing Spring embedded WebApplicationContext
2024-10-18 15:50:56 INFO  o.s.b.w.s.c.ServletWebServerApplicationContext - Root WebApplicationContext: initialization completed in 465 ms
2024-10-18 15:50:56 INFO  o.s.s.c.ThreadPoolTaskExecutor - Initializing ExecutorService 'applicationTaskExecutor'
2024-10-18 15:50:56 INFO  o.s.b.a.w.s.WelcomePageHandlerMapping - Adding welcome page: class path resource [static/index.html]
2024-10-18 15:50:56 WARN  o.t.templatemode.TemplateMode - [THYMELEAF][main] Template Mode 'HTML5' is deprecated. Using Template Mode 'HTML' instead.
2024-10-18 15:50:56 INFO  o.a.coyote.http11.Http11NioProtocol - Starting ProtocolHandler ["http-nio-8080"]
2024-10-18 15:50:56 INFO  o.s.b.w.e.tomcat.TomcatWebServer - Tomcat started on port(s): 8080 (http) with context path ''
2024-10-18 15:50:56 INFO  c.l.d.DdwyyDemo04Application - Started DdwyyDemo04Application in 1.03 seconds (JVM running for 1.552)
2024-10-18 15:51:12 INFO  o.s.s.c.ThreadPoolTaskExecutor - Shutting down ExecutorService 'applicationTaskExecutor'
2024-10-18 15:51:16 INFO  c.l.d.DdwyyDemo04Application - Starting DdwyyDemo04Application using Java 1.8.0_391 on liushuige with PID 29680 (C:\ddwyy\testDevPortal\target\classes started by LJ in C:\ddwyy\testDevPortal)
2024-10-18 15:51:16 INFO  c.l.d.DdwyyDemo04Application - The following profiles are active: dev
2024-10-18 15:51:16 INFO  o.s.b.w.e.tomcat.TomcatWebServer - Tomcat initialized with port(s): 8080 (http)
2024-10-18 15:51:16 INFO  o.a.coyote.http11.Http11NioProtocol - Initializing ProtocolHandler ["http-nio-8080"]
2024-10-18 15:51:16 INFO  o.a.catalina.core.StandardService - Starting service [Tomcat]
2024-10-18 15:51:16 INFO  o.a.catalina.core.StandardEngine - Starting Servlet engine: [Apache Tomcat/9.0.41]
2024-10-18 15:51:16 INFO  o.a.c.c.C.[Tomcat].[localhost].[/] - Initializing Spring embedded WebApplicationContext
2024-10-18 15:51:16 INFO  o.s.b.w.s.c.ServletWebServerApplicationContext - Root WebApplicationContext: initialization completed in 546 ms
2024-10-18 15:51:17 INFO  o.s.s.c.ThreadPoolTaskExecutor - Initializing ExecutorService 'applicationTaskExecutor'
2024-10-18 15:51:17 INFO  o.s.b.a.w.s.WelcomePageHandlerMapping - Adding welcome page: class path resource [static/index.html]
2024-10-18 15:51:17 WARN  o.t.templatemode.TemplateMode - [THYMELEAF][main] Template Mode 'HTML5' is deprecated. Using Template Mode 'HTML' instead.
2024-10-18 15:51:17 INFO  o.a.coyote.http11.Http11NioProtocol - Starting ProtocolHandler ["http-nio-8080"]
2024-10-18 15:51:17 INFO  o.s.b.w.e.tomcat.TomcatWebServer - Tomcat started on port(s): 8080 (http) with context path ''
2024-10-18 15:51:17 INFO  c.l.d.DdwyyDemo04Application - Started DdwyyDemo04Application in 1.216 seconds (JVM running for 1.735)
2024-10-18 15:51:19 INFO  o.a.c.c.C.[Tomcat].[localhost].[/] - Initializing Spring DispatcherServlet 'dispatcherServlet'
2024-10-18 15:51:19 INFO  o.s.web.servlet.DispatcherServlet - Initializing Servlet 'dispatcherServlet'
2024-10-18 15:51:19 INFO  o.s.web.servlet.DispatcherServlet - Completed initialization in 0 ms
2024-10-18 15:53:52 INFO  o.s.s.c.ThreadPoolTaskExecutor - Shutting down ExecutorService 'applicationTaskExecutor'
2024-10-18 15:53:55 INFO  c.l.d.DdwyyDemo04Application - Starting DdwyyDemo04Application using Java 1.8.0_391 on liushuige with PID 14344 (C:\ddwyy\testDevPortal\target\classes started by LJ in C:\ddwyy\testDevPortal)
2024-10-18 15:53:55 INFO  c.l.d.DdwyyDemo04Application - The following profiles are active: dev
2024-10-18 15:53:56 INFO  o.s.b.w.e.tomcat.TomcatWebServer - Tomcat initialized with port(s): 8080 (http)
2024-10-18 15:53:56 INFO  o.a.coyote.http11.Http11NioProtocol - Initializing ProtocolHandler ["http-nio-8080"]
2024-10-18 15:53:56 INFO  o.a.catalina.core.StandardService - Starting service [Tomcat]
2024-10-18 15:53:56 INFO  o.a.catalina.core.StandardEngine - Starting Servlet engine: [Apache Tomcat/9.0.41]
2024-10-18 15:53:56 INFO  o.a.c.c.C.[Tomcat].[localhost].[/] - Initializing Spring embedded WebApplicationContext
2024-10-18 15:53:56 INFO  o.s.b.w.s.c.ServletWebServerApplicationContext - Root WebApplicationContext: initialization completed in 495 ms
2024-10-18 15:53:56 INFO  o.s.s.c.ThreadPoolTaskExecutor - Initializing ExecutorService 'applicationTaskExecutor'
2024-10-18 15:53:56 INFO  o.s.b.a.w.s.WelcomePageHandlerMapping - Adding welcome page: class path resource [static/index.html]
2024-10-18 15:53:56 WARN  o.t.templatemode.TemplateMode - [THYMELEAF][main] Template Mode 'HTML5' is deprecated. Using Template Mode 'HTML' instead.
2024-10-18 15:53:56 INFO  o.a.coyote.http11.Http11NioProtocol - Starting ProtocolHandler ["http-nio-8080"]
2024-10-18 15:53:56 INFO  o.s.b.w.e.tomcat.TomcatWebServer - Tomcat started on port(s): 8080 (http) with context path ''
2024-10-18 15:53:56 INFO  c.l.d.DdwyyDemo04Application - Started DdwyyDemo04Application in 1.095 seconds (JVM running for 1.646)
2024-10-18 15:54:00 INFO  o.a.c.c.C.[Tomcat].[localhost].[/] - Initializing Spring DispatcherServlet 'dispatcherServlet'
2024-10-18 15:54:00 INFO  o.s.web.servlet.DispatcherServlet - Initializing Servlet 'dispatcherServlet'
2024-10-18 15:54:00 INFO  o.s.web.servlet.DispatcherServlet - Completed initialization in 1 ms
2024-10-18 16:08:03 INFO  o.s.s.c.ThreadPoolTaskExecutor - Shutting down ExecutorService 'applicationTaskExecutor'
2024-10-18 16:08:06 INFO  c.l.d.DdwyyDemo04Application - Starting DdwyyDemo04Application using Java 1.8.0_391 on liushuige with PID 37576 (C:\ddwyy\testDevPortal\target\classes started by LJ in C:\ddwyy\testDevPortal)
2024-10-18 16:08:06 INFO  c.l.d.DdwyyDemo04Application - The following profiles are active: dev
2024-10-18 16:08:07 INFO  o.s.b.w.e.tomcat.TomcatWebServer - Tomcat initialized with port(s): 8080 (http)
2024-10-18 16:08:07 INFO  o.a.coyote.http11.Http11NioProtocol - Initializing ProtocolHandler ["http-nio-8080"]
2024-10-18 16:08:07 INFO  o.a.catalina.core.StandardService - Starting service [Tomcat]
2024-10-18 16:08:07 INFO  o.a.catalina.core.StandardEngine - Starting Servlet engine: [Apache Tomcat/9.0.41]
2024-10-18 16:08:07 INFO  o.a.c.c.C.[Tomcat].[localhost].[/] - Initializing Spring embedded WebApplicationContext
2024-10-18 16:08:07 INFO  o.s.b.w.s.c.ServletWebServerApplicationContext - Root WebApplicationContext: initialization completed in 571 ms
2024-10-18 16:08:07 INFO  o.s.s.c.ThreadPoolTaskExecutor - Initializing ExecutorService 'applicationTaskExecutor'
2024-10-18 16:08:07 INFO  o.s.b.a.w.s.WelcomePageHandlerMapping - Adding welcome page: class path resource [static/index.html]
2024-10-18 16:08:07 WARN  o.t.templatemode.TemplateMode - [THYMELEAF][main] Template Mode 'HTML5' is deprecated. Using Template Mode 'HTML' instead.
2024-10-18 16:08:07 INFO  o.a.coyote.http11.Http11NioProtocol - Starting ProtocolHandler ["http-nio-8080"]
2024-10-18 16:08:07 INFO  o.s.b.w.e.tomcat.TomcatWebServer - Tomcat started on port(s): 8080 (http) with context path ''
2024-10-18 16:08:07 INFO  c.l.d.DdwyyDemo04Application - Started DdwyyDemo04Application in 1.131 seconds (JVM running for 1.763)
2024-10-18 16:08:16 INFO  o.a.c.c.C.[Tomcat].[localhost].[/] - Initializing Spring DispatcherServlet 'dispatcherServlet'
2024-10-18 16:08:16 INFO  o.s.web.servlet.DispatcherServlet - Initializing Servlet 'dispatcherServlet'
2024-10-18 16:08:16 INFO  o.s.web.servlet.DispatcherServlet - Completed initialization in 1 ms
2024-10-18 16:10:25 INFO  o.s.s.c.ThreadPoolTaskExecutor - Shutting down ExecutorService 'applicationTaskExecutor'
2024-10-18 16:10:29 INFO  c.l.d.DdwyyDemo04Application - Starting DdwyyDemo04Application using Java 1.8.0_391 on liushuige with PID 39736 (C:\ddwyy\testDevPortal\target\classes started by LJ in C:\ddwyy\testDevPortal)
2024-10-18 16:10:29 INFO  c.l.d.DdwyyDemo04Application - The following profiles are active: dev
2024-10-18 16:10:29 INFO  o.s.b.w.e.tomcat.TomcatWebServer - Tomcat initialized with port(s): 8080 (http)
2024-10-18 16:10:29 INFO  o.a.coyote.http11.Http11NioProtocol - Initializing ProtocolHandler ["http-nio-8080"]
2024-10-18 16:10:29 INFO  o.a.catalina.core.StandardService - Starting service [Tomcat]
2024-10-18 16:10:29 INFO  o.a.catalina.core.StandardEngine - Starting Servlet engine: [Apache Tomcat/9.0.41]
2024-10-18 16:10:29 INFO  o.a.c.c.C.[Tomcat].[localhost].[/] - Initializing Spring embedded WebApplicationContext
2024-10-18 16:10:29 INFO  o.s.b.w.s.c.ServletWebServerApplicationContext - Root WebApplicationContext: initialization completed in 500 ms
2024-10-18 16:10:30 INFO  o.s.s.c.ThreadPoolTaskExecutor - Initializing ExecutorService 'applicationTaskExecutor'
2024-10-18 16:10:30 INFO  o.s.b.a.w.s.WelcomePageHandlerMapping - Adding welcome page: class path resource [static/index.html]
2024-10-18 16:10:30 WARN  o.t.templatemode.TemplateMode - [THYMELEAF][main] Template Mode 'HTML5' is deprecated. Using Template Mode 'HTML' instead.
2024-10-18 16:10:30 INFO  o.a.coyote.http11.Http11NioProtocol - Starting ProtocolHandler ["http-nio-8080"]
2024-10-18 16:10:30 INFO  o.s.b.w.e.tomcat.TomcatWebServer - Tomcat started on port(s): 8080 (http) with context path ''
2024-10-18 16:10:30 INFO  c.l.d.DdwyyDemo04Application - Started DdwyyDemo04Application in 1.032 seconds (JVM running for 1.651)
2024-10-18 16:10:33 INFO  o.a.c.c.C.[Tomcat].[localhost].[/] - Initializing Spring DispatcherServlet 'dispatcherServlet'
2024-10-18 16:10:33 INFO  o.s.web.servlet.DispatcherServlet - Initializing Servlet 'dispatcherServlet'
2024-10-18 16:10:33 INFO  o.s.web.servlet.DispatcherServlet - Completed initialization in 1 ms
2024-10-18 16:13:16 INFO  o.s.s.c.ThreadPoolTaskExecutor - Shutting down ExecutorService 'applicationTaskExecutor'
2024-10-18 16:13:19 INFO  c.l.d.DdwyyDemo04Application - Starting DdwyyDemo04Application using Java 1.8.0_391 on liushuige with PID 33228 (C:\ddwyy\testDevPortal\target\classes started by LJ in C:\ddwyy\testDevPortal)
2024-10-18 16:13:19 INFO  c.l.d.DdwyyDemo04Application - The following profiles are active: dev
2024-10-18 16:13:19 INFO  o.s.b.w.e.tomcat.TomcatWebServer - Tomcat initialized with port(s): 8080 (http)
2024-10-18 16:13:19 INFO  o.a.coyote.http11.Http11NioProtocol - Initializing ProtocolHandler ["http-nio-8080"]
2024-10-18 16:13:19 INFO  o.a.catalina.core.StandardService - Starting service [Tomcat]
2024-10-18 16:13:19 INFO  o.a.catalina.core.StandardEngine - Starting Servlet engine: [Apache Tomcat/9.0.41]
2024-10-18 16:13:19 INFO  o.a.c.c.C.[Tomcat].[localhost].[/] - Initializing Spring embedded WebApplicationContext
2024-10-18 16:13:19 INFO  o.s.b.w.s.c.ServletWebServerApplicationContext - Root WebApplicationContext: initialization completed in 483 ms
2024-10-18 16:13:20 INFO  o.s.s.c.ThreadPoolTaskExecutor - Initializing ExecutorService 'applicationTaskExecutor'
2024-10-18 16:13:20 INFO  o.s.b.a.w.s.WelcomePageHandlerMapping - Adding welcome page: class path resource [static/index.html]
2024-10-18 16:13:20 WARN  o.t.templatemode.TemplateMode - [THYMELEAF][main] Template Mode 'HTML5' is deprecated. Using Template Mode 'HTML' instead.
2024-10-18 16:13:20 INFO  o.a.coyote.http11.Http11NioProtocol - Starting ProtocolHandler ["http-nio-8080"]
2024-10-18 16:13:20 INFO  o.s.b.w.e.tomcat.TomcatWebServer - Tomcat started on port(s): 8080 (http) with context path ''
2024-10-18 16:13:20 INFO  c.l.d.DdwyyDemo04Application - Started DdwyyDemo04Application in 1.054 seconds (JVM running for 1.591)
2024-10-18 16:13:21 INFO  o.a.c.c.C.[Tomcat].[localhost].[/] - Initializing Spring DispatcherServlet 'dispatcherServlet'
2024-10-18 16:13:21 INFO  o.s.web.servlet.DispatcherServlet - Initializing Servlet 'dispatcherServlet'
2024-10-18 16:13:21 INFO  o.s.web.servlet.DispatcherServlet - Completed initialization in 0 ms
2024-10-18 16:14:07 INFO  o.s.s.c.ThreadPoolTaskExecutor - Shutting down ExecutorService 'applicationTaskExecutor'
2024-10-18 16:14:11 INFO  c.l.d.DdwyyDemo04Application - Starting DdwyyDemo04Application using Java 1.8.0_391 on liushuige with PID 9024 (C:\ddwyy\testDevPortal\target\classes started by LJ in C:\ddwyy\testDevPortal)
2024-10-18 16:14:11 INFO  c.l.d.DdwyyDemo04Application - The following profiles are active: dev
2024-10-18 16:14:11 INFO  o.s.b.w.e.tomcat.TomcatWebServer - Tomcat initialized with port(s): 8080 (http)
2024-10-18 16:14:11 INFO  o.a.coyote.http11.Http11NioProtocol - Initializing ProtocolHandler ["http-nio-8080"]
2024-10-18 16:14:11 INFO  o.a.catalina.core.StandardService - Starting service [Tomcat]
2024-10-18 16:14:11 INFO  o.a.catalina.core.StandardEngine - Starting Servlet engine: [Apache Tomcat/9.0.41]
2024-10-18 16:14:11 INFO  o.a.c.c.C.[Tomcat].[localhost].[/] - Initializing Spring embedded WebApplicationContext
2024-10-18 16:14:11 INFO  o.s.b.w.s.c.ServletWebServerApplicationContext - Root WebApplicationContext: initialization completed in 549 ms
2024-10-18 16:14:12 INFO  o.s.s.c.ThreadPoolTaskExecutor - Initializing ExecutorService 'applicationTaskExecutor'
2024-10-18 16:14:12 INFO  o.s.b.a.w.s.WelcomePageHandlerMapping - Adding welcome page: class path resource [static/index.html]
2024-10-18 16:14:12 WARN  o.t.templatemode.TemplateMode - [THYMELEAF][main] Template Mode 'HTML5' is deprecated. Using Template Mode 'HTML' instead.
2024-10-18 16:14:12 INFO  o.a.coyote.http11.Http11NioProtocol - Starting ProtocolHandler ["http-nio-8080"]
2024-10-18 16:14:12 INFO  o.s.b.w.e.tomcat.TomcatWebServer - Tomcat started on port(s): 8080 (http) with context path ''
2024-10-18 16:14:12 INFO  c.l.d.DdwyyDemo04Application - Started DdwyyDemo04Application in 1.121 seconds (JVM running for 1.708)
2024-10-18 16:14:18 INFO  o.a.c.c.C.[Tomcat].[localhost].[/] - Initializing Spring DispatcherServlet 'dispatcherServlet'
2024-10-18 16:14:18 INFO  o.s.web.servlet.DispatcherServlet - Initializing Servlet 'dispatcherServlet'
2024-10-18 16:14:18 INFO  o.s.web.servlet.DispatcherServlet - Completed initialization in 0 ms
2024-10-18 16:15:55 INFO  o.s.s.c.ThreadPoolTaskExecutor - Shutting down ExecutorService 'applicationTaskExecutor'
2024-10-18 16:15:58 INFO  c.l.d.DdwyyDemo04Application - Starting DdwyyDemo04Application using Java 1.8.0_391 on liushuige with PID 39568 (C:\ddwyy\testDevPortal\target\classes started by LJ in C:\ddwyy\testDevPortal)
2024-10-18 16:15:58 INFO  c.l.d.DdwyyDemo04Application - The following profiles are active: dev
2024-10-18 16:15:58 INFO  o.s.b.w.e.tomcat.TomcatWebServer - Tomcat initialized with port(s): 8080 (http)
2024-10-18 16:15:58 INFO  o.a.coyote.http11.Http11NioProtocol - Initializing ProtocolHandler ["http-nio-8080"]
2024-10-18 16:15:58 INFO  o.a.catalina.core.StandardService - Starting service [Tomcat]
2024-10-18 16:15:58 INFO  o.a.catalina.core.StandardEngine - Starting Servlet engine: [Apache Tomcat/9.0.41]
2024-10-18 16:15:58 INFO  o.a.c.c.C.[Tomcat].[localhost].[/] - Initializing Spring embedded WebApplicationContext
2024-10-18 16:15:58 INFO  o.s.b.w.s.c.ServletWebServerApplicationContext - Root WebApplicationContext: initialization completed in 461 ms
2024-10-18 16:15:59 INFO  o.s.s.c.ThreadPoolTaskExecutor - Initializing ExecutorService 'applicationTaskExecutor'
2024-10-18 16:15:59 INFO  o.s.b.a.w.s.WelcomePageHandlerMapping - Adding welcome page: class path resource [static/index.html]
2024-10-18 16:15:59 WARN  o.t.templatemode.TemplateMode - [THYMELEAF][main] Template Mode 'HTML5' is deprecated. Using Template Mode 'HTML' instead.
2024-10-18 16:15:59 INFO  o.a.coyote.http11.Http11NioProtocol - Starting ProtocolHandler ["http-nio-8080"]
2024-10-18 16:15:59 INFO  o.s.b.w.e.tomcat.TomcatWebServer - Tomcat started on port(s): 8080 (http) with context path ''
2024-10-18 16:15:59 INFO  c.l.d.DdwyyDemo04Application - Started DdwyyDemo04Application in 1.0 seconds (JVM running for 1.499)
2024-10-18 16:16:00 INFO  o.a.c.c.C.[Tomcat].[localhost].[/] - Initializing Spring DispatcherServlet 'dispatcherServlet'
2024-10-18 16:16:00 INFO  o.s.web.servlet.DispatcherServlet - Initializing Servlet 'dispatcherServlet'
2024-10-18 16:16:00 INFO  o.s.web.servlet.DispatcherServlet - Completed initialization in 0 ms
2024-10-18 16:17:28 INFO  o.s.s.c.ThreadPoolTaskExecutor - Shutting down ExecutorService 'applicationTaskExecutor'
2024-10-18 16:17:32 INFO  c.l.d.DdwyyDemo04Application - Starting DdwyyDemo04Application using Java 1.8.0_391 on liushuige with PID 25280 (C:\ddwyy\testDevPortal\target\classes started by LJ in C:\ddwyy\testDevPortal)
2024-10-18 16:17:32 INFO  c.l.d.DdwyyDemo04Application - The following profiles are active: dev
2024-10-18 16:17:33 INFO  o.s.b.w.e.tomcat.TomcatWebServer - Tomcat initialized with port(s): 8080 (http)
2024-10-18 16:17:33 INFO  o.a.coyote.http11.Http11NioProtocol - Initializing ProtocolHandler ["http-nio-8080"]
2024-10-18 16:17:33 INFO  o.a.catalina.core.StandardService - Starting service [Tomcat]
2024-10-18 16:17:33 INFO  o.a.catalina.core.StandardEngine - Starting Servlet engine: [Apache Tomcat/9.0.41]
2024-10-18 16:17:33 INFO  o.a.c.c.C.[Tomcat].[localhost].[/] - Initializing Spring embedded WebApplicationContext
2024-10-18 16:17:33 INFO  o.s.b.w.s.c.ServletWebServerApplicationContext - Root WebApplicationContext: initialization completed in 503 ms
2024-10-18 16:17:33 INFO  o.s.s.c.ThreadPoolTaskExecutor - Initializing ExecutorService 'applicationTaskExecutor'
2024-10-18 16:17:33 INFO  o.s.b.a.w.s.WelcomePageHandlerMapping - Adding welcome page: class path resource [static/index.html]
2024-10-18 16:17:33 WARN  o.t.templatemode.TemplateMode - [THYMELEAF][main] Template Mode 'HTML5' is deprecated. Using Template Mode 'HTML' instead.
2024-10-18 16:17:33 INFO  o.a.coyote.http11.Http11NioProtocol - Starting ProtocolHandler ["http-nio-8080"]
2024-10-18 16:17:33 INFO  o.s.b.w.e.tomcat.TomcatWebServer - Tomcat started on port(s): 8080 (http) with context path ''
2024-10-18 16:17:33 INFO  c.l.d.DdwyyDemo04Application - Started DdwyyDemo04Application in 1.039 seconds (JVM running for 1.636)
2024-10-18 16:17:35 INFO  o.a.c.c.C.[Tomcat].[localhost].[/] - Initializing Spring DispatcherServlet 'dispatcherServlet'
2024-10-18 16:17:35 INFO  o.s.web.servlet.DispatcherServlet - Initializing Servlet 'dispatcherServlet'
2024-10-18 16:17:35 INFO  o.s.web.servlet.DispatcherServlet - Completed initialization in 0 ms
2024-10-18 16:18:58 INFO  o.s.s.c.ThreadPoolTaskExecutor - Shutting down ExecutorService 'applicationTaskExecutor'
2024-10-18 16:19:01 INFO  c.l.d.DdwyyDemo04Application - Starting DdwyyDemo04Application using Java 1.8.0_391 on liushuige with PID 28292 (C:\ddwyy\testDevPortal\target\classes started by LJ in C:\ddwyy\testDevPortal)
2024-10-18 16:19:01 INFO  c.l.d.DdwyyDemo04Application - The following profiles are active: dev
2024-10-18 16:19:02 INFO  o.s.b.w.e.tomcat.TomcatWebServer - Tomcat initialized with port(s): 8080 (http)
2024-10-18 16:19:02 INFO  o.a.coyote.http11.Http11NioProtocol - Initializing ProtocolHandler ["http-nio-8080"]
2024-10-18 16:19:02 INFO  o.a.catalina.core.StandardService - Starting service [Tomcat]
2024-10-18 16:19:02 INFO  o.a.catalina.core.StandardEngine - Starting Servlet engine: [Apache Tomcat/9.0.41]
2024-10-18 16:19:02 INFO  o.a.c.c.C.[Tomcat].[localhost].[/] - Initializing Spring embedded WebApplicationContext
2024-10-18 16:19:02 INFO  o.s.b.w.s.c.ServletWebServerApplicationContext - Root WebApplicationContext: initialization completed in 563 ms
2024-10-18 16:19:02 INFO  o.s.s.c.ThreadPoolTaskExecutor - Initializing ExecutorService 'applicationTaskExecutor'
2024-10-18 16:19:02 INFO  o.s.b.a.w.s.WelcomePageHandlerMapping - Adding welcome page: class path resource [static/index.html]
2024-10-18 16:19:02 WARN  o.t.templatemode.TemplateMode - [THYMELEAF][main] Template Mode 'HTML5' is deprecated. Using Template Mode 'HTML' instead.
2024-10-18 16:19:02 INFO  o.a.coyote.http11.Http11NioProtocol - Starting ProtocolHandler ["http-nio-8080"]
2024-10-18 16:19:02 INFO  o.s.b.w.e.tomcat.TomcatWebServer - Tomcat started on port(s): 8080 (http) with context path ''
2024-10-18 16:19:02 INFO  c.l.d.DdwyyDemo04Application - Started DdwyyDemo04Application in 1.168 seconds (JVM running for 1.78)
2024-10-18 16:19:07 INFO  o.a.c.c.C.[Tomcat].[localhost].[/] - Initializing Spring DispatcherServlet 'dispatcherServlet'
2024-10-18 16:19:07 INFO  o.s.web.servlet.DispatcherServlet - Initializing Servlet 'dispatcherServlet'
2024-10-18 16:19:07 INFO  o.s.web.servlet.DispatcherServlet - Completed initialization in 0 ms
2024-10-18 16:20:41 INFO  o.s.s.c.ThreadPoolTaskExecutor - Shutting down ExecutorService 'applicationTaskExecutor'
2024-10-18 16:20:45 INFO  c.l.d.DdwyyDemo04Application - Starting DdwyyDemo04Application using Java 1.8.0_391 on liushuige with PID 27104 (C:\ddwyy\testDevPortal\target\classes started by LJ in C:\ddwyy\testDevPortal)
2024-10-18 16:20:45 INFO  c.l.d.DdwyyDemo04Application - The following profiles are active: dev
2024-10-18 16:20:45 INFO  o.s.b.w.e.tomcat.TomcatWebServer - Tomcat initialized with port(s): 8080 (http)
2024-10-18 16:20:45 INFO  o.a.coyote.http11.Http11NioProtocol - Initializing ProtocolHandler ["http-nio-8080"]
2024-10-18 16:20:45 INFO  o.a.catalina.core.StandardService - Starting service [Tomcat]
2024-10-18 16:20:45 INFO  o.a.catalina.core.StandardEngine - Starting Servlet engine: [Apache Tomcat/9.0.41]
2024-10-18 16:20:45 INFO  o.a.c.c.C.[Tomcat].[localhost].[/] - Initializing Spring embedded WebApplicationContext
2024-10-18 16:20:45 INFO  o.s.b.w.s.c.ServletWebServerApplicationContext - Root WebApplicationContext: initialization completed in 508 ms
2024-10-18 16:20:46 INFO  o.s.s.c.ThreadPoolTaskExecutor - Initializing ExecutorService 'applicationTaskExecutor'
2024-10-18 16:20:46 INFO  o.s.b.a.w.s.WelcomePageHandlerMapping - Adding welcome page: class path resource [static/index.html]
2024-10-18 16:20:46 WARN  o.t.templatemode.TemplateMode - [THYMELEAF][main] Template Mode 'HTML5' is deprecated. Using Template Mode 'HTML' instead.
2024-10-18 16:20:46 INFO  o.a.coyote.http11.Http11NioProtocol - Starting ProtocolHandler ["http-nio-8080"]
2024-10-18 16:20:46 INFO  o.s.b.w.e.tomcat.TomcatWebServer - Tomcat started on port(s): 8080 (http) with context path ''
2024-10-18 16:20:46 INFO  c.l.d.DdwyyDemo04Application - Started DdwyyDemo04Application in 1.067 seconds (JVM running for 1.631)
2024-10-18 16:20:50 INFO  o.a.c.c.C.[Tomcat].[localhost].[/] - Initializing Spring DispatcherServlet 'dispatcherServlet'
2024-10-18 16:20:50 INFO  o.s.web.servlet.DispatcherServlet - Initializing Servlet 'dispatcherServlet'
2024-10-18 16:20:50 INFO  o.s.web.servlet.DispatcherServlet - Completed initialization in 0 ms
2024-10-18 16:21:10 INFO  o.s.s.c.ThreadPoolTaskExecutor - Shutting down ExecutorService 'applicationTaskExecutor'
2024-10-18 16:21:13 INFO  c.l.d.DdwyyDemo04Application - Starting DdwyyDemo04Application using Java 1.8.0_391 on liushuige with PID 20524 (C:\ddwyy\testDevPortal\target\classes started by LJ in C:\ddwyy\testDevPortal)
2024-10-18 16:21:13 INFO  c.l.d.DdwyyDemo04Application - The following profiles are active: dev
2024-10-18 16:21:13 INFO  o.s.b.w.e.tomcat.TomcatWebServer - Tomcat initialized with port(s): 8080 (http)
2024-10-18 16:21:13 INFO  o.a.coyote.http11.Http11NioProtocol - Initializing ProtocolHandler ["http-nio-8080"]
2024-10-18 16:21:13 INFO  o.a.catalina.core.StandardService - Starting service [Tomcat]
2024-10-18 16:21:13 INFO  o.a.catalina.core.StandardEngine - Starting Servlet engine: [Apache Tomcat/9.0.41]
2024-10-18 16:21:13 INFO  o.a.c.c.C.[Tomcat].[localhost].[/] - Initializing Spring embedded WebApplicationContext
2024-10-18 16:21:13 INFO  o.s.b.w.s.c.ServletWebServerApplicationContext - Root WebApplicationContext: initialization completed in 477 ms
2024-10-18 16:21:13 INFO  o.s.s.c.ThreadPoolTaskExecutor - Initializing ExecutorService 'applicationTaskExecutor'
2024-10-18 16:21:13 INFO  o.s.b.a.w.s.WelcomePageHandlerMapping - Adding welcome page: class path resource [static/index.html]
2024-10-18 16:21:13 WARN  o.t.templatemode.TemplateMode - [THYMELEAF][main] Template Mode 'HTML5' is deprecated. Using Template Mode 'HTML' instead.
2024-10-18 16:21:13 INFO  o.a.coyote.http11.Http11NioProtocol - Starting ProtocolHandler ["http-nio-8080"]
2024-10-18 16:21:13 INFO  o.s.b.w.e.tomcat.TomcatWebServer - Tomcat started on port(s): 8080 (http) with context path ''
2024-10-18 16:21:13 INFO  c.l.d.DdwyyDemo04Application - Started DdwyyDemo04Application in 1.029 seconds (JVM running for 1.572)
2024-10-18 16:21:14 INFO  o.a.c.c.C.[Tomcat].[localhost].[/] - Initializing Spring DispatcherServlet 'dispatcherServlet'
2024-10-18 16:21:14 INFO  o.s.web.servlet.DispatcherServlet - Initializing Servlet 'dispatcherServlet'
2024-10-18 16:21:14 INFO  o.s.web.servlet.DispatcherServlet - Completed initialization in 1 ms
2024-10-18 16:23:25 INFO  o.s.s.c.ThreadPoolTaskExecutor - Shutting down ExecutorService 'applicationTaskExecutor'
2024-10-18 16:23:29 INFO  c.l.d.DdwyyDemo04Application - Starting DdwyyDemo04Application using Java 1.8.0_391 on liushuige with PID 25932 (C:\ddwyy\testDevPortal\target\classes started by LJ in C:\ddwyy\testDevPortal)
2024-10-18 16:23:29 INFO  c.l.d.DdwyyDemo04Application - The following profiles are active: dev
2024-10-18 16:23:30 INFO  o.s.b.w.e.tomcat.TomcatWebServer - Tomcat initialized with port(s): 8080 (http)
2024-10-18 16:23:30 INFO  o.a.coyote.http11.Http11NioProtocol - Initializing ProtocolHandler ["http-nio-8080"]
2024-10-18 16:23:30 INFO  o.a.catalina.core.StandardService - Starting service [Tomcat]
2024-10-18 16:23:30 INFO  o.a.catalina.core.StandardEngine - Starting Servlet engine: [Apache Tomcat/9.0.41]
2024-10-18 16:23:30 INFO  o.a.c.c.C.[Tomcat].[localhost].[/] - Initializing Spring embedded WebApplicationContext
2024-10-18 16:23:30 INFO  o.s.b.w.s.c.ServletWebServerApplicationContext - Root WebApplicationContext: initialization completed in 516 ms
2024-10-18 16:23:30 INFO  o.s.s.c.ThreadPoolTaskExecutor - Initializing ExecutorService 'applicationTaskExecutor'
2024-10-18 16:23:30 INFO  o.s.b.a.w.s.WelcomePageHandlerMapping - Adding welcome page: class path resource [static/index.html]
2024-10-18 16:23:30 WARN  o.t.templatemode.TemplateMode - [THYMELEAF][main] Template Mode 'HTML5' is deprecated. Using Template Mode 'HTML' instead.
2024-10-18 16:23:30 INFO  o.a.coyote.http11.Http11NioProtocol - Starting ProtocolHandler ["http-nio-8080"]
2024-10-18 16:23:30 INFO  o.s.b.w.e.tomcat.TomcatWebServer - Tomcat started on port(s): 8080 (http) with context path ''
2024-10-18 16:23:30 INFO  c.l.d.DdwyyDemo04Application - Started DdwyyDemo04Application in 1.096 seconds (JVM running for 1.773)
2024-10-18 16:23:32 INFO  o.a.c.c.C.[Tomcat].[localhost].[/] - Initializing Spring DispatcherServlet 'dispatcherServlet'
2024-10-18 16:23:32 INFO  o.s.web.servlet.DispatcherServlet - Initializing Servlet 'dispatcherServlet'
2024-10-18 16:23:32 INFO  o.s.web.servlet.DispatcherServlet - Completed initialization in 0 ms
2024-10-18 16:24:47 INFO  o.s.s.c.ThreadPoolTaskExecutor - Shutting down ExecutorService 'applicationTaskExecutor'
2024-10-18 16:24:50 INFO  c.l.d.DdwyyDemo04Application - Starting DdwyyDemo04Application using Java 1.8.0_391 on liushuige with PID 12084 (C:\ddwyy\testDevPortal\target\classes started by LJ in C:\ddwyy\testDevPortal)
2024-10-18 16:24:50 INFO  c.l.d.DdwyyDemo04Application - The following profiles are active: dev
2024-10-18 16:24:50 INFO  o.s.b.w.e.tomcat.TomcatWebServer - Tomcat initialized with port(s): 8080 (http)
2024-10-18 16:24:50 INFO  o.a.coyote.http11.Http11NioProtocol - Initializing ProtocolHandler ["http-nio-8080"]
2024-10-18 16:24:50 INFO  o.a.catalina.core.StandardService - Starting service [Tomcat]
2024-10-18 16:24:50 INFO  o.a.catalina.core.StandardEngine - Starting Servlet engine: [Apache Tomcat/9.0.41]
2024-10-18 16:24:50 INFO  o.a.c.c.C.[Tomcat].[localhost].[/] - Initializing Spring embedded WebApplicationContext
2024-10-18 16:24:50 INFO  o.s.b.w.s.c.ServletWebServerApplicationContext - Root WebApplicationContext: initialization completed in 483 ms
2024-10-18 16:24:50 INFO  o.s.s.c.ThreadPoolTaskExecutor - Initializing ExecutorService 'applicationTaskExecutor'
2024-10-18 16:24:50 INFO  o.s.b.a.w.s.WelcomePageHandlerMapping - Adding welcome page: class path resource [static/index.html]
2024-10-18 16:24:50 WARN  o.t.templatemode.TemplateMode - [THYMELEAF][main] Template Mode 'HTML5' is deprecated. Using Template Mode 'HTML' instead.
2024-10-18 16:24:50 INFO  o.a.coyote.http11.Http11NioProtocol - Starting ProtocolHandler ["http-nio-8080"]
2024-10-18 16:24:50 INFO  o.s.b.w.e.tomcat.TomcatWebServer - Tomcat started on port(s): 8080 (http) with context path ''
2024-10-18 16:24:50 INFO  c.l.d.DdwyyDemo04Application - Started DdwyyDemo04Application in 1.046 seconds (JVM running for 1.564)
2024-10-18 16:24:54 INFO  o.a.c.c.C.[Tomcat].[localhost].[/] - Initializing Spring DispatcherServlet 'dispatcherServlet'
2024-10-18 16:24:54 INFO  o.s.web.servlet.DispatcherServlet - Initializing Servlet 'dispatcherServlet'
2024-10-18 16:24:54 INFO  o.s.web.servlet.DispatcherServlet - Completed initialization in 1 ms
2024-10-18 16:26:29 INFO  o.s.s.c.ThreadPoolTaskExecutor - Shutting down ExecutorService 'applicationTaskExecutor'
2024-10-18 16:26:33 INFO  c.l.d.DdwyyDemo04Application - Starting DdwyyDemo04Application using Java 1.8.0_391 on liushuige with PID 5000 (C:\ddwyy\testDevPortal\target\classes started by LJ in C:\ddwyy\testDevPortal)
2024-10-18 16:26:33 INFO  c.l.d.DdwyyDemo04Application - The following profiles are active: dev
2024-10-18 16:26:33 INFO  o.s.b.w.e.tomcat.TomcatWebServer - Tomcat initialized with port(s): 8080 (http)
2024-10-18 16:26:33 INFO  o.a.coyote.http11.Http11NioProtocol - Initializing ProtocolHandler ["http-nio-8080"]
2024-10-18 16:26:33 INFO  o.a.catalina.core.StandardService - Starting service [Tomcat]
2024-10-18 16:26:33 INFO  o.a.catalina.core.StandardEngine - Starting Servlet engine: [Apache Tomcat/9.0.41]
2024-10-18 16:26:33 INFO  o.a.c.c.C.[Tomcat].[localhost].[/] - Initializing Spring embedded WebApplicationContext
2024-10-18 16:26:33 INFO  o.s.b.w.s.c.ServletWebServerApplicationContext - Root WebApplicationContext: initialization completed in 549 ms
2024-10-18 16:26:34 INFO  o.s.s.c.ThreadPoolTaskExecutor - Initializing ExecutorService 'applicationTaskExecutor'
2024-10-18 16:26:34 INFO  o.s.b.a.w.s.WelcomePageHandlerMapping - Adding welcome page: class path resource [static/index.html]
2024-10-18 16:26:34 WARN  o.t.templatemode.TemplateMode - [THYMELEAF][main] Template Mode 'HTML5' is deprecated. Using Template Mode 'HTML' instead.
2024-10-18 16:26:34 INFO  o.a.coyote.http11.Http11NioProtocol - Starting ProtocolHandler ["http-nio-8080"]
2024-10-18 16:26:34 INFO  o.s.b.w.e.tomcat.TomcatWebServer - Tomcat started on port(s): 8080 (http) with context path ''
2024-10-18 16:26:34 INFO  c.l.d.DdwyyDemo04Application - Started DdwyyDemo04Application in 1.105 seconds (JVM running for 1.676)
2024-10-18 16:26:34 INFO  o.a.c.c.C.[Tomcat].[localhost].[/] - Initializing Spring DispatcherServlet 'dispatcherServlet'
2024-10-18 16:26:34 INFO  o.s.web.servlet.DispatcherServlet - Initializing Servlet 'dispatcherServlet'
2024-10-18 16:26:34 INFO  o.s.web.servlet.DispatcherServlet - Completed initialization in 0 ms
2024-10-18 16:32:40 INFO  o.s.s.c.ThreadPoolTaskExecutor - Shutting down ExecutorService 'applicationTaskExecutor'
2024-10-18 16:35:49 INFO  c.l.d.DdwyyDemo04Application - Starting DdwyyDemo04Application using Java 1.8.0_391 on liushuige with PID 39836 (C:\ddwyy\testDevPortal\target\classes started by LJ in C:\ddwyy\testDevPortal)
2024-10-18 16:35:49 INFO  c.l.d.DdwyyDemo04Application - The following profiles are active: dev
2024-10-18 16:35:50 INFO  o.s.b.w.e.tomcat.TomcatWebServer - Tomcat initialized with port(s): 8080 (http)
2024-10-18 16:35:50 INFO  o.a.coyote.http11.Http11NioProtocol - Initializing ProtocolHandler ["http-nio-8080"]
2024-10-18 16:35:50 INFO  o.a.catalina.core.StandardService - Starting service [Tomcat]
2024-10-18 16:35:50 INFO  o.a.catalina.core.StandardEngine - Starting Servlet engine: [Apache Tomcat/9.0.41]
2024-10-18 16:35:50 INFO  o.a.c.c.C.[Tomcat].[localhost].[/] - Initializing Spring embedded WebApplicationContext
2024-10-18 16:35:50 INFO  o.s.b.w.s.c.ServletWebServerApplicationContext - Root WebApplicationContext: initialization completed in 498 ms
2024-10-18 16:35:50 INFO  o.s.s.c.ThreadPoolTaskExecutor - Initializing ExecutorService 'applicationTaskExecutor'
2024-10-18 16:35:50 INFO  o.s.b.a.w.s.WelcomePageHandlerMapping - Adding welcome page: class path resource [static/index.html]
2024-10-18 16:35:50 WARN  o.t.templatemode.TemplateMode - [THYMELEAF][main] Template Mode 'HTML5' is deprecated. Using Template Mode 'HTML' instead.
2024-10-18 16:35:50 INFO  o.a.coyote.http11.Http11NioProtocol - Starting ProtocolHandler ["http-nio-8080"]
2024-10-18 16:35:50 INFO  o.s.b.w.e.tomcat.TomcatWebServer - Tomcat started on port(s): 8080 (http) with context path ''
2024-10-18 16:35:50 INFO  c.l.d.DdwyyDemo04Application - Started DdwyyDemo04Application in 1.046 seconds (JVM running for 1.531)
2024-10-18 16:35:52 INFO  o.a.c.c.C.[Tomcat].[localhost].[/] - Initializing Spring DispatcherServlet 'dispatcherServlet'
2024-10-18 16:35:52 INFO  o.s.web.servlet.DispatcherServlet - Initializing Servlet 'dispatcherServlet'
2024-10-18 16:35:52 INFO  o.s.web.servlet.DispatcherServlet - Completed initialization in 0 ms
2024-10-18 16:36:18 INFO  o.s.s.c.ThreadPoolTaskExecutor - Shutting down ExecutorService 'applicationTaskExecutor'
2024-10-18 16:36:22 INFO  c.l.d.DdwyyDemo04Application - Starting DdwyyDemo04Application using Java 1.8.0_391 on liushuige with PID 14820 (C:\ddwyy\testDevPortal\target\classes started by LJ in C:\ddwyy\testDevPortal)
2024-10-18 16:36:22 INFO  c.l.d.DdwyyDemo04Application - The following profiles are active: dev
2024-10-18 16:36:23 INFO  o.s.b.w.e.tomcat.TomcatWebServer - Tomcat initialized with port(s): 8080 (http)
2024-10-18 16:36:23 INFO  o.a.coyote.http11.Http11NioProtocol - Initializing ProtocolHandler ["http-nio-8080"]
2024-10-18 16:36:23 INFO  o.a.catalina.core.StandardService - Starting service [Tomcat]
2024-10-18 16:36:23 INFO  o.a.catalina.core.StandardEngine - Starting Servlet engine: [Apache Tomcat/9.0.41]
2024-10-18 16:36:23 INFO  o.a.c.c.C.[Tomcat].[localhost].[/] - Initializing Spring embedded WebApplicationContext
2024-10-18 16:36:23 INFO  o.s.b.w.s.c.ServletWebServerApplicationContext - Root WebApplicationContext: initialization completed in 481 ms
2024-10-18 16:36:23 INFO  o.s.s.c.ThreadPoolTaskExecutor - Initializing ExecutorService 'applicationTaskExecutor'
2024-10-18 16:36:23 INFO  o.s.b.a.w.s.WelcomePageHandlerMapping - Adding welcome page: class path resource [static/index.html]
2024-10-18 16:36:23 WARN  o.t.templatemode.TemplateMode - [THYMELEAF][main] Template Mode 'HTML5' is deprecated. Using Template Mode 'HTML' instead.
2024-10-18 16:36:23 INFO  o.a.coyote.http11.Http11NioProtocol - Starting ProtocolHandler ["http-nio-8080"]
2024-10-18 16:36:23 INFO  o.s.b.w.e.tomcat.TomcatWebServer - Tomcat started on port(s): 8080 (http) with context path ''
2024-10-18 16:36:23 INFO  c.l.d.DdwyyDemo04Application - Started DdwyyDemo04Application in 1.042 seconds (JVM running for 1.594)
2024-10-18 16:36:26 INFO  o.a.c.c.C.[Tomcat].[localhost].[/] - Initializing Spring DispatcherServlet 'dispatcherServlet'
2024-10-18 16:36:26 INFO  o.s.web.servlet.DispatcherServlet - Initializing Servlet 'dispatcherServlet'
2024-10-18 16:36:26 INFO  o.s.web.servlet.DispatcherServlet - Completed initialization in 0 ms
2024-10-18 16:47:51 INFO  o.s.s.c.ThreadPoolTaskExecutor - Shutting down ExecutorService 'applicationTaskExecutor'
2024-10-18 16:47:54 INFO  c.l.d.DdwyyDemo04Application - Starting DdwyyDemo04Application using Java 1.8.0_391 on liushuige with PID 23964 (C:\ddwyy\testDevPortal\target\classes started by LJ in C:\ddwyy\testDevPortal)
2024-10-18 16:47:54 INFO  c.l.d.DdwyyDemo04Application - The following profiles are active: dev
2024-10-18 16:47:54 INFO  o.s.b.w.e.tomcat.TomcatWebServer - Tomcat initialized with port(s): 8080 (http)
2024-10-18 16:47:54 INFO  o.a.coyote.http11.Http11NioProtocol - Initializing ProtocolHandler ["http-nio-8080"]
2024-10-18 16:47:54 INFO  o.a.catalina.core.StandardService - Starting service [Tomcat]
2024-10-18 16:47:54 INFO  o.a.catalina.core.StandardEngine - Starting Servlet engine: [Apache Tomcat/9.0.41]
2024-10-18 16:47:54 INFO  o.a.c.c.C.[Tomcat].[localhost].[/] - Initializing Spring embedded WebApplicationContext
2024-10-18 16:47:54 INFO  o.s.b.w.s.c.ServletWebServerApplicationContext - Root WebApplicationContext: initialization completed in 587 ms
2024-10-18 16:47:55 INFO  o.s.s.c.ThreadPoolTaskExecutor - Initializing ExecutorService 'applicationTaskExecutor'
2024-10-18 16:47:55 INFO  o.s.b.a.w.s.WelcomePageHandlerMapping - Adding welcome page: class path resource [static/index.html]
2024-10-18 16:47:55 WARN  o.t.templatemode.TemplateMode - [THYMELEAF][main] Template Mode 'HTML5' is deprecated. Using Template Mode 'HTML' instead.
2024-10-18 16:47:55 INFO  o.a.coyote.http11.Http11NioProtocol - Starting ProtocolHandler ["http-nio-8080"]
2024-10-18 16:47:55 INFO  o.s.b.w.e.tomcat.TomcatWebServer - Tomcat started on port(s): 8080 (http) with context path ''
2024-10-18 16:47:55 INFO  c.l.d.DdwyyDemo04Application - Started DdwyyDemo04Application in 1.208 seconds (JVM running for 1.762)
2024-10-18 16:53:07 INFO  o.s.s.c.ThreadPoolTaskExecutor - Shutting down ExecutorService 'applicationTaskExecutor'
2024-10-18 16:53:10 INFO  c.l.d.DdwyyDemo04Application - Starting DdwyyDemo04Application using Java 1.8.0_391 on liushuige with PID 23600 (C:\ddwyy\testDevPortal\target\classes started by LJ in C:\ddwyy\testDevPortal)
2024-10-18 16:53:10 INFO  c.l.d.DdwyyDemo04Application - The following profiles are active: dev
2024-10-18 16:53:11 INFO  o.s.b.w.e.tomcat.TomcatWebServer - Tomcat initialized with port(s): 8080 (http)
2024-10-18 16:53:11 INFO  o.a.coyote.http11.Http11NioProtocol - Initializing ProtocolHandler ["http-nio-8080"]
2024-10-18 16:53:11 INFO  o.a.catalina.core.StandardService - Starting service [Tomcat]
2024-10-18 16:53:11 INFO  o.a.catalina.core.StandardEngine - Starting Servlet engine: [Apache Tomcat/9.0.41]
2024-10-18 16:53:11 INFO  o.a.c.c.C.[Tomcat].[localhost].[/] - Initializing Spring embedded WebApplicationContext
2024-10-18 16:53:11 INFO  o.s.b.w.s.c.ServletWebServerApplicationContext - Root WebApplicationContext: initialization completed in 490 ms
2024-10-18 16:53:11 INFO  o.s.s.c.ThreadPoolTaskExecutor - Initializing ExecutorService 'applicationTaskExecutor'
2024-10-18 16:53:11 INFO  o.s.b.a.w.s.WelcomePageHandlerMapping - Adding welcome page: class path resource [static/index.html]
2024-10-18 16:53:11 WARN  o.t.templatemode.TemplateMode - [THYMELEAF][main] Template Mode 'HTML5' is deprecated. Using Template Mode 'HTML' instead.
2024-10-18 16:53:11 INFO  o.a.coyote.http11.Http11NioProtocol - Starting ProtocolHandler ["http-nio-8080"]
2024-10-18 16:53:11 INFO  o.s.b.w.e.tomcat.TomcatWebServer - Tomcat started on port(s): 8080 (http) with context path ''
2024-10-18 16:53:11 INFO  c.l.d.DdwyyDemo04Application - Started DdwyyDemo04Application in 1.039 seconds (JVM running for 1.575)
2024-10-18 16:55:20 INFO  o.a.c.c.C.[Tomcat].[localhost].[/] - Initializing Spring DispatcherServlet 'dispatcherServlet'
2024-10-18 16:55:20 INFO  o.s.web.servlet.DispatcherServlet - Initializing Servlet 'dispatcherServlet'
2024-10-18 16:55:20 INFO  o.s.web.servlet.DispatcherServlet - Completed initialization in 0 ms
2024-10-18 16:59:19 INFO  o.s.s.c.ThreadPoolTaskExecutor - Shutting down ExecutorService 'applicationTaskExecutor'
2024-10-18 16:59:22 INFO  c.l.d.DdwyyDemo04Application - Starting DdwyyDemo04Application using Java 1.8.0_391 on liushuige with PID 34784 (C:\ddwyy\testDevPortal\target\classes started by LJ in C:\ddwyy\testDevPortal)
2024-10-18 16:59:22 INFO  c.l.d.DdwyyDemo04Application - The following profiles are active: dev
2024-10-18 16:59:22 INFO  o.s.b.w.e.tomcat.TomcatWebServer - Tomcat initialized with port(s): 8080 (http)
2024-10-18 16:59:22 INFO  o.a.coyote.http11.Http11NioProtocol - Initializing ProtocolHandler ["http-nio-8080"]
2024-10-18 16:59:22 INFO  o.a.catalina.core.StandardService - Starting service [Tomcat]
2024-10-18 16:59:22 INFO  o.a.catalina.core.StandardEngine - Starting Servlet engine: [Apache Tomcat/9.0.41]
2024-10-18 16:59:22 INFO  o.a.c.c.C.[Tomcat].[localhost].[/] - Initializing Spring embedded WebApplicationContext
2024-10-18 16:59:22 INFO  o.s.b.w.s.c.ServletWebServerApplicationContext - Root WebApplicationContext: initialization completed in 520 ms
2024-10-18 16:59:22 INFO  o.s.s.c.ThreadPoolTaskExecutor - Initializing ExecutorService 'applicationTaskExecutor'
2024-10-18 16:59:22 INFO  o.s.b.a.w.s.WelcomePageHandlerMapping - Adding welcome page: class path resource [static/index.html]
2024-10-18 16:59:22 WARN  o.t.templatemode.TemplateMode - [THYMELEAF][main] Template Mode 'HTML5' is deprecated. Using Template Mode 'HTML' instead.
2024-10-18 16:59:22 INFO  o.a.coyote.http11.Http11NioProtocol - Starting ProtocolHandler ["http-nio-8080"]
2024-10-18 16:59:22 INFO  o.s.b.w.e.tomcat.TomcatWebServer - Tomcat started on port(s): 8080 (http) with context path ''
2024-10-18 16:59:22 INFO  c.l.d.DdwyyDemo04Application - Started DdwyyDemo04Application in 1.108 seconds (JVM running for 1.67)
2024-10-18 16:59:26 INFO  o.a.c.c.C.[Tomcat].[localhost].[/] - Initializing Spring DispatcherServlet 'dispatcherServlet'
2024-10-18 16:59:26 INFO  o.s.web.servlet.DispatcherServlet - Initializing Servlet 'dispatcherServlet'
2024-10-18 16:59:26 INFO  o.s.web.servlet.DispatcherServlet - Completed initialization in 0 ms
2024-10-18 17:16:32 INFO  o.s.s.c.ThreadPoolTaskExecutor - Shutting down ExecutorService 'applicationTaskExecutor'
2024-10-18 17:16:35 INFO  c.l.d.DdwyyDemo04Application - Starting DdwyyDemo04Application using Java 1.8.0_391 on liushuige with PID 23268 (C:\ddwyy\testDevPortal\target\classes started by LJ in C:\ddwyy\testDevPortal)
2024-10-18 17:16:35 INFO  c.l.d.DdwyyDemo04Application - The following profiles are active: dev
2024-10-18 17:16:36 INFO  o.s.b.w.e.tomcat.TomcatWebServer - Tomcat initialized with port(s): 8080 (http)
2024-10-18 17:16:36 INFO  o.a.coyote.http11.Http11NioProtocol - Initializing ProtocolHandler ["http-nio-8080"]
2024-10-18 17:16:36 INFO  o.a.catalina.core.StandardService - Starting service [Tomcat]
2024-10-18 17:16:36 INFO  o.a.catalina.core.StandardEngine - Starting Servlet engine: [Apache Tomcat/9.0.41]
2024-10-18 17:16:36 INFO  o.a.c.c.C.[Tomcat].[localhost].[/] - Initializing Spring embedded WebApplicationContext
2024-10-18 17:16:36 INFO  o.s.b.w.s.c.ServletWebServerApplicationContext - Root WebApplicationContext: initialization completed in 492 ms
2024-10-18 17:16:36 INFO  o.s.s.c.ThreadPoolTaskExecutor - Initializing ExecutorService 'applicationTaskExecutor'
2024-10-18 17:16:36 INFO  o.s.b.a.w.s.WelcomePageHandlerMapping - Adding welcome page: class path resource [static/index.html]
2024-10-18 17:16:36 WARN  o.t.templatemode.TemplateMode - [THYMELEAF][main] Template Mode 'HTML5' is deprecated. Using Template Mode 'HTML' instead.
2024-10-18 17:16:36 INFO  o.a.coyote.http11.Http11NioProtocol - Starting ProtocolHandler ["http-nio-8080"]
2024-10-18 17:16:36 INFO  o.s.b.w.e.tomcat.TomcatWebServer - Tomcat started on port(s): 8080 (http) with context path ''
2024-10-18 17:16:36 INFO  c.l.d.DdwyyDemo04Application - Started DdwyyDemo04Application in 1.082 seconds (JVM running for 1.639)
2024-10-18 17:22:02 INFO  o.a.c.c.C.[Tomcat].[localhost].[/] - Initializing Spring DispatcherServlet 'dispatcherServlet'
2024-10-18 17:22:02 INFO  o.s.web.servlet.DispatcherServlet - Initializing Servlet 'dispatcherServlet'
2024-10-18 17:22:02 INFO  o.s.web.servlet.DispatcherServlet - Completed initialization in 0 ms
2024-10-18 17:22:40 INFO  o.s.s.c.ThreadPoolTaskExecutor - Shutting down ExecutorService 'applicationTaskExecutor'
2024-10-18 17:22:43 INFO  c.l.d.DdwyyDemo04Application - Starting DdwyyDemo04Application using Java 1.8.0_391 on liushuige with PID 37624 (C:\ddwyy\testDevPortal\target\classes started by LJ in C:\ddwyy\testDevPortal)
2024-10-18 17:22:43 INFO  c.l.d.DdwyyDemo04Application - The following profiles are active: dev
2024-10-18 17:22:44 INFO  o.s.b.w.e.tomcat.TomcatWebServer - Tomcat initialized with port(s): 8080 (http)
2024-10-18 17:22:44 INFO  o.a.coyote.http11.Http11NioProtocol - Initializing ProtocolHandler ["http-nio-8080"]
2024-10-18 17:22:44 INFO  o.a.catalina.core.StandardService - Starting service [Tomcat]
2024-10-18 17:22:44 INFO  o.a.catalina.core.StandardEngine - Starting Servlet engine: [Apache Tomcat/9.0.41]
2024-10-18 17:22:44 INFO  o.a.c.c.C.[Tomcat].[localhost].[/] - Initializing Spring embedded WebApplicationContext
2024-10-18 17:22:44 INFO  o.s.b.w.s.c.ServletWebServerApplicationContext - Root WebApplicationContext: initialization completed in 491 ms
2024-10-18 17:22:44 INFO  o.s.s.c.ThreadPoolTaskExecutor - Initializing ExecutorService 'applicationTaskExecutor'
2024-10-18 17:22:44 INFO  o.s.b.a.w.s.WelcomePageHandlerMapping - Adding welcome page: class path resource [static/index.html]
2024-10-18 17:22:44 WARN  o.t.templatemode.TemplateMode - [THYMELEAF][main] Template Mode 'HTML5' is deprecated. Using Template Mode 'HTML' instead.
2024-10-18 17:22:44 INFO  o.a.coyote.http11.Http11NioProtocol - Starting ProtocolHandler ["http-nio-8080"]
2024-10-18 17:22:44 INFO  o.s.b.w.e.tomcat.TomcatWebServer - Tomcat started on port(s): 8080 (http) with context path ''
2024-10-18 17:22:44 INFO  c.l.d.DdwyyDemo04Application - Started DdwyyDemo04Application in 1.064 seconds (JVM running for 1.595)
2024-10-18 17:23:27 INFO  o.a.c.c.C.[Tomcat].[localhost].[/] - Initializing Spring DispatcherServlet 'dispatcherServlet'
2024-10-18 17:23:27 INFO  o.s.web.servlet.DispatcherServlet - Initializing Servlet 'dispatcherServlet'
2024-10-18 17:23:27 INFO  o.s.web.servlet.DispatcherServlet - Completed initialization in 0 ms
2024-10-18 17:34:07 INFO  o.s.s.c.ThreadPoolTaskExecutor - Shutting down ExecutorService 'applicationTaskExecutor'
2024-10-18 17:34:11 INFO  c.l.d.DdwyyDemo04Application - Starting DdwyyDemo04Application using Java 1.8.0_391 on liushuige with PID 5348 (C:\ddwyy\testDevPortal\target\classes started by LJ in C:\ddwyy\testDevPortal)
2024-10-18 17:34:11 INFO  c.l.d.DdwyyDemo04Application - The following profiles are active: dev
2024-10-18 17:34:12 INFO  o.s.b.w.e.tomcat.TomcatWebServer - Tomcat initialized with port(s): 8080 (http)
2024-10-18 17:34:12 INFO  o.a.coyote.http11.Http11NioProtocol - Initializing ProtocolHandler ["http-nio-8080"]
2024-10-18 17:34:12 INFO  o.a.catalina.core.StandardService - Starting service [Tomcat]
2024-10-18 17:34:12 INFO  o.a.catalina.core.StandardEngine - Starting Servlet engine: [Apache Tomcat/9.0.41]
2024-10-18 17:34:12 INFO  o.a.c.c.C.[Tomcat].[localhost].[/] - Initializing Spring embedded WebApplicationContext
2024-10-18 17:34:12 INFO  o.s.b.w.s.c.ServletWebServerApplicationContext - Root WebApplicationContext: initialization completed in 546 ms
2024-10-18 17:34:12 INFO  o.s.s.c.ThreadPoolTaskExecutor - Initializing ExecutorService 'applicationTaskExecutor'
2024-10-18 17:34:12 INFO  o.s.b.a.w.s.WelcomePageHandlerMapping - Adding welcome page: class path resource [static/index.html]
2024-10-18 17:34:12 WARN  o.t.templatemode.TemplateMode - [THYMELEAF][main] Template Mode 'HTML5' is deprecated. Using Template Mode 'HTML' instead.
2024-10-18 17:34:12 INFO  o.a.coyote.http11.Http11NioProtocol - Starting ProtocolHandler ["http-nio-8080"]
2024-10-18 17:34:12 INFO  o.s.b.w.e.tomcat.TomcatWebServer - Tomcat started on port(s): 8080 (http) with context path ''
2024-10-18 17:34:12 INFO  c.l.d.DdwyyDemo04Application - Started DdwyyDemo04Application in 1.137 seconds (JVM running for 1.849)
2024-10-18 17:34:16 INFO  o.a.c.c.C.[Tomcat].[localhost].[/] - Initializing Spring DispatcherServlet 'dispatcherServlet'
2024-10-18 17:34:16 INFO  o.s.web.servlet.DispatcherServlet - Initializing Servlet 'dispatcherServlet'
2024-10-18 17:34:16 INFO  o.s.web.servlet.DispatcherServlet - Completed initialization in 0 ms
2024-10-18 17:35:25 INFO  o.s.s.c.ThreadPoolTaskExecutor - Shutting down ExecutorService 'applicationTaskExecutor'
2024-10-18 17:35:29 INFO  c.l.d.DdwyyDemo04Application - Starting DdwyyDemo04Application using Java 1.8.0_391 on liushuige with PID 10280 (C:\ddwyy\testDevPortal\target\classes started by LJ in C:\ddwyy\testDevPortal)
2024-10-18 17:35:29 INFO  c.l.d.DdwyyDemo04Application - The following profiles are active: dev
2024-10-18 17:35:30 INFO  o.s.b.w.e.tomcat.TomcatWebServer - Tomcat initialized with port(s): 8080 (http)
2024-10-18 17:35:30 INFO  o.a.coyote.http11.Http11NioProtocol - Initializing ProtocolHandler ["http-nio-8080"]
2024-10-18 17:35:30 INFO  o.a.catalina.core.StandardService - Starting service [Tomcat]
2024-10-18 17:35:30 INFO  o.a.catalina.core.StandardEngine - Starting Servlet engine: [Apache Tomcat/9.0.41]
2024-10-18 17:35:30 INFO  o.a.c.c.C.[Tomcat].[localhost].[/] - Initializing Spring embedded WebApplicationContext
2024-10-18 17:35:30 INFO  o.s.b.w.s.c.ServletWebServerApplicationContext - Root WebApplicationContext: initialization completed in 534 ms
2024-10-18 17:35:30 INFO  o.s.s.c.ThreadPoolTaskExecutor - Initializing ExecutorService 'applicationTaskExecutor'
2024-10-18 17:35:30 INFO  o.s.b.a.w.s.WelcomePageHandlerMapping - Adding welcome page: class path resource [static/index.html]
2024-10-18 17:35:30 WARN  o.t.templatemode.TemplateMode - [THYMELEAF][main] Template Mode 'HTML5' is deprecated. Using Template Mode 'HTML' instead.
2024-10-18 17:35:30 INFO  o.a.coyote.http11.Http11NioProtocol - Starting ProtocolHandler ["http-nio-8080"]
2024-10-18 17:35:30 INFO  o.s.b.w.e.tomcat.TomcatWebServer - Tomcat started on port(s): 8080 (http) with context path ''
2024-10-18 17:35:30 INFO  c.l.d.DdwyyDemo04Application - Started DdwyyDemo04Application in 1.105 seconds (JVM running for 1.693)
2024-10-18 17:36:14 INFO  o.a.c.c.C.[Tomcat].[localhost].[/] - Initializing Spring DispatcherServlet 'dispatcherServlet'
2024-10-18 17:36:14 INFO  o.s.web.servlet.DispatcherServlet - Initializing Servlet 'dispatcherServlet'
2024-10-18 17:36:14 INFO  o.s.web.servlet.DispatcherServlet - Completed initialization in 0 ms
2024-10-18 17:36:34 INFO  o.s.s.c.ThreadPoolTaskExecutor - Shutting down ExecutorService 'applicationTaskExecutor'
2024-10-18 17:44:38 INFO  c.l.d.DdwyyDemo04Application - Starting DdwyyDemo04Application using Java 1.8.0_391 on liushuige with PID 39320 (C:\ddwyy\testDevPortal\target\classes started by LJ in C:\ddwyy\testDevPortal)
2024-10-18 17:44:38 INFO  c.l.d.DdwyyDemo04Application - The following profiles are active: dev
2024-10-18 17:44:38 INFO  o.s.b.w.e.tomcat.TomcatWebServer - Tomcat initialized with port(s): 8080 (http)
2024-10-18 17:44:38 INFO  o.a.coyote.http11.Http11NioProtocol - Initializing ProtocolHandler ["http-nio-8080"]
2024-10-18 17:44:38 INFO  o.a.catalina.core.StandardService - Starting service [Tomcat]
2024-10-18 17:44:38 INFO  o.a.catalina.core.StandardEngine - Starting Servlet engine: [Apache Tomcat/9.0.41]
2024-10-18 17:44:38 INFO  o.a.c.c.C.[Tomcat].[localhost].[/] - Initializing Spring embedded WebApplicationContext
2024-10-18 17:44:38 INFO  o.s.b.w.s.c.ServletWebServerApplicationContext - Root WebApplicationContext: initialization completed in 520 ms
2024-10-18 17:44:38 INFO  o.s.s.c.ThreadPoolTaskExecutor - Initializing ExecutorService 'applicationTaskExecutor'
2024-10-18 17:44:38 INFO  o.s.b.a.w.s.WelcomePageHandlerMapping - Adding welcome page: class path resource [static/index.html]
2024-10-18 17:44:38 WARN  o.t.templatemode.TemplateMode - [THYMELEAF][main] Template Mode 'HTML5' is deprecated. Using Template Mode 'HTML' instead.
2024-10-18 17:44:38 INFO  o.a.coyote.http11.Http11NioProtocol - Starting ProtocolHandler ["http-nio-8080"]
2024-10-18 17:44:38 INFO  o.s.b.w.e.tomcat.TomcatWebServer - Tomcat started on port(s): 8080 (http) with context path ''
2024-10-18 17:44:38 INFO  c.l.d.DdwyyDemo04Application - Started DdwyyDemo04Application in 1.113 seconds (JVM running for 1.668)
2024-10-18 17:45:56 INFO  o.a.c.c.C.[Tomcat].[localhost].[/] - Initializing Spring DispatcherServlet 'dispatcherServlet'
2024-10-18 17:45:56 INFO  o.s.web.servlet.DispatcherServlet - Initializing Servlet 'dispatcherServlet'
2024-10-18 17:45:56 INFO  o.s.web.servlet.DispatcherServlet - Completed initialization in 0 ms
2024-10-18 17:46:17 INFO  o.s.s.c.ThreadPoolTaskExecutor - Shutting down ExecutorService 'applicationTaskExecutor'
2024-10-18 17:49:23 INFO  c.l.d.DdwyyDemo04ApplicationTests - Starting DdwyyDemo04ApplicationTests using Java 1.8.0_391 on liushuige with PID 31580 (started by LJ in C:\ddwyy\testDevPortal)
2024-10-18 17:49:23 INFO  c.l.d.DdwyyDemo04ApplicationTests - The following profiles are active: dev
2024-10-18 17:49:24 INFO  o.s.s.c.ThreadPoolTaskExecutor - Initializing ExecutorService 'applicationTaskExecutor'
2024-10-18 17:49:24 INFO  o.s.b.a.w.s.WelcomePageHandlerMapping - Adding welcome page: class path resource [static/index.html]
2024-10-18 17:49:24 WARN  o.t.templatemode.TemplateMode - [THYMELEAF][main] Template Mode 'HTML5' is deprecated. Using Template Mode 'HTML' instead.
2024-10-18 17:49:24 INFO  c.l.d.DdwyyDemo04ApplicationTests - Started DdwyyDemo04ApplicationTests in 1.406 seconds (JVM running for 1.922)
2024-10-18 17:49:24 INFO  o.s.s.c.ThreadPoolTaskExecutor - Shutting down ExecutorService 'applicationTaskExecutor'
2025-03-07 15:05:56 INFO  c.l.d.DdwyyDemo04Application - Starting DdwyyDemo04Application using Java 1.8.0_152 on  with PID 28848 (E:\ddwyyDemo04\testDevPortal\target\classes started by 91296 in E:\ddwyyDemo04\testDevPortal)
2025-03-07 15:05:56 INFO  c.l.d.DdwyyDemo04Application - The following profiles are active: dev
2025-03-07 15:05:57 INFO  o.s.b.w.e.tomcat.TomcatWebServer - Tomcat initialized with port(s): 8082 (http)
2025-03-07 15:05:57 INFO  o.a.coyote.http11.Http11NioProtocol - Initializing ProtocolHandler ["http-nio-8082"]
2025-03-07 15:05:57 INFO  o.a.catalina.core.StandardService - Starting service [Tomcat]
2025-03-07 15:05:57 INFO  o.a.catalina.core.StandardEngine - Starting Servlet engine: [Apache Tomcat/9.0.41]
2025-03-07 15:05:57 INFO  o.a.c.c.C.[Tomcat].[localhost].[/] - Initializing Spring embedded WebApplicationContext
2025-03-07 15:05:57 INFO  o.s.b.w.s.c.ServletWebServerApplicationContext - Root WebApplicationContext: initialization completed in 842 ms
2025-03-07 15:05:57 INFO  o.s.s.c.ThreadPoolTaskExecutor - Initializing ExecutorService 'applicationTaskExecutor'
2025-03-07 15:05:57 INFO  o.s.b.a.w.s.WelcomePageHandlerMapping - Adding welcome page: class path resource [static/index.html]
2025-03-07 15:05:57 WARN  o.t.templatemode.TemplateMode - [THYMELEAF][main] Template Mode 'HTML5' is deprecated. Using Template Mode 'HTML' instead.
2025-03-07 15:05:57 INFO  o.a.coyote.http11.Http11NioProtocol - Starting ProtocolHandler ["http-nio-8082"]
2025-03-07 15:05:57 INFO  o.s.b.w.e.tomcat.TomcatWebServer - Tomcat started on port(s): 8082 (http) with context path ''
2025-03-07 15:05:57 INFO  c.l.d.DdwyyDemo04Application - Started DdwyyDemo04Application in 1.545 seconds (JVM running for 1.932)
2025-03-07 15:09:23 INFO  o.s.s.c.ThreadPoolTaskExecutor - Shutting down ExecutorService 'applicationTaskExecutor'
2025-03-07 15:09:26 INFO  c.l.d.DdwyyDemo04Application - Starting DdwyyDemo04Application using Java 1.8.0_152 on  with PID 1760 (E:\ddwyyDemo04\testDevPortal\target\classes started by 91296 in E:\ddwyyDemo04\testDevPortal)
2025-03-07 15:09:26 INFO  c.l.d.DdwyyDemo04Application - The following profiles are active: dev
2025-03-07 15:09:26 INFO  o.s.b.w.e.tomcat.TomcatWebServer - Tomcat initialized with port(s): 8082 (http)
2025-03-07 15:09:26 INFO  o.a.coyote.http11.Http11NioProtocol - Initializing ProtocolHandler ["http-nio-8082"]
2025-03-07 15:09:26 INFO  o.a.catalina.core.StandardService - Starting service [Tomcat]
2025-03-07 15:09:26 INFO  o.a.catalina.core.StandardEngine - Starting Servlet engine: [Apache Tomcat/9.0.41]
2025-03-07 15:09:26 INFO  o.a.c.c.C.[Tomcat].[localhost].[/] - Initializing Spring embedded WebApplicationContext
2025-03-07 15:09:26 INFO  o.s.b.w.s.c.ServletWebServerApplicationContext - Root WebApplicationContext: initialization completed in 400 ms
2025-03-07 15:09:26 INFO  o.s.s.c.ThreadPoolTaskExecutor - Initializing ExecutorService 'applicationTaskExecutor'
2025-03-07 15:09:26 INFO  o.s.b.a.w.s.WelcomePageHandlerMapping - Adding welcome page: class path resource [static/index.html]
2025-03-07 15:09:26 WARN  o.t.templatemode.TemplateMode - [THYMELEAF][main] Template Mode 'HTML5' is deprecated. Using Template Mode 'HTML' instead.
2025-03-07 15:09:26 INFO  o.a.coyote.http11.Http11NioProtocol - Starting ProtocolHandler ["http-nio-8082"]
2025-03-07 15:09:26 INFO  o.s.b.w.e.tomcat.TomcatWebServer - Tomcat started on port(s): 8082 (http) with context path ''
2025-03-07 15:09:26 INFO  c.l.d.DdwyyDemo04Application - Started DdwyyDemo04Application in 0.983 seconds (JVM running for 1.366)
2025-03-07 15:10:22 INFO  o.s.s.c.ThreadPoolTaskExecutor - Shutting down ExecutorService 'applicationTaskExecutor'
2025-03-07 15:10:24 INFO  c.l.d.DdwyyDemo04Application - Starting DdwyyDemo04Application using Java 1.8.0_152 on  with PID 4148 (E:\ddwyyDemo04\testDevPortal\target\classes started by 91296 in E:\ddwyyDemo04\testDevPortal)
2025-03-07 15:10:24 INFO  c.l.d.DdwyyDemo04Application - The following profiles are active: dev
2025-03-07 15:10:24 INFO  o.s.b.w.e.tomcat.TomcatWebServer - Tomcat initialized with port(s): 8080 (http)
2025-03-07 15:10:24 INFO  o.a.coyote.http11.Http11NioProtocol - Initializing ProtocolHandler ["http-nio-8080"]
2025-03-07 15:10:24 INFO  o.a.catalina.core.StandardService - Starting service [Tomcat]
2025-03-07 15:10:24 INFO  o.a.catalina.core.StandardEngine - Starting Servlet engine: [Apache Tomcat/9.0.41]
2025-03-07 15:10:24 INFO  o.a.c.c.C.[Tomcat].[localhost].[/] - Initializing Spring embedded WebApplicationContext
2025-03-07 15:10:24 INFO  o.s.b.w.s.c.ServletWebServerApplicationContext - Root WebApplicationContext: initialization completed in 400 ms
2025-03-07 15:10:24 INFO  o.s.s.c.ThreadPoolTaskExecutor - Initializing ExecutorService 'applicationTaskExecutor'
2025-03-07 15:10:24 INFO  o.s.b.a.w.s.WelcomePageHandlerMapping - Adding welcome page: class path resource [static/index.html]
2025-03-07 15:10:24 WARN  o.t.templatemode.TemplateMode - [THYMELEAF][main] Template Mode 'HTML5' is deprecated. Using Template Mode 'HTML' instead.
2025-03-07 15:10:24 INFO  o.a.coyote.http11.Http11NioProtocol - Starting ProtocolHandler ["http-nio-8080"]
2025-03-07 15:10:24 INFO  o.s.b.w.e.tomcat.TomcatWebServer - Tomcat started on port(s): 8080 (http) with context path ''
2025-03-07 15:10:24 INFO  c.l.d.DdwyyDemo04Application - Started DdwyyDemo04Application in 0.992 seconds (JVM running for 1.335)
2025-03-07 15:10:35 INFO  o.a.c.c.C.[Tomcat].[localhost].[/] - Initializing Spring DispatcherServlet 'dispatcherServlet'
2025-03-07 15:10:35 INFO  o.s.web.servlet.DispatcherServlet - Initializing Servlet 'dispatcherServlet'
2025-03-07 15:10:35 INFO  o.s.web.servlet.DispatcherServlet - Completed initialization in 0 ms
2025-03-07 15:18:32 INFO  o.s.s.c.ThreadPoolTaskExecutor - Shutting down ExecutorService 'applicationTaskExecutor'
2025-03-07 15:18:34 INFO  c.l.d.DdwyyDemo04Application - Starting DdwyyDemo04Application using Java 1.8.0_152 on  with PID 14388 (E:\ddwyyDemo04\testDevPortal\target\classes started by 91296 in E:\ddwyyDemo04\testDevPortal)
2025-03-07 15:18:34 INFO  c.l.d.DdwyyDemo04Application - The following profiles are active: dev
2025-03-07 15:18:34 INFO  o.s.b.w.e.tomcat.TomcatWebServer - Tomcat initialized with port(s): 8080 (http)
2025-03-07 15:18:34 INFO  o.a.coyote.http11.Http11NioProtocol - Initializing ProtocolHandler ["http-nio-8080"]
2025-03-07 15:18:34 INFO  o.a.catalina.core.StandardService - Starting service [Tomcat]
2025-03-07 15:18:34 INFO  o.a.catalina.core.StandardEngine - Starting Servlet engine: [Apache Tomcat/9.0.41]
2025-03-07 15:18:34 INFO  o.a.c.c.C.[Tomcat].[localhost].[/] - Initializing Spring embedded WebApplicationContext
2025-03-07 15:18:34 INFO  o.s.b.w.s.c.ServletWebServerApplicationContext - Root WebApplicationContext: initialization completed in 441 ms
2025-03-07 15:18:34 INFO  o.s.s.c.ThreadPoolTaskExecutor - Initializing ExecutorService 'applicationTaskExecutor'
2025-03-07 15:18:34 INFO  o.s.b.a.w.s.WelcomePageHandlerMapping - Adding welcome page: class path resource [static/index.html]
2025-03-07 15:18:34 WARN  o.t.templatemode.TemplateMode - [THYMELEAF][main] Template Mode 'HTML5' is deprecated. Using Template Mode 'HTML' instead.
2025-03-07 15:18:34 INFO  o.a.coyote.http11.Http11NioProtocol - Starting ProtocolHandler ["http-nio-8080"]
2025-03-07 15:18:34 INFO  o.s.b.w.e.tomcat.TomcatWebServer - Tomcat started on port(s): 8080 (http) with context path ''
2025-03-07 15:18:34 INFO  c.l.d.DdwyyDemo04Application - Started DdwyyDemo04Application in 1.007 seconds (JVM running for 1.344)
2025-03-07 15:20:19 INFO  o.a.c.c.C.[Tomcat].[localhost].[/] - Initializing Spring DispatcherServlet 'dispatcherServlet'
2025-03-07 15:20:19 INFO  o.s.web.servlet.DispatcherServlet - Initializing Servlet 'dispatcherServlet'
2025-03-07 15:20:19 INFO  o.s.web.servlet.DispatcherServlet - Completed initialization in 1 ms
2025-03-07 15:55:31 INFO  o.s.s.c.ThreadPoolTaskExecutor - Shutting down ExecutorService 'applicationTaskExecutor'
2025-03-07 15:55:34 INFO  c.l.d.DdwyyDemo04Application - Starting DdwyyDemo04Application using Java 1.8.0_152 on  with PID 9836 (E:\ddwyyDemo04\testDevPortal\target\classes started by 91296 in E:\ddwyyDemo04\testDevPortal)
2025-03-07 15:55:34 INFO  c.l.d.DdwyyDemo04Application - The following profiles are active: dev
2025-03-07 15:55:34 INFO  o.s.b.w.e.tomcat.TomcatWebServer - Tomcat initialized with port(s): 8080 (http)
2025-03-07 15:55:34 INFO  o.a.coyote.http11.Http11NioProtocol - Initializing ProtocolHandler ["http-nio-8080"]
2025-03-07 15:55:34 INFO  o.a.catalina.core.StandardService - Starting service [Tomcat]
2025-03-07 15:55:34 INFO  o.a.catalina.core.StandardEngine - Starting Servlet engine: [Apache Tomcat/9.0.41]
2025-03-07 15:55:34 INFO  o.a.c.c.C.[Tomcat].[localhost].[/] - Initializing Spring embedded WebApplicationContext
2025-03-07 15:55:34 INFO  o.s.b.w.s.c.ServletWebServerApplicationContext - Root WebApplicationContext: initialization completed in 439 ms
2025-03-07 15:55:34 INFO  o.s.s.c.ThreadPoolTaskExecutor - Initializing ExecutorService 'applicationTaskExecutor'
2025-03-07 15:55:34 INFO  o.s.b.a.w.s.WelcomePageHandlerMapping - Adding welcome page: class path resource [static/index.html]
2025-03-07 15:55:34 WARN  o.t.templatemode.TemplateMode - [THYMELEAF][main] Template Mode 'HTML5' is deprecated. Using Template Mode 'HTML' instead.
2025-03-07 15:55:34 INFO  o.a.coyote.http11.Http11NioProtocol - Starting ProtocolHandler ["http-nio-8080"]
2025-03-07 15:55:34 INFO  o.s.b.w.e.tomcat.TomcatWebServer - Tomcat started on port(s): 8080 (http) with context path ''
2025-03-07 15:55:34 INFO  c.l.d.DdwyyDemo04Application - Started DdwyyDemo04Application in 1.04 seconds (JVM running for 1.378)
2025-03-07 15:58:03 INFO  o.a.c.c.C.[Tomcat].[localhost].[/] - Initializing Spring DispatcherServlet 'dispatcherServlet'
2025-03-07 15:58:03 INFO  o.s.web.servlet.DispatcherServlet - Initializing Servlet 'dispatcherServlet'
2025-03-07 15:58:03 INFO  o.s.web.servlet.DispatcherServlet - Completed initialization in 0 ms
2025-03-07 16:03:04 INFO  o.s.s.c.ThreadPoolTaskExecutor - Shutting down ExecutorService 'applicationTaskExecutor'
2025-03-07 16:03:06 INFO  c.l.d.DdwyyDemo04Application - Starting DdwyyDemo04Application using Java 1.8.0_152 on  with PID 2664 (E:\ddwyyDemo04\testDevPortal\target\classes started by 91296 in E:\ddwyyDemo04\testDevPortal)
2025-03-07 16:03:06 INFO  c.l.d.DdwyyDemo04Application - The following profiles are active: dev
2025-03-07 16:03:06 INFO  o.s.b.w.e.tomcat.TomcatWebServer - Tomcat initialized with port(s): 8080 (http)
2025-03-07 16:03:06 INFO  o.a.coyote.http11.Http11NioProtocol - Initializing ProtocolHandler ["http-nio-8080"]
2025-03-07 16:03:06 INFO  o.a.catalina.core.StandardService - Starting service [Tomcat]
2025-03-07 16:03:06 INFO  o.a.catalina.core.StandardEngine - Starting Servlet engine: [Apache Tomcat/9.0.41]
2025-03-07 16:03:06 INFO  o.a.c.c.C.[Tomcat].[localhost].[/] - Initializing Spring embedded WebApplicationContext
2025-03-07 16:03:06 INFO  o.s.b.w.s.c.ServletWebServerApplicationContext - Root WebApplicationContext: initialization completed in 388 ms
2025-03-07 16:03:06 INFO  o.s.s.c.ThreadPoolTaskExecutor - Initializing ExecutorService 'applicationTaskExecutor'
2025-03-07 16:03:07 INFO  o.s.b.a.w.s.WelcomePageHandlerMapping - Adding welcome page: class path resource [static/index.html]
2025-03-07 16:03:07 WARN  o.t.templatemode.TemplateMode - [THYMELEAF][main] Template Mode 'HTML5' is deprecated. Using Template Mode 'HTML' instead.
2025-03-07 16:03:07 INFO  o.a.coyote.http11.Http11NioProtocol - Starting ProtocolHandler ["http-nio-8080"]
2025-03-07 16:03:07 INFO  o.s.b.w.e.tomcat.TomcatWebServer - Tomcat started on port(s): 8080 (http) with context path ''
2025-03-07 16:03:07 INFO  c.l.d.DdwyyDemo04Application - Started DdwyyDemo04Application in 0.91 seconds (JVM running for 1.28)
2025-03-07 16:14:25 INFO  o.s.s.c.ThreadPoolTaskExecutor - Shutting down ExecutorService 'applicationTaskExecutor'
2025-03-07 16:14:58 INFO  c.l.d.DdwyyDemo04Application - Starting DdwyyDemo04Application using Java 1.8.0_152 on  with PID 13816 (E:\ddwyyDemo04\testDevPortal\target\classes started by 91296 in E:\ddwyyDemo04\testDevPortal)
2025-03-07 16:14:58 INFO  c.l.d.DdwyyDemo04Application - The following profiles are active: dev
2025-03-07 16:14:58 INFO  o.s.b.w.e.tomcat.TomcatWebServer - Tomcat initialized with port(s): 8080 (http)
2025-03-07 16:14:58 INFO  o.a.coyote.http11.Http11NioProtocol - Initializing ProtocolHandler ["http-nio-8080"]
2025-03-07 16:14:58 INFO  o.a.catalina.core.StandardService - Starting service [Tomcat]
2025-03-07 16:14:58 INFO  o.a.catalina.core.StandardEngine - Starting Servlet engine: [Apache Tomcat/9.0.41]
2025-03-07 16:14:58 INFO  o.a.c.c.C.[Tomcat].[localhost].[/] - Initializing Spring embedded WebApplicationContext
2025-03-07 16:14:58 INFO  o.s.b.w.s.c.ServletWebServerApplicationContext - Root WebApplicationContext: initialization completed in 748 ms
2025-03-07 16:14:59 INFO  o.s.s.c.ThreadPoolTaskExecutor - Initializing ExecutorService 'applicationTaskExecutor'
2025-03-07 16:14:59 INFO  o.s.b.a.w.s.WelcomePageHandlerMapping - Adding welcome page: class path resource [static/index.html]
2025-03-07 16:14:59 WARN  o.t.templatemode.TemplateMode - [THYMELEAF][main] Template Mode 'HTML5' is deprecated. Using Template Mode 'HTML' instead.
2025-03-07 16:14:59 INFO  o.a.coyote.http11.Http11NioProtocol - Starting ProtocolHandler ["http-nio-8080"]
2025-03-07 16:14:59 INFO  o.s.b.w.e.tomcat.TomcatWebServer - Tomcat started on port(s): 8080 (http) with context path ''
2025-03-07 16:14:59 INFO  c.l.d.DdwyyDemo04Application - Started DdwyyDemo04Application in 1.317 seconds (JVM running for 1.748)
2025-03-07 16:23:04 INFO  o.a.c.c.C.[Tomcat].[localhost].[/] - Initializing Spring DispatcherServlet 'dispatcherServlet'
2025-03-07 16:23:04 INFO  o.s.web.servlet.DispatcherServlet - Initializing Servlet 'dispatcherServlet'
2025-03-07 16:23:04 INFO  o.s.web.servlet.DispatcherServlet - Completed initialization in 1 ms
2025-03-07 16:27:05 INFO  o.s.s.c.ThreadPoolTaskExecutor - Shutting down ExecutorService 'applicationTaskExecutor'
2025-03-07 16:28:30 INFO  c.l.d.DdwyyDemo04Application - Starting DdwyyDemo04Application using Java 1.8.0_152 on  with PID 26316 (E:\ddwyyDemo04\testDevPortal\target\classes started by 91296 in E:\ddwyyDemo04\testDevPortal)
2025-03-07 16:28:30 INFO  c.l.d.DdwyyDemo04Application - The following profiles are active: dev
2025-03-07 16:28:30 INFO  o.s.b.w.e.tomcat.TomcatWebServer - Tomcat initialized with port(s): 8080 (http)
2025-03-07 16:28:30 INFO  o.a.coyote.http11.Http11NioProtocol - Initializing ProtocolHandler ["http-nio-8080"]
2025-03-07 16:28:30 INFO  o.a.catalina.core.StandardService - Starting service [Tomcat]
2025-03-07 16:28:30 INFO  o.a.catalina.core.StandardEngine - Starting Servlet engine: [Apache Tomcat/9.0.41]
2025-03-07 16:28:30 INFO  o.a.c.c.C.[Tomcat].[localhost].[/] - Initializing Spring embedded WebApplicationContext
2025-03-07 16:28:30 INFO  o.s.b.w.s.c.ServletWebServerApplicationContext - Root WebApplicationContext: initialization completed in 389 ms
2025-03-07 16:28:31 INFO  o.s.s.c.ThreadPoolTaskExecutor - Initializing ExecutorService 'applicationTaskExecutor'
2025-03-07 16:28:31 INFO  o.s.b.a.w.s.WelcomePageHandlerMapping - Adding welcome page: class path resource [static/index.html]
2025-03-07 16:28:31 WARN  o.t.templatemode.TemplateMode - [THYMELEAF][main] Template Mode 'HTML5' is deprecated. Using Template Mode 'HTML' instead.
2025-03-07 16:28:31 INFO  o.a.coyote.http11.Http11NioProtocol - Starting ProtocolHandler ["http-nio-8080"]
2025-03-07 16:28:31 INFO  o.s.b.w.e.tomcat.TomcatWebServer - Tomcat started on port(s): 8080 (http) with context path ''
2025-03-07 16:28:31 INFO  c.l.d.DdwyyDemo04Application - Started DdwyyDemo04Application in 0.9 seconds (JVM running for 1.214)
2025-03-07 16:28:53 INFO  o.a.c.c.C.[Tomcat].[localhost].[/] - Initializing Spring DispatcherServlet 'dispatcherServlet'
2025-03-07 16:28:53 INFO  o.s.web.servlet.DispatcherServlet - Initializing Servlet 'dispatcherServlet'
2025-03-07 16:28:53 INFO  o.s.web.servlet.DispatcherServlet - Completed initialization in 1 ms
2025-03-07 16:42:16 INFO  o.s.s.c.ThreadPoolTaskExecutor - Shutting down ExecutorService 'applicationTaskExecutor'
