2024-09-29 12:22:30 INFO  c.l.d.DdwyyDemo04Application - Starting DdwyyDemo04Application using Java 1.8.0_391 on liushuige with PID 42536 (C:\ddwyy\ddwyyDemo04\target\classes started by LJ in C:\ddwyy\ddwyyDemo04)
2024-09-29 12:22:30 INFO  c.l.d.DdwyyDemo04Application - The following profiles are active: dev
2024-09-29 12:22:31 INFO  o.s.b.w.e.tomcat.TomcatWebServer - Tomcat initialized with port(s): 8080 (http)
2024-09-29 12:22:31 INFO  o.a.coyote.http11.Http11NioProtocol - Initializing ProtocolHandler ["http-nio-8080"]
2024-09-29 12:22:31 INFO  o.a.catalina.core.StandardService - Starting service [Tomcat]
2024-09-29 12:22:31 INFO  o.a.catalina.core.StandardEngine - Starting Servlet engine: [Apache Tomcat/9.0.41]
2024-09-29 12:22:31 INFO  o.a.c.c.C.[Tomcat].[localhost].[/] - Initializing Spring embedded WebApplicationContext
2024-09-29 12:22:31 INFO  o.s.b.w.s.c.ServletWebServerApplicationContext - Root WebApplicationContext: initialization completed in 645 ms
2024-09-29 12:22:31 INFO  o.s.s.c.ThreadPoolTaskExecutor - Initializing ExecutorService 'applicationTaskExecutor'
2024-09-29 12:22:31 INFO  o.s.b.a.w.s.WelcomePageHandlerMapping - Adding welcome page: class path resource [static/index.html]
2024-09-29 12:22:31 WARN  o.t.templatemode.TemplateMode - [THYMELEAF][main] Template Mode 'HTML5' is deprecated. Using Template Mode 'HTML' instead.
2024-09-29 12:22:31 INFO  o.a.coyote.http11.Http11NioProtocol - Starting ProtocolHandler ["http-nio-8080"]
2024-09-29 12:22:31 INFO  o.s.b.w.e.tomcat.TomcatWebServer - Tomcat started on port(s): 8080 (http) with context path ''
2024-09-29 12:22:31 INFO  c.l.d.DdwyyDemo04Application - Started DdwyyDemo04Application in 1.402 seconds (JVM running for 2.079)
2024-09-29 12:23:27 INFO  o.a.c.c.C.[Tomcat].[localhost].[/] - Initializing Spring DispatcherServlet 'dispatcherServlet'
2024-09-29 12:23:27 INFO  o.s.web.servlet.DispatcherServlet - Initializing Servlet 'dispatcherServlet'
2024-09-29 12:23:27 INFO  o.s.web.servlet.DispatcherServlet - Completed initialization in 1 ms
2024-09-29 12:23:28 INFO  com.zaxxer.hikari.HikariDataSource - HikariPool-1 - Starting...
2024-09-29 12:23:28 INFO  com.zaxxer.hikari.HikariDataSource - HikariPool-1 - Start completed.
2024-09-29 12:42:28 INFO  o.s.s.c.ThreadPoolTaskExecutor - Shutting down ExecutorService 'applicationTaskExecutor'
2024-09-29 12:42:28 INFO  com.zaxxer.hikari.HikariDataSource - HikariPool-1 - Shutdown initiated...
2024-09-29 12:42:28 INFO  com.zaxxer.hikari.HikariDataSource - HikariPool-1 - Shutdown completed.
