2024-10-07 22:02:17 INFO  c.l.d.DdwyyDemo04Application - Starting DdwyyDemo04Application using Java 1.8.0_391 on liushuige with PID 39488 (C:\ddwyy\ddwyyDemo04\target\classes started by LJ in C:\ddwyy\ddwyyDemo04)
2024-10-07 22:02:17 INFO  c.l.d.DdwyyDemo04Application - The following profiles are active: dev
2024-10-07 22:02:18 INFO  o.s.b.w.e.tomcat.TomcatWebServer - Tomcat initialized with port(s): 8080 (http)
2024-10-07 22:02:18 INFO  o.a.coyote.http11.Http11NioProtocol - Initializing ProtocolHandler ["http-nio-8080"]
2024-10-07 22:02:18 INFO  o.a.catalina.core.StandardService - Starting service [Tomcat]
2024-10-07 22:02:18 INFO  o.a.catalina.core.StandardEngine - Starting Servlet engine: [Apache Tomcat/9.0.41]
2024-10-07 22:02:18 INFO  o.a.c.c.C.[Tomcat].[localhost].[/] - Initializing Spring embedded WebApplicationContext
2024-10-07 22:02:18 INFO  o.s.b.w.s.c.ServletWebServerApplicationContext - Root WebApplicationContext: initialization completed in 651 ms
2024-10-07 22:02:18 INFO  o.s.s.c.ThreadPoolTaskExecutor - Initializing ExecutorService 'applicationTaskExecutor'
2024-10-07 22:02:18 INFO  o.s.b.a.w.s.WelcomePageHandlerMapping - Adding welcome page: class path resource [static/index.html]
2024-10-07 22:02:18 WARN  o.t.templatemode.TemplateMode - [THYMELEAF][main] Template Mode 'HTML5' is deprecated. Using Template Mode 'HTML' instead.
2024-10-07 22:02:18 INFO  o.a.coyote.http11.Http11NioProtocol - Starting ProtocolHandler ["http-nio-8080"]
2024-10-07 22:02:18 INFO  o.s.b.w.e.tomcat.TomcatWebServer - Tomcat started on port(s): 8080 (http) with context path ''
2024-10-07 22:02:18 INFO  c.l.d.DdwyyDemo04Application - Started DdwyyDemo04Application in 1.466 seconds (JVM running for 2.125)
2024-10-07 22:04:24 INFO  o.a.c.c.C.[Tomcat].[localhost].[/] - Initializing Spring DispatcherServlet 'dispatcherServlet'
2024-10-07 22:04:24 INFO  o.s.web.servlet.DispatcherServlet - Initializing Servlet 'dispatcherServlet'
2024-10-07 22:04:24 INFO  o.s.web.servlet.DispatcherServlet - Completed initialization in 0 ms
2024-10-07 22:04:27 INFO  com.zaxxer.hikari.HikariDataSource - HikariPool-1 - Starting...
2024-10-07 22:04:27 INFO  com.zaxxer.hikari.HikariDataSource - HikariPool-1 - Start completed.
2024-10-07 22:04:27 INFO  c.l.d.c.testManIndexController - getTestManPanel查询成功：[Samples{sample_id=261, sample_model='CM007', sample_coding='007', full_model='CM007 007', sample_name='是非1阿asd31233201', sample_category='大货样', chip_control='', version_software='', version_hardware='', version='A1', test_number='null', supplier='', create_time=2024-09-25T16:13:58, finish_time=2024-09-27T14:33:22, result_judge='null', test_Overseas='国内', sample_schedule='1', sample_DQE='啊实打实', sample_Developer='问问问', tester='卢健', tester_teamwork='卢健', planfinish_time='2024-09-27 16:13:00', danger='null', filepath='C:\ddwyy-lj\savepath\CM007 007_大货样_A1_第2次送样_是非1阿asd31233201.xlsx', sample_leader='啊萨达萨达', priority='优先', sample_remark ='12', sample_frequency ='2', sample_quantity ='2', big_species ='视频类', small_species ='采集卡', high_frequency ='否', questStats ='无', testDuration ='1.8', planTestDuration ='2.0'}, Samples{sample_id=260, sample_model='CM007', sample_coding='007', full_model='CM007 007', sample_name='第二次送样的0073', sample_category='大货样', chip_control='', version_software='', version_hardware='', version='A1', test_number='null', supplier='', create_time=2024-09-25T16:13:12, finish_time=null, result_judge='null', test_Overseas='国内', sample_schedule='0', sample_DQE='啊实打实', sample_Developer='', tester='卢健', tester_teamwork='卢健', planfinish_time='2024-09-27 16:13:00', danger='null', filepath='C:\ddwyy-lj\savepath\CM007 007_大货样_A1_第1次送样_第二次送样的0073.xlsx', sample_leader='', priority='优先', sample_remark ='12', sample_frequency ='1', sample_quantity ='1', big_species ='视频类', small_species ='采集卡', high_frequency ='否', questStats ='无', testDuration ='0.0', planTestDuration ='2.0'}, Samples{sample_id=255, sample_model='CM999', sample_coding='999', full_model='CM999 999', sample_name='翻页笔222', sample_category='功能样', chip_control='', version_software='', version_hardware='', version='A2', test_number='null', supplier='', create_time=2024-09-19T19:48, finish_time=null, result_judge='null', test_Overseas='国内', sample_schedule='0', sample_DQE='', sample_Developer='', tester='卢健', tester_teamwork='卢健', planfinish_time='2024-09-21 09:47:00', danger='null', filepath='C:\ddwyy-lj\savepath\CM999 999_功能样_A2_第2次送样_翻页笔222.xlsx', sample_leader='', priority='加急', sample_remark ='', sample_frequency ='2', sample_quantity ='3', big_species ='蓝牙类', small_species ='电容笔', high_frequency ='否', questStats ='新品', testDuration ='0.0', planTestDuration ='1.5'}, Samples{sample_id=254, sample_model='CM999', sample_coding='999', full_model='CM999 999', sample_name='翻页笔1', sample_category='大货样', chip_control='null', version_software='null', version_hardware='null', version='A1', test_number='null', supplier='null', create_time=2024-09-19T19:45:36, finish_time=null, result_judge='null', test_Overseas='null', sample_schedule='0', sample_DQE='null', sample_Developer='null', tester='卢健', tester_teamwork='卢健', planfinish_time='2024-09-20 19:45:00', danger='null', filepath='C:\ddwyy-lj\savepath\CM999 999_大货样_A1_第1次送样_翻页笔1.xlsx', sample_leader='null', priority='null', sample_remark ='null', sample_frequency ='1', sample_quantity ='12', big_species ='蓝牙类', small_species ='电容笔', high_frequency ='否', questStats ='无', testDuration ='0.0', planTestDuration ='0.0'}, Samples{sample_id=230, sample_model='CM888', sample_coding='888', full_model='CM888 888', sample_name='水晶头模阿111', sample_category='功能样', chip_control='1', version_software='2', version_hardware='3', version='A1', test_number='null', supplier='4', create_time=2024-09-18T09:47:55, finish_time=2024-09-19T18:50:03, result_judge='null', test_Overseas='国内', sample_schedule='1', sample_DQE='7', sample_Developer='8', tester='卢健', tester_teamwork='卢健', planfinish_time='2024-08-02 01:47:00', danger='null', filepath='C:\ddwyy-lj\savepath\CM888 888_功能样_A1_第2次送样_水晶头模阿111.xlsx', sample_leader='9', priority='优先', sample_remark ='6', sample_frequency ='2', sample_quantity ='3', big_species ='蓝牙类', small_species ='触控笔', high_frequency ='否', questStats ='新品', testDuration ='1.9', planTestDuration ='0.0'}, Samples{sample_id=252, sample_model='CM918', sample_coding='918', full_model='CM918 918', sample_name='918勿忘国耻！', sample_category='大货样', chip_control='null', version_software='null', version_hardware='null', version='A2', test_number='null', supplier='null', create_time=2024-09-09T15:53:30, finish_time=2024-09-19T21:53:02, result_judge='null', test_Overseas='null', sample_schedule='1', sample_DQE='null', sample_Developer='null', tester='卢健', tester_teamwork='卢健', planfinish_time='2024-09-20 15:53:00', danger='null', filepath='C:\ddwyy-lj\savepath\CM918 918_大货样_A2_第2次送样_918勿忘国耻！.xlsx', sample_leader='null', priority='null', sample_remark ='null', sample_frequency ='2', sample_quantity ='3', big_species ='视频类', small_species ='扩展坞', high_frequency ='否', questStats ='新设备', testDuration ='9.3', planTestDuration ='10.0'}, Samples{sample_id=251, sample_model='CM2323', sample_coding='2323', full_model='CM2323 2323', sample_name='USB_-C转3xUSB3.0+HDMI+VGA+SD_TF+RJ45+3.5mm+PD_4K@30Hz', sample_category='大货样', chip_control='null', version_software='null', version_hardware='null', version='ASD2', test_number='null', supplier='null', create_time=2024-09-07T16:34:04, finish_time=2024-09-11T11:06:56, result_judge='null', test_Overseas='null', sample_schedule='0', sample_DQE='null', sample_Developer='null', tester='卢健', tester_teamwork='卢健', planfinish_time='2024-09-07 19:38:00', danger='null', filepath='C:\ddwyy-lj\savepath\CM2323 2323_大货样_ASD2_第2次送样_USB_-C转3xUSB3.0+HDMI+VGA+SD_TF+RJ45+3.5mm+PD_4K@30Hz.xlsx', sample_leader='null', priority='null', sample_remark ='null', sample_frequency ='2', sample_quantity ='3', big_species ='视频类', small_species ='KVM分频器切换器', high_frequency ='否', questStats ='无', testDuration ='0.0', planTestDuration ='0.0'}, Samples{sample_id=250, sample_model='CVM777', sample_coding='777', full_model='CVM777 777', sample_name='解决bUG1343231', sample_category='功能样', chip_control='1', version_software='2', version_hardware='3', version='A1', test_number='null', supplier='海盈', create_time=2024-09-05T11:32, finish_time=2024-09-13T16:01:55, result_judge='null', test_Overseas='国内+国外', sample_schedule='1', sample_DQE='邓令章', sample_Developer='张源', tester='卢健', tester_teamwork='卢健', planfinish_time='2024-09-05 11:34:00', danger='null', filepath='C:\ddwyy-lj\savepath\CVM777 777_功能样_A1_第2次送样_解决bUG1343231.xlsx', sample_leader='6', priority='加急', sample_remark ='4', sample_frequency ='2', sample_quantity ='3', big_species ='视频类', small_species ='扩展坞', high_frequency ='否', questStats ='新软件版本', testDuration ='0.0', planTestDuration ='0.0'}, Samples{sample_id=249, sample_model='CM888', sample_coding='888', full_model='CM888 888', sample_name='USB-C转3xUSB3.0+HDMI+VGA+SD_TF+RJ45+3.5mm+PD_4K@30Hz', sample_category='功能样', chip_control='FL7102-2Q0 QFN40：Panther_FL7102_PNW_Dongle_V7.99.38.29_2024_0514_1059_g16_X6400.bin；GL3590-OV3C2,QFN88：PUYA P25Q21H-TSH-IR TSSOP8(2M)(烧录：GL3590-OV3C2_Hub_TWG_uportB_FW6400.bin)；RTD2143-CG_QFN88(RealTek/瑞昱)：PUYA P25Q16SH-TSH-IR TSSOP8(16M)(40nm)(烧录：RTD2143_UGREEN_CM498_2H_V1p50.bin)', version_software='', version_hardware='', version='A2', test_number='null', supplier='', create_time=2024-09-05T10:41:51, finish_time=2024-09-19T15:45:57, result_judge='null', test_Overseas='国内', sample_schedule='1', sample_DQE='邓小英', sample_Developer='', tester='卢健', tester_teamwork='卢健', planfinish_time='2024-09-07 13:44:00', danger='null', filepath='C:\ddwyy-lj\savepath\CM888 888_功能样_A2_第2次送样_USB-C转3xUSB3.0+HDMI+VGA+SD_TF+RJ45+3.5mm+PD_4K@30Hz.xlsx', sample_leader='', priority='优先', sample_remark ='', sample_frequency ='2', sample_quantity ='3', big_species ='视频类', small_species ='扩展坞', high_frequency ='否', questStats ='新品', testDuration ='14.4', planTestDuration ='0.0'}, Samples{sample_id=241, sample_model='CM333', sample_coding='333', full_model='CM333 333', sample_name='三模鼠标模板12345678901223', sample_category='大货样', chip_control='', version_software='', version_hardware='', version='D1', test_number='null', supplier='湘凡', create_time=2024-08-23T09:55:44, finish_time=2024-09-19T14:16:08, result_judge='null', test_Overseas='国内', sample_schedule='1', sample_DQE='', sample_Developer='邓小英', tester='卢健', tester_teamwork='卢健', planfinish_time='2024-08-23 11:58:00', danger='null', filepath='C:\ddwyy-lj\savepath\CM333 333_大货样_D1_第2次送样_三模鼠标模板12345678901223.xlsx', sample_leader='张源', priority='同步', sample_remark ='', sample_frequency ='2', sample_quantity ='3', big_species ='音视频线类', small_species ='DP线', high_frequency ='否', questStats ='无', testDuration ='25.4', planTestDuration ='0.0'}, Samples{sample_id=235, sample_model='CM233', sample_coding='223', full_model='CM233 223', sample_name='坚哥的112344', sample_category='功能样', chip_control='', version_software='', version_hardware='', version='A2', test_number='null', supplier='', create_time=2024-07-30T22:00:01, finish_time=2024-08-24T13:52:40, result_judge='null', test_Overseas='国外', sample_schedule='0', sample_DQE='', sample_Developer='', tester='卢健', tester_teamwork='卢健', planfinish_time='2024-08-08 00:01:00', danger='null', filepath='C:\ddwyy-lj\savepath\CM233 223_功能样_A2_第2次送样_坚哥的112344.xlsx', sample_leader='', priority='优先', sample_remark ='', sample_frequency ='2', sample_quantity ='3', big_species ='视频类', small_species ='分配器', high_frequency ='否', questStats ='新品', testDuration ='0.0', planTestDuration ='0.0'}, Samples{sample_id=224, sample_model='CM213', sample_coding='213', full_model='CM213 213', sample_name='内外贸扩展坞1', sample_category='功能样', chip_control='', version_software='', version_hardware='', version='A1', test_number='null', supplier='', create_time=2024-07-30T21:19:23, finish_time=2024-09-18T10:57:55, result_judge='null', test_Overseas='国内+国外', sample_schedule='1', sample_DQE='', sample_Developer='', tester='卢健', tester_teamwork='卢健', planfinish_time='2024-07-30 02:25:00', danger='null', filepath='C:\ddwyy-lj\savepath\CM213 213_功能样_A1_第2次送样_内外贸扩展坞1.xlsx', sample_leader='', priority='加急', sample_remark ='', sample_frequency ='2', sample_quantity ='3', big_species ='视频类', small_species ='扩展坞', high_frequency ='否', questStats ='新设备', testDuration ='0.0', planTestDuration ='0.0'}, Samples{sample_id=206, sample_model='CM222', sample_coding='222', full_model='CM222 222', sample_name='单转22334451232138213', sample_category='大货样', chip_control='', version_software='', version_hardware='', version='A1', test_number='null', supplier='', create_time=2024-07-26T10:09:15, finish_time=2024-09-18T10:33:44, result_judge='null', test_Overseas='国内', sample_schedule='0', sample_DQE='', sample_Developer='', tester='卢健', tester_teamwork='卢健', planfinish_time='2024-07-26 12:11:00', danger='null', filepath='C:\ddwyy-lj\savepath\CM222 222_大货样_A1_第1次送样_单转22334451232138213.xlsx', sample_leader='', priority='优先', sample_remark ='', sample_frequency ='1', sample_quantity ='2', big_species ='音视频线类', small_species ='DP线', high_frequency ='否', questStats ='新品', testDuration ='0.0', planTestDuration ='0.0'}]
2024-10-07 22:05:30 INFO  c.l.d.c.testManIndexController - 尝试重命名文件：oldFilePath=C:\ddwyy-lj\savepath\CM007 007_大货样_A1_第2次送样_是非1阿asd31233201.xlsx, newFileName=C:\ddwyy-lj\savepath\CM007 007_大货样_A1_第2次送样_是非当时.xlsx
2024-10-07 22:05:30 INFO  c.l.d.c.testManIndexController - updateSamples文件重命名成功C:\ddwyy-lj\savepath\CM007 007_大货样_A1_第2次送样_是非1阿asd31233201.xlsx -> C:\ddwyy-lj\savepath\CM007 007_大货样_A1_第2次送样_是非当时.xlsx
2024-10-07 22:05:30 INFO  c.l.d.c.testManIndexController - updateSamples样品信息更新成功:卢健
2024-10-07 22:05:30 INFO  c.l.d.c.testManIndexController - 没有 sheetData_C:\ddwyy-lj\savepath\CM007 007_大货样_A1_第2次送样_是非1阿asd31233201.xlsx 的缓存
2024-10-07 22:05:30 INFO  c.l.d.c.testManIndexController - 没有 sheetNames_C:\ddwyy-lj\savepath\CM007 007_大货样_A1_第2次送样_是非1阿asd31233201.xlsx 的缓存
2024-10-07 22:05:30 INFO  c.l.d.c.testManIndexController - 没有 collectData_C:\ddwyy-lj\savepath\CM007 007_大货样_A1_第2次送样_是非1阿asd31233201.xlsx 的缓存
2024-10-07 22:05:30 INFO  c.l.d.c.testManIndexController - 删除json文件了: C:/ddwyy-lj/jsonpath\CM007 007_大货样_A1_第2次送样_是非1阿asd31233201.json
2024-10-07 22:05:43 INFO  c.l.d.c.testManIndexController - getUUID:"6beaee8d5081b9f667a38c876755eccf"
2024-10-07 22:05:43 INFO  c.l.d.c.testManIndexController - jsonFilePath:C:/ddwyy-lj/jsonpath\CM007 007_大货样_A1_第2次送样_是非当时.json
2024-10-07 22:05:43 INFO  c.l.d.c.testManIndexController - JSON file does not exist: C:/ddwyy-lj/jsonpath\CM007 007_大货样_A1_第2次送样_是非当时.json
2024-10-07 22:06:19 ERROR o.a.c.c.C.[.[.[.[dispatcherServlet] - Servlet.service() for servlet [dispatcherServlet] in context with path [] threw exception [Handler dispatch failed; nested exception is java.lang.OutOfMemoryError: GC overhead limit exceeded] with root cause
java.lang.OutOfMemoryError: GC overhead limit exceeded
	at sun.reflect.GeneratedConstructorAccessor63.newInstance(Unknown Source)
	at sun.reflect.DelegatingConstructorAccessorImpl.newInstance(DelegatingConstructorAccessorImpl.java:45)
	at java.lang.reflect.Constructor.newInstance(Constructor.java:423)
	at org.apache.xmlbeans.impl.schema.SchemaTypeImpl.createUnattachedNode(SchemaTypeImpl.java:1934)
	at org.apache.xmlbeans.impl.schema.SchemaTypeImpl.createElementType(SchemaTypeImpl.java:1051)
	at org.apache.xmlbeans.impl.values.XmlObjectBase.create_element_user(XmlObjectBase.java:938)
	at org.apache.xmlbeans.impl.store.Xobj.getUser(Xobj.java:1675)
	at org.apache.xmlbeans.impl.store.Xobj.find_all_element_users(Xobj.java:2098)
	at org.openxmlformats.schemas.spreadsheetml.x2006.main.impl.CTSheetDataImpl.getRowArray(Unknown Source)
	at org.apache.poi.xssf.usermodel.XSSFSheet.initRows(XSSFSheet.java:267)
	at org.apache.poi.xssf.usermodel.XSSFSheet.read(XSSFSheet.java:231)
	at org.apache.poi.xssf.usermodel.XSSFSheet.onDocumentRead(XSSFSheet.java:218)
	at org.apache.poi.xssf.usermodel.XSSFWorkbook.parseSheet(XSSFWorkbook.java:454)
	at org.apache.poi.xssf.usermodel.XSSFWorkbook.onDocumentRead(XSSFWorkbook.java:419)
	at org.apache.poi.ooxml.POIXMLDocument.load(POIXMLDocument.java:184)
	at org.apache.poi.xssf.usermodel.XSSFWorkbook.<init>(XSSFWorkbook.java:288)
	at org.apache.poi.xssf.usermodel.XSSFWorkbookFactory.createWorkbook(XSSFWorkbookFactory.java:97)
	at org.apache.poi.xssf.usermodel.XSSFWorkbookFactory.createWorkbook(XSSFWorkbookFactory.java:147)
	at org.apache.poi.xssf.usermodel.XSSFWorkbookFactory$$Lambda$751/2144475260.apply(Unknown Source)
	at org.apache.poi.ss.usermodel.WorkbookFactory.create(WorkbookFactory.java:256)
	at org.apache.poi.ss.usermodel.WorkbookFactory.create(WorkbookFactory.java:221)
	at com.lu.ddwyydemo04.Service.ExcelShowService.getSheetData(ExcelShowService.java:91)
	at com.lu.ddwyydemo04.Service.ExcelShowService.getAllSheetData(ExcelShowService.java:208)
	at com.lu.ddwyydemo04.controller.ExcelShowController.getAllSheetData(ExcelShowController.java:232)
	at sun.reflect.NativeMethodAccessorImpl.invoke0(Native Method)
	at sun.reflect.NativeMethodAccessorImpl.invoke(NativeMethodAccessorImpl.java:62)
	at sun.reflect.DelegatingMethodAccessorImpl.invoke(DelegatingMethodAccessorImpl.java:43)
	at java.lang.reflect.Method.invoke(Method.java:498)
	at org.springframework.web.method.support.InvocableHandlerMethod.doInvoke(InvocableHandlerMethod.java:197)
	at org.springframework.web.method.support.InvocableHandlerMethod.invokeForRequest(InvocableHandlerMethod.java:141)
	at org.springframework.web.servlet.mvc.method.annotation.ServletInvocableHandlerMethod.invokeAndHandle(ServletInvocableHandlerMethod.java:106)
	at org.springframework.web.servlet.mvc.method.annotation.RequestMappingHandlerAdapter.invokeHandlerMethod(RequestMappingHandlerAdapter.java:894)
2024-10-07 22:15:09 INFO  o.s.s.c.ThreadPoolTaskExecutor - Shutting down ExecutorService 'applicationTaskExecutor'
2024-10-07 22:15:09 INFO  com.zaxxer.hikari.HikariDataSource - HikariPool-1 - Shutdown initiated...
2024-10-07 22:15:09 INFO  com.zaxxer.hikari.HikariDataSource - HikariPool-1 - Shutdown completed.
2024-10-07 22:15:14 INFO  c.l.d.DdwyyDemo04Application - Starting DdwyyDemo04Application using Java 1.8.0_391 on liushuige with PID 27048 (C:\ddwyy\ddwyyDemo04\target\classes started by LJ in C:\ddwyy\ddwyyDemo04)
2024-10-07 22:15:14 INFO  c.l.d.DdwyyDemo04Application - The following profiles are active: dev
2024-10-07 22:15:15 INFO  o.s.b.w.e.tomcat.TomcatWebServer - Tomcat initialized with port(s): 8080 (http)
2024-10-07 22:15:15 INFO  o.a.coyote.http11.Http11NioProtocol - Initializing ProtocolHandler ["http-nio-8080"]
2024-10-07 22:15:15 INFO  o.a.catalina.core.StandardService - Starting service [Tomcat]
2024-10-07 22:15:15 INFO  o.a.catalina.core.StandardEngine - Starting Servlet engine: [Apache Tomcat/9.0.41]
2024-10-07 22:15:15 INFO  o.a.c.c.C.[Tomcat].[localhost].[/] - Initializing Spring embedded WebApplicationContext
2024-10-07 22:15:15 INFO  o.s.b.w.s.c.ServletWebServerApplicationContext - Root WebApplicationContext: initialization completed in 552 ms
2024-10-07 22:15:15 INFO  o.s.s.c.ThreadPoolTaskExecutor - Initializing ExecutorService 'applicationTaskExecutor'
2024-10-07 22:15:15 INFO  o.s.b.a.w.s.WelcomePageHandlerMapping - Adding welcome page: class path resource [static/index.html]
2024-10-07 22:15:15 WARN  o.t.templatemode.TemplateMode - [THYMELEAF][main] Template Mode 'HTML5' is deprecated. Using Template Mode 'HTML' instead.
2024-10-07 22:15:15 INFO  o.a.coyote.http11.Http11NioProtocol - Starting ProtocolHandler ["http-nio-8080"]
2024-10-07 22:15:15 INFO  o.s.b.w.e.tomcat.TomcatWebServer - Tomcat started on port(s): 8080 (http) with context path ''
2024-10-07 22:15:15 INFO  c.l.d.DdwyyDemo04Application - Started DdwyyDemo04Application in 1.193 seconds (JVM running for 1.793)
2024-10-07 22:15:32 INFO  o.a.c.c.C.[Tomcat].[localhost].[/] - Initializing Spring DispatcherServlet 'dispatcherServlet'
2024-10-07 22:15:32 INFO  o.s.web.servlet.DispatcherServlet - Initializing Servlet 'dispatcherServlet'
2024-10-07 22:15:32 INFO  o.s.web.servlet.DispatcherServlet - Completed initialization in 0 ms
2024-10-07 22:15:35 INFO  com.zaxxer.hikari.HikariDataSource - HikariPool-1 - Starting...
2024-10-07 22:15:35 INFO  com.zaxxer.hikari.HikariDataSource - HikariPool-1 - Start completed.
2024-10-07 22:15:35 INFO  c.l.d.c.testManIndexController - getTestManPanel查询成功：[Samples{sample_id=261, sample_model='CM007', sample_coding='007', full_model='CM007 007', sample_name='是非当时', sample_category='大货样', chip_control='', version_software='', version_hardware='', version='A1', test_number='null', supplier='', create_time=2024-09-25T16:13:58, finish_time=2024-09-27T14:33:22, result_judge='null', test_Overseas='国内', sample_schedule='1', sample_DQE='啊实打实', sample_Developer='问问问', tester='卢健', tester_teamwork='卢健', planfinish_time='2024-09-27 16:13:00', danger='null', filepath='C:\ddwyy-lj\savepath\CM007 007_大货样_A1_第2次送样_是非当时.xlsx', sample_leader='啊萨达萨达', priority='优先', sample_remark ='12', sample_frequency ='2', sample_quantity ='2', big_species ='视频类', small_species ='采集卡', high_frequency ='否', questStats ='无', testDuration ='1.8', planTestDuration ='2.0'}, Samples{sample_id=260, sample_model='CM007', sample_coding='007', full_model='CM007 007', sample_name='第二次送样的0073', sample_category='大货样', chip_control='', version_software='', version_hardware='', version='A1', test_number='null', supplier='', create_time=2024-09-25T16:13:12, finish_time=null, result_judge='null', test_Overseas='国内', sample_schedule='0', sample_DQE='啊实打实', sample_Developer='', tester='卢健', tester_teamwork='卢健', planfinish_time='2024-09-27 16:13:00', danger='null', filepath='C:\ddwyy-lj\savepath\CM007 007_大货样_A1_第1次送样_第二次送样的0073.xlsx', sample_leader='', priority='优先', sample_remark ='12', sample_frequency ='1', sample_quantity ='1', big_species ='视频类', small_species ='采集卡', high_frequency ='否', questStats ='无', testDuration ='0.0', planTestDuration ='2.0'}, Samples{sample_id=255, sample_model='CM999', sample_coding='999', full_model='CM999 999', sample_name='翻页笔222', sample_category='功能样', chip_control='', version_software='', version_hardware='', version='A2', test_number='null', supplier='', create_time=2024-09-19T19:48, finish_time=null, result_judge='null', test_Overseas='国内', sample_schedule='0', sample_DQE='', sample_Developer='', tester='卢健', tester_teamwork='卢健', planfinish_time='2024-09-21 09:47:00', danger='null', filepath='C:\ddwyy-lj\savepath\CM999 999_功能样_A2_第2次送样_翻页笔222.xlsx', sample_leader='', priority='加急', sample_remark ='', sample_frequency ='2', sample_quantity ='3', big_species ='蓝牙类', small_species ='电容笔', high_frequency ='否', questStats ='新品', testDuration ='0.0', planTestDuration ='1.5'}, Samples{sample_id=254, sample_model='CM999', sample_coding='999', full_model='CM999 999', sample_name='翻页笔1', sample_category='大货样', chip_control='null', version_software='null', version_hardware='null', version='A1', test_number='null', supplier='null', create_time=2024-09-19T19:45:36, finish_time=null, result_judge='null', test_Overseas='null', sample_schedule='0', sample_DQE='null', sample_Developer='null', tester='卢健', tester_teamwork='卢健', planfinish_time='2024-09-20 19:45:00', danger='null', filepath='C:\ddwyy-lj\savepath\CM999 999_大货样_A1_第1次送样_翻页笔1.xlsx', sample_leader='null', priority='null', sample_remark ='null', sample_frequency ='1', sample_quantity ='12', big_species ='蓝牙类', small_species ='电容笔', high_frequency ='否', questStats ='无', testDuration ='0.0', planTestDuration ='0.0'}, Samples{sample_id=230, sample_model='CM888', sample_coding='888', full_model='CM888 888', sample_name='水晶头模阿111', sample_category='功能样', chip_control='1', version_software='2', version_hardware='3', version='A1', test_number='null', supplier='4', create_time=2024-09-18T09:47:55, finish_time=2024-09-19T18:50:03, result_judge='null', test_Overseas='国内', sample_schedule='1', sample_DQE='7', sample_Developer='8', tester='卢健', tester_teamwork='卢健', planfinish_time='2024-08-02 01:47:00', danger='null', filepath='C:\ddwyy-lj\savepath\CM888 888_功能样_A1_第2次送样_水晶头模阿111.xlsx', sample_leader='9', priority='优先', sample_remark ='6', sample_frequency ='2', sample_quantity ='3', big_species ='蓝牙类', small_species ='触控笔', high_frequency ='否', questStats ='新品', testDuration ='1.9', planTestDuration ='0.0'}, Samples{sample_id=252, sample_model='CM918', sample_coding='918', full_model='CM918 918', sample_name='918勿忘国耻！', sample_category='大货样', chip_control='null', version_software='null', version_hardware='null', version='A2', test_number='null', supplier='null', create_time=2024-09-09T15:53:30, finish_time=2024-09-19T21:53:02, result_judge='null', test_Overseas='null', sample_schedule='1', sample_DQE='null', sample_Developer='null', tester='卢健', tester_teamwork='卢健', planfinish_time='2024-09-20 15:53:00', danger='null', filepath='C:\ddwyy-lj\savepath\CM918 918_大货样_A2_第2次送样_918勿忘国耻！.xlsx', sample_leader='null', priority='null', sample_remark ='null', sample_frequency ='2', sample_quantity ='3', big_species ='视频类', small_species ='扩展坞', high_frequency ='否', questStats ='新设备', testDuration ='9.3', planTestDuration ='10.0'}, Samples{sample_id=251, sample_model='CM2323', sample_coding='2323', full_model='CM2323 2323', sample_name='USB_-C转3xUSB3.0+HDMI+VGA+SD_TF+RJ45+3.5mm+PD_4K@30Hz', sample_category='大货样', chip_control='null', version_software='null', version_hardware='null', version='ASD2', test_number='null', supplier='null', create_time=2024-09-07T16:34:04, finish_time=2024-09-11T11:06:56, result_judge='null', test_Overseas='null', sample_schedule='0', sample_DQE='null', sample_Developer='null', tester='卢健', tester_teamwork='卢健', planfinish_time='2024-09-07 19:38:00', danger='null', filepath='C:\ddwyy-lj\savepath\CM2323 2323_大货样_ASD2_第2次送样_USB_-C转3xUSB3.0+HDMI+VGA+SD_TF+RJ45+3.5mm+PD_4K@30Hz.xlsx', sample_leader='null', priority='null', sample_remark ='null', sample_frequency ='2', sample_quantity ='3', big_species ='视频类', small_species ='KVM分频器切换器', high_frequency ='否', questStats ='无', testDuration ='0.0', planTestDuration ='0.0'}, Samples{sample_id=250, sample_model='CVM777', sample_coding='777', full_model='CVM777 777', sample_name='解决bUG1343231', sample_category='功能样', chip_control='1', version_software='2', version_hardware='3', version='A1', test_number='null', supplier='海盈', create_time=2024-09-05T11:32, finish_time=2024-09-13T16:01:55, result_judge='null', test_Overseas='国内+国外', sample_schedule='1', sample_DQE='邓令章', sample_Developer='张源', tester='卢健', tester_teamwork='卢健', planfinish_time='2024-09-05 11:34:00', danger='null', filepath='C:\ddwyy-lj\savepath\CVM777 777_功能样_A1_第2次送样_解决bUG1343231.xlsx', sample_leader='6', priority='加急', sample_remark ='4', sample_frequency ='2', sample_quantity ='3', big_species ='视频类', small_species ='扩展坞', high_frequency ='否', questStats ='新软件版本', testDuration ='0.0', planTestDuration ='0.0'}, Samples{sample_id=249, sample_model='CM888', sample_coding='888', full_model='CM888 888', sample_name='USB-C转3xUSB3.0+HDMI+VGA+SD_TF+RJ45+3.5mm+PD_4K@30Hz', sample_category='功能样', chip_control='FL7102-2Q0 QFN40：Panther_FL7102_PNW_Dongle_V7.99.38.29_2024_0514_1059_g16_X6400.bin；GL3590-OV3C2,QFN88：PUYA P25Q21H-TSH-IR TSSOP8(2M)(烧录：GL3590-OV3C2_Hub_TWG_uportB_FW6400.bin)；RTD2143-CG_QFN88(RealTek/瑞昱)：PUYA P25Q16SH-TSH-IR TSSOP8(16M)(40nm)(烧录：RTD2143_UGREEN_CM498_2H_V1p50.bin)', version_software='', version_hardware='', version='A2', test_number='null', supplier='', create_time=2024-09-05T10:41:51, finish_time=2024-09-19T15:45:57, result_judge='null', test_Overseas='国内', sample_schedule='1', sample_DQE='邓小英', sample_Developer='', tester='卢健', tester_teamwork='卢健', planfinish_time='2024-09-07 13:44:00', danger='null', filepath='C:\ddwyy-lj\savepath\CM888 888_功能样_A2_第2次送样_USB-C转3xUSB3.0+HDMI+VGA+SD_TF+RJ45+3.5mm+PD_4K@30Hz.xlsx', sample_leader='', priority='优先', sample_remark ='', sample_frequency ='2', sample_quantity ='3', big_species ='视频类', small_species ='扩展坞', high_frequency ='否', questStats ='新品', testDuration ='14.4', planTestDuration ='0.0'}, Samples{sample_id=241, sample_model='CM333', sample_coding='333', full_model='CM333 333', sample_name='三模鼠标模板12345678901223', sample_category='大货样', chip_control='', version_software='', version_hardware='', version='D1', test_number='null', supplier='湘凡', create_time=2024-08-23T09:55:44, finish_time=2024-09-19T14:16:08, result_judge='null', test_Overseas='国内', sample_schedule='1', sample_DQE='', sample_Developer='邓小英', tester='卢健', tester_teamwork='卢健', planfinish_time='2024-08-23 11:58:00', danger='null', filepath='C:\ddwyy-lj\savepath\CM333 333_大货样_D1_第2次送样_三模鼠标模板12345678901223.xlsx', sample_leader='张源', priority='同步', sample_remark ='', sample_frequency ='2', sample_quantity ='3', big_species ='音视频线类', small_species ='DP线', high_frequency ='否', questStats ='无', testDuration ='25.4', planTestDuration ='0.0'}, Samples{sample_id=235, sample_model='CM233', sample_coding='223', full_model='CM233 223', sample_name='坚哥的112344', sample_category='功能样', chip_control='', version_software='', version_hardware='', version='A2', test_number='null', supplier='', create_time=2024-07-30T22:00:01, finish_time=2024-08-24T13:52:40, result_judge='null', test_Overseas='国外', sample_schedule='0', sample_DQE='', sample_Developer='', tester='卢健', tester_teamwork='卢健', planfinish_time='2024-08-08 00:01:00', danger='null', filepath='C:\ddwyy-lj\savepath\CM233 223_功能样_A2_第2次送样_坚哥的112344.xlsx', sample_leader='', priority='优先', sample_remark ='', sample_frequency ='2', sample_quantity ='3', big_species ='视频类', small_species ='分配器', high_frequency ='否', questStats ='新品', testDuration ='0.0', planTestDuration ='0.0'}, Samples{sample_id=224, sample_model='CM213', sample_coding='213', full_model='CM213 213', sample_name='内外贸扩展坞1', sample_category='功能样', chip_control='', version_software='', version_hardware='', version='A1', test_number='null', supplier='', create_time=2024-07-30T21:19:23, finish_time=2024-09-18T10:57:55, result_judge='null', test_Overseas='国内+国外', sample_schedule='1', sample_DQE='', sample_Developer='', tester='卢健', tester_teamwork='卢健', planfinish_time='2024-07-30 02:25:00', danger='null', filepath='C:\ddwyy-lj\savepath\CM213 213_功能样_A1_第2次送样_内外贸扩展坞1.xlsx', sample_leader='', priority='加急', sample_remark ='', sample_frequency ='2', sample_quantity ='3', big_species ='视频类', small_species ='扩展坞', high_frequency ='否', questStats ='新设备', testDuration ='0.0', planTestDuration ='0.0'}, Samples{sample_id=206, sample_model='CM222', sample_coding='222', full_model='CM222 222', sample_name='单转22334451232138213', sample_category='大货样', chip_control='', version_software='', version_hardware='', version='A1', test_number='null', supplier='', create_time=2024-07-26T10:09:15, finish_time=2024-09-18T10:33:44, result_judge='null', test_Overseas='国内', sample_schedule='0', sample_DQE='', sample_Developer='', tester='卢健', tester_teamwork='卢健', planfinish_time='2024-07-26 12:11:00', danger='null', filepath='C:\ddwyy-lj\savepath\CM222 222_大货样_A1_第1次送样_单转22334451232138213.xlsx', sample_leader='', priority='优先', sample_remark ='', sample_frequency ='1', sample_quantity ='2', big_species ='音视频线类', small_species ='DP线', high_frequency ='否', questStats ='新品', testDuration ='0.0', planTestDuration ='0.0'}]
2024-10-07 22:15:38 INFO  c.l.d.c.testManIndexController - 尝试重命名文件：oldFilePath=C:\ddwyy-lj\savepath\CM007 007_大货样_A1_第2次送样_是非当时.xlsx, newFileName=C:\ddwyy-lj\savepath\CM007 007_大货样_A1_第2次送样_是非当时1.xlsx
2024-10-07 22:15:38 INFO  c.l.d.c.testManIndexController - updateSamples文件重命名成功C:\ddwyy-lj\savepath\CM007 007_大货样_A1_第2次送样_是非当时.xlsx -> C:\ddwyy-lj\savepath\CM007 007_大货样_A1_第2次送样_是非当时1.xlsx
2024-10-07 22:15:38 INFO  c.l.d.c.testManIndexController - updateSamples样品信息更新成功:卢健
2024-10-07 22:15:38 INFO  c.l.d.c.testManIndexController - 没有 sheetData_C:\ddwyy-lj\savepath\CM007 007_大货样_A1_第2次送样_是非当时.xlsx 的缓存
2024-10-07 22:15:38 INFO  c.l.d.c.testManIndexController - 没有 sheetNames_C:\ddwyy-lj\savepath\CM007 007_大货样_A1_第2次送样_是非当时.xlsx 的缓存
2024-10-07 22:15:39 INFO  c.l.d.c.testManIndexController - 没有 collectData_C:\ddwyy-lj\savepath\CM007 007_大货样_A1_第2次送样_是非当时.xlsx 的缓存
2024-10-07 22:15:39 INFO  c.l.d.c.testManIndexController - json文件没有找到 C:/ddwyy-lj/jsonpath\CM007 007_大货样_A1_第2次送样_是非当时.json
2024-10-07 22:15:46 INFO  c.l.d.c.testManIndexController - getUUID:"6beaee8d5081b9f667a38c876755eccf"
2024-10-07 22:15:46 INFO  c.l.d.c.testManIndexController - jsonFilePath:C:/ddwyy-lj/jsonpath\CM007 007_大货样_A1_第2次送样_是非当时1.json
2024-10-07 22:15:46 INFO  c.l.d.c.testManIndexController - JSON file does not exist: C:/ddwyy-lj/jsonpath\CM007 007_大货样_A1_第2次送样_是非当时1.json
2024-10-07 22:16:20 ERROR o.a.c.c.C.[.[.[.[dispatcherServlet] - Servlet.service() for servlet [dispatcherServlet] in context with path [] threw exception [Handler dispatch failed; nested exception is java.lang.OutOfMemoryError: GC overhead limit exceeded] with root cause
java.lang.OutOfMemoryError: GC overhead limit exceeded
	at sun.reflect.GeneratedConstructorAccessor63.newInstance(Unknown Source)
	at sun.reflect.DelegatingConstructorAccessorImpl.newInstance(DelegatingConstructorAccessorImpl.java:45)
	at java.lang.reflect.Constructor.newInstance(Constructor.java:423)
	at org.apache.xmlbeans.impl.schema.SchemaTypeImpl.createUnattachedNode(SchemaTypeImpl.java:1934)
	at org.apache.xmlbeans.impl.schema.SchemaTypeImpl.createElementType(SchemaTypeImpl.java:1051)
	at org.apache.xmlbeans.impl.values.XmlObjectBase.create_element_user(XmlObjectBase.java:938)
	at org.apache.xmlbeans.impl.store.Xobj.getUser(Xobj.java:1675)
	at org.apache.xmlbeans.impl.store.Xobj.find_all_element_users(Xobj.java:2098)
	at org.openxmlformats.schemas.spreadsheetml.x2006.main.impl.CTSheetDataImpl.getRowArray(Unknown Source)
	at org.apache.poi.xssf.usermodel.XSSFSheet.initRows(XSSFSheet.java:267)
	at org.apache.poi.xssf.usermodel.XSSFSheet.read(XSSFSheet.java:231)
	at org.apache.poi.xssf.usermodel.XSSFSheet.onDocumentRead(XSSFSheet.java:218)
	at org.apache.poi.xssf.usermodel.XSSFWorkbook.parseSheet(XSSFWorkbook.java:454)
	at org.apache.poi.xssf.usermodel.XSSFWorkbook.onDocumentRead(XSSFWorkbook.java:419)
	at org.apache.poi.ooxml.POIXMLDocument.load(POIXMLDocument.java:184)
	at org.apache.poi.xssf.usermodel.XSSFWorkbook.<init>(XSSFWorkbook.java:288)
	at org.apache.poi.xssf.usermodel.XSSFWorkbook.<init>(XSSFWorkbook.java:309)
	at com.lu.ddwyydemo04.Service.ExcelShowService.getSheetData(ExcelShowService.java:93)
	at com.lu.ddwyydemo04.Service.ExcelShowService.getAllSheetData(ExcelShowService.java:210)
	at com.lu.ddwyydemo04.controller.ExcelShowController.getAllSheetData(ExcelShowController.java:232)
	at sun.reflect.NativeMethodAccessorImpl.invoke0(Native Method)
	at sun.reflect.NativeMethodAccessorImpl.invoke(NativeMethodAccessorImpl.java:62)
	at sun.reflect.DelegatingMethodAccessorImpl.invoke(DelegatingMethodAccessorImpl.java:43)
	at java.lang.reflect.Method.invoke(Method.java:498)
	at org.springframework.web.method.support.InvocableHandlerMethod.doInvoke(InvocableHandlerMethod.java:197)
	at org.springframework.web.method.support.InvocableHandlerMethod.invokeForRequest(InvocableHandlerMethod.java:141)
	at org.springframework.web.servlet.mvc.method.annotation.ServletInvocableHandlerMethod.invokeAndHandle(ServletInvocableHandlerMethod.java:106)
	at org.springframework.web.servlet.mvc.method.annotation.RequestMappingHandlerAdapter.invokeHandlerMethod(RequestMappingHandlerAdapter.java:894)
	at org.springframework.web.servlet.mvc.method.annotation.RequestMappingHandlerAdapter.handleInternal(RequestMappingHandlerAdapter.java:808)
	at org.springframework.web.servlet.mvc.method.AbstractHandlerMethodAdapter.handle(AbstractHandlerMethodAdapter.java:87)
	at org.springframework.web.servlet.DispatcherServlet.doDispatch(DispatcherServlet.java:1060)
	at org.springframework.web.servlet.DispatcherServlet.doService(DispatcherServlet.java:962)
2024-10-07 22:20:04 INFO  o.s.s.c.ThreadPoolTaskExecutor - Shutting down ExecutorService 'applicationTaskExecutor'
2024-10-07 22:20:04 INFO  com.zaxxer.hikari.HikariDataSource - HikariPool-1 - Shutdown initiated...
2024-10-07 22:20:04 INFO  com.zaxxer.hikari.HikariDataSource - HikariPool-1 - Shutdown completed.
2024-10-07 22:20:07 INFO  c.l.d.DdwyyDemo04Application - Starting DdwyyDemo04Application using Java 1.8.0_391 on liushuige with PID 58636 (C:\ddwyy\ddwyyDemo04\target\classes started by LJ in C:\ddwyy\ddwyyDemo04)
2024-10-07 22:20:07 INFO  c.l.d.DdwyyDemo04Application - The following profiles are active: dev
2024-10-07 22:20:08 INFO  o.s.b.w.e.tomcat.TomcatWebServer - Tomcat initialized with port(s): 8080 (http)
2024-10-07 22:20:08 INFO  o.a.coyote.http11.Http11NioProtocol - Initializing ProtocolHandler ["http-nio-8080"]
2024-10-07 22:20:08 INFO  o.a.catalina.core.StandardService - Starting service [Tomcat]
2024-10-07 22:20:08 INFO  o.a.catalina.core.StandardEngine - Starting Servlet engine: [Apache Tomcat/9.0.41]
2024-10-07 22:20:08 INFO  o.a.c.c.C.[Tomcat].[localhost].[/] - Initializing Spring embedded WebApplicationContext
2024-10-07 22:20:08 INFO  o.s.b.w.s.c.ServletWebServerApplicationContext - Root WebApplicationContext: initialization completed in 539 ms
2024-10-07 22:20:08 INFO  o.s.s.c.ThreadPoolTaskExecutor - Initializing ExecutorService 'applicationTaskExecutor'
2024-10-07 22:20:08 INFO  o.s.b.a.w.s.WelcomePageHandlerMapping - Adding welcome page: class path resource [static/index.html]
2024-10-07 22:20:08 WARN  o.t.templatemode.TemplateMode - [THYMELEAF][main] Template Mode 'HTML5' is deprecated. Using Template Mode 'HTML' instead.
2024-10-07 22:20:08 INFO  o.a.coyote.http11.Http11NioProtocol - Starting ProtocolHandler ["http-nio-8080"]
2024-10-07 22:20:08 INFO  o.s.b.w.e.tomcat.TomcatWebServer - Tomcat started on port(s): 8080 (http) with context path ''
2024-10-07 22:20:08 INFO  c.l.d.DdwyyDemo04Application - Started DdwyyDemo04Application in 1.141 seconds (JVM running for 1.728)
2024-10-07 22:20:11 INFO  o.a.c.c.C.[Tomcat].[localhost].[/] - Initializing Spring DispatcherServlet 'dispatcherServlet'
2024-10-07 22:20:11 INFO  o.s.web.servlet.DispatcherServlet - Initializing Servlet 'dispatcherServlet'
2024-10-07 22:20:11 INFO  o.s.web.servlet.DispatcherServlet - Completed initialization in 1 ms
2024-10-07 22:20:14 INFO  com.zaxxer.hikari.HikariDataSource - HikariPool-1 - Starting...
2024-10-07 22:20:14 INFO  com.zaxxer.hikari.HikariDataSource - HikariPool-1 - Start completed.
2024-10-07 22:20:14 INFO  c.l.d.c.testManIndexController - getTestManPanel查询成功：[Samples{sample_id=261, sample_model='CM007', sample_coding='007', full_model='CM007 007', sample_name='是非当时1', sample_category='大货样', chip_control='', version_software='', version_hardware='', version='A1', test_number='null', supplier='', create_time=2024-09-25T16:13:58, finish_time=2024-09-27T14:33:22, result_judge='null', test_Overseas='国内', sample_schedule='1', sample_DQE='啊实打实', sample_Developer='问问问', tester='卢健', tester_teamwork='卢健', planfinish_time='2024-09-27 16:13:00', danger='null', filepath='C:\ddwyy-lj\savepath\CM007 007_大货样_A1_第2次送样_是非当时1.xlsx', sample_leader='啊萨达萨达', priority='优先', sample_remark ='12', sample_frequency ='2', sample_quantity ='2', big_species ='视频类', small_species ='采集卡', high_frequency ='否', questStats ='无', testDuration ='1.8', planTestDuration ='2.0'}, Samples{sample_id=260, sample_model='CM007', sample_coding='007', full_model='CM007 007', sample_name='第二次送样的0073', sample_category='大货样', chip_control='', version_software='', version_hardware='', version='A1', test_number='null', supplier='', create_time=2024-09-25T16:13:12, finish_time=null, result_judge='null', test_Overseas='国内', sample_schedule='0', sample_DQE='啊实打实', sample_Developer='', tester='卢健', tester_teamwork='卢健', planfinish_time='2024-09-27 16:13:00', danger='null', filepath='C:\ddwyy-lj\savepath\CM007 007_大货样_A1_第1次送样_第二次送样的0073.xlsx', sample_leader='', priority='优先', sample_remark ='12', sample_frequency ='1', sample_quantity ='1', big_species ='视频类', small_species ='采集卡', high_frequency ='否', questStats ='无', testDuration ='0.0', planTestDuration ='2.0'}, Samples{sample_id=255, sample_model='CM999', sample_coding='999', full_model='CM999 999', sample_name='翻页笔222', sample_category='功能样', chip_control='', version_software='', version_hardware='', version='A2', test_number='null', supplier='', create_time=2024-09-19T19:48, finish_time=null, result_judge='null', test_Overseas='国内', sample_schedule='0', sample_DQE='', sample_Developer='', tester='卢健', tester_teamwork='卢健', planfinish_time='2024-09-21 09:47:00', danger='null', filepath='C:\ddwyy-lj\savepath\CM999 999_功能样_A2_第2次送样_翻页笔222.xlsx', sample_leader='', priority='加急', sample_remark ='', sample_frequency ='2', sample_quantity ='3', big_species ='蓝牙类', small_species ='电容笔', high_frequency ='否', questStats ='新品', testDuration ='0.0', planTestDuration ='1.5'}, Samples{sample_id=254, sample_model='CM999', sample_coding='999', full_model='CM999 999', sample_name='翻页笔1', sample_category='大货样', chip_control='null', version_software='null', version_hardware='null', version='A1', test_number='null', supplier='null', create_time=2024-09-19T19:45:36, finish_time=null, result_judge='null', test_Overseas='null', sample_schedule='0', sample_DQE='null', sample_Developer='null', tester='卢健', tester_teamwork='卢健', planfinish_time='2024-09-20 19:45:00', danger='null', filepath='C:\ddwyy-lj\savepath\CM999 999_大货样_A1_第1次送样_翻页笔1.xlsx', sample_leader='null', priority='null', sample_remark ='null', sample_frequency ='1', sample_quantity ='12', big_species ='蓝牙类', small_species ='电容笔', high_frequency ='否', questStats ='无', testDuration ='0.0', planTestDuration ='0.0'}, Samples{sample_id=230, sample_model='CM888', sample_coding='888', full_model='CM888 888', sample_name='水晶头模阿111', sample_category='功能样', chip_control='1', version_software='2', version_hardware='3', version='A1', test_number='null', supplier='4', create_time=2024-09-18T09:47:55, finish_time=2024-09-19T18:50:03, result_judge='null', test_Overseas='国内', sample_schedule='1', sample_DQE='7', sample_Developer='8', tester='卢健', tester_teamwork='卢健', planfinish_time='2024-08-02 01:47:00', danger='null', filepath='C:\ddwyy-lj\savepath\CM888 888_功能样_A1_第2次送样_水晶头模阿111.xlsx', sample_leader='9', priority='优先', sample_remark ='6', sample_frequency ='2', sample_quantity ='3', big_species ='蓝牙类', small_species ='触控笔', high_frequency ='否', questStats ='新品', testDuration ='1.9', planTestDuration ='0.0'}, Samples{sample_id=252, sample_model='CM918', sample_coding='918', full_model='CM918 918', sample_name='918勿忘国耻！', sample_category='大货样', chip_control='null', version_software='null', version_hardware='null', version='A2', test_number='null', supplier='null', create_time=2024-09-09T15:53:30, finish_time=2024-09-19T21:53:02, result_judge='null', test_Overseas='null', sample_schedule='1', sample_DQE='null', sample_Developer='null', tester='卢健', tester_teamwork='卢健', planfinish_time='2024-09-20 15:53:00', danger='null', filepath='C:\ddwyy-lj\savepath\CM918 918_大货样_A2_第2次送样_918勿忘国耻！.xlsx', sample_leader='null', priority='null', sample_remark ='null', sample_frequency ='2', sample_quantity ='3', big_species ='视频类', small_species ='扩展坞', high_frequency ='否', questStats ='新设备', testDuration ='9.3', planTestDuration ='10.0'}, Samples{sample_id=251, sample_model='CM2323', sample_coding='2323', full_model='CM2323 2323', sample_name='USB_-C转3xUSB3.0+HDMI+VGA+SD_TF+RJ45+3.5mm+PD_4K@30Hz', sample_category='大货样', chip_control='null', version_software='null', version_hardware='null', version='ASD2', test_number='null', supplier='null', create_time=2024-09-07T16:34:04, finish_time=2024-09-11T11:06:56, result_judge='null', test_Overseas='null', sample_schedule='0', sample_DQE='null', sample_Developer='null', tester='卢健', tester_teamwork='卢健', planfinish_time='2024-09-07 19:38:00', danger='null', filepath='C:\ddwyy-lj\savepath\CM2323 2323_大货样_ASD2_第2次送样_USB_-C转3xUSB3.0+HDMI+VGA+SD_TF+RJ45+3.5mm+PD_4K@30Hz.xlsx', sample_leader='null', priority='null', sample_remark ='null', sample_frequency ='2', sample_quantity ='3', big_species ='视频类', small_species ='KVM分频器切换器', high_frequency ='否', questStats ='无', testDuration ='0.0', planTestDuration ='0.0'}, Samples{sample_id=250, sample_model='CVM777', sample_coding='777', full_model='CVM777 777', sample_name='解决bUG1343231', sample_category='功能样', chip_control='1', version_software='2', version_hardware='3', version='A1', test_number='null', supplier='海盈', create_time=2024-09-05T11:32, finish_time=2024-09-13T16:01:55, result_judge='null', test_Overseas='国内+国外', sample_schedule='1', sample_DQE='邓令章', sample_Developer='张源', tester='卢健', tester_teamwork='卢健', planfinish_time='2024-09-05 11:34:00', danger='null', filepath='C:\ddwyy-lj\savepath\CVM777 777_功能样_A1_第2次送样_解决bUG1343231.xlsx', sample_leader='6', priority='加急', sample_remark ='4', sample_frequency ='2', sample_quantity ='3', big_species ='视频类', small_species ='扩展坞', high_frequency ='否', questStats ='新软件版本', testDuration ='0.0', planTestDuration ='0.0'}, Samples{sample_id=249, sample_model='CM888', sample_coding='888', full_model='CM888 888', sample_name='USB-C转3xUSB3.0+HDMI+VGA+SD_TF+RJ45+3.5mm+PD_4K@30Hz', sample_category='功能样', chip_control='FL7102-2Q0 QFN40：Panther_FL7102_PNW_Dongle_V7.99.38.29_2024_0514_1059_g16_X6400.bin；GL3590-OV3C2,QFN88：PUYA P25Q21H-TSH-IR TSSOP8(2M)(烧录：GL3590-OV3C2_Hub_TWG_uportB_FW6400.bin)；RTD2143-CG_QFN88(RealTek/瑞昱)：PUYA P25Q16SH-TSH-IR TSSOP8(16M)(40nm)(烧录：RTD2143_UGREEN_CM498_2H_V1p50.bin)', version_software='', version_hardware='', version='A2', test_number='null', supplier='', create_time=2024-09-05T10:41:51, finish_time=2024-09-19T15:45:57, result_judge='null', test_Overseas='国内', sample_schedule='1', sample_DQE='邓小英', sample_Developer='', tester='卢健', tester_teamwork='卢健', planfinish_time='2024-09-07 13:44:00', danger='null', filepath='C:\ddwyy-lj\savepath\CM888 888_功能样_A2_第2次送样_USB-C转3xUSB3.0+HDMI+VGA+SD_TF+RJ45+3.5mm+PD_4K@30Hz.xlsx', sample_leader='', priority='优先', sample_remark ='', sample_frequency ='2', sample_quantity ='3', big_species ='视频类', small_species ='扩展坞', high_frequency ='否', questStats ='新品', testDuration ='14.4', planTestDuration ='0.0'}, Samples{sample_id=241, sample_model='CM333', sample_coding='333', full_model='CM333 333', sample_name='三模鼠标模板12345678901223', sample_category='大货样', chip_control='', version_software='', version_hardware='', version='D1', test_number='null', supplier='湘凡', create_time=2024-08-23T09:55:44, finish_time=2024-09-19T14:16:08, result_judge='null', test_Overseas='国内', sample_schedule='1', sample_DQE='', sample_Developer='邓小英', tester='卢健', tester_teamwork='卢健', planfinish_time='2024-08-23 11:58:00', danger='null', filepath='C:\ddwyy-lj\savepath\CM333 333_大货样_D1_第2次送样_三模鼠标模板12345678901223.xlsx', sample_leader='张源', priority='同步', sample_remark ='', sample_frequency ='2', sample_quantity ='3', big_species ='音视频线类', small_species ='DP线', high_frequency ='否', questStats ='无', testDuration ='25.4', planTestDuration ='0.0'}, Samples{sample_id=235, sample_model='CM233', sample_coding='223', full_model='CM233 223', sample_name='坚哥的112344', sample_category='功能样', chip_control='', version_software='', version_hardware='', version='A2', test_number='null', supplier='', create_time=2024-07-30T22:00:01, finish_time=2024-08-24T13:52:40, result_judge='null', test_Overseas='国外', sample_schedule='0', sample_DQE='', sample_Developer='', tester='卢健', tester_teamwork='卢健', planfinish_time='2024-08-08 00:01:00', danger='null', filepath='C:\ddwyy-lj\savepath\CM233 223_功能样_A2_第2次送样_坚哥的112344.xlsx', sample_leader='', priority='优先', sample_remark ='', sample_frequency ='2', sample_quantity ='3', big_species ='视频类', small_species ='分配器', high_frequency ='否', questStats ='新品', testDuration ='0.0', planTestDuration ='0.0'}, Samples{sample_id=224, sample_model='CM213', sample_coding='213', full_model='CM213 213', sample_name='内外贸扩展坞1', sample_category='功能样', chip_control='', version_software='', version_hardware='', version='A1', test_number='null', supplier='', create_time=2024-07-30T21:19:23, finish_time=2024-09-18T10:57:55, result_judge='null', test_Overseas='国内+国外', sample_schedule='1', sample_DQE='', sample_Developer='', tester='卢健', tester_teamwork='卢健', planfinish_time='2024-07-30 02:25:00', danger='null', filepath='C:\ddwyy-lj\savepath\CM213 213_功能样_A1_第2次送样_内外贸扩展坞1.xlsx', sample_leader='', priority='加急', sample_remark ='', sample_frequency ='2', sample_quantity ='3', big_species ='视频类', small_species ='扩展坞', high_frequency ='否', questStats ='新设备', testDuration ='0.0', planTestDuration ='0.0'}, Samples{sample_id=206, sample_model='CM222', sample_coding='222', full_model='CM222 222', sample_name='单转22334451232138213', sample_category='大货样', chip_control='', version_software='', version_hardware='', version='A1', test_number='null', supplier='', create_time=2024-07-26T10:09:15, finish_time=2024-09-18T10:33:44, result_judge='null', test_Overseas='国内', sample_schedule='0', sample_DQE='', sample_Developer='', tester='卢健', tester_teamwork='卢健', planfinish_time='2024-07-26 12:11:00', danger='null', filepath='C:\ddwyy-lj\savepath\CM222 222_大货样_A1_第1次送样_单转22334451232138213.xlsx', sample_leader='', priority='优先', sample_remark ='', sample_frequency ='1', sample_quantity ='2', big_species ='音视频线类', small_species ='DP线', high_frequency ='否', questStats ='新品', testDuration ='0.0', planTestDuration ='0.0'}]
2024-10-07 22:20:20 INFO  c.l.d.c.testManIndexController - 尝试重命名文件：oldFilePath=C:\ddwyy-lj\savepath\CM007 007_大货样_A1_第2次送样_是非当时1.xlsx, newFileName=C:\ddwyy-lj\savepath\CM007 007_大货样_A1_第2次送样_是非当时12.xlsx
2024-10-07 22:20:20 INFO  c.l.d.c.testManIndexController - updateSamples文件重命名成功C:\ddwyy-lj\savepath\CM007 007_大货样_A1_第2次送样_是非当时1.xlsx -> C:\ddwyy-lj\savepath\CM007 007_大货样_A1_第2次送样_是非当时12.xlsx
2024-10-07 22:20:20 INFO  c.l.d.c.testManIndexController - updateSamples样品信息更新成功:卢健
2024-10-07 22:20:20 INFO  c.l.d.c.testManIndexController - 没有 sheetData_C:\ddwyy-lj\savepath\CM007 007_大货样_A1_第2次送样_是非当时1.xlsx 的缓存
2024-10-07 22:20:20 INFO  c.l.d.c.testManIndexController - 没有 sheetNames_C:\ddwyy-lj\savepath\CM007 007_大货样_A1_第2次送样_是非当时1.xlsx 的缓存
2024-10-07 22:20:20 INFO  c.l.d.c.testManIndexController - 没有 collectData_C:\ddwyy-lj\savepath\CM007 007_大货样_A1_第2次送样_是非当时1.xlsx 的缓存
2024-10-07 22:20:20 INFO  c.l.d.c.testManIndexController - json文件没有找到 C:/ddwyy-lj/jsonpath\CM007 007_大货样_A1_第2次送样_是非当时1.json
2024-10-07 22:20:27 INFO  c.l.d.c.testManIndexController - getUUID:"6beaee8d5081b9f667a38c876755eccf"
2024-10-07 22:20:27 INFO  c.l.d.c.testManIndexController - jsonFilePath:C:/ddwyy-lj/jsonpath\CM007 007_大货样_A1_第2次送样_是非当时12.json
2024-10-07 22:20:27 INFO  c.l.d.c.testManIndexController - JSON file does not exist: C:/ddwyy-lj/jsonpath\CM007 007_大货样_A1_第2次送样_是非当时12.json
2024-10-07 22:23:33 INFO  c.l.d.DdwyyDemo04Application - Starting DdwyyDemo04Application using Java 1.8.0_391 on liushuige with PID 55228 (C:\ddwyy\ddwyyDemo04\target\classes started by LJ in C:\ddwyy\ddwyyDemo04)
2024-10-07 22:23:33 INFO  c.l.d.DdwyyDemo04Application - The following profiles are active: dev
2024-10-07 22:23:34 INFO  o.s.b.w.e.tomcat.TomcatWebServer - Tomcat initialized with port(s): 8080 (http)
2024-10-07 22:23:34 INFO  o.a.coyote.http11.Http11NioProtocol - Initializing ProtocolHandler ["http-nio-8080"]
2024-10-07 22:23:34 INFO  o.a.catalina.core.StandardService - Starting service [Tomcat]
2024-10-07 22:23:34 INFO  o.a.catalina.core.StandardEngine - Starting Servlet engine: [Apache Tomcat/9.0.41]
2024-10-07 22:23:34 INFO  o.a.c.c.C.[Tomcat].[localhost].[/] - Initializing Spring embedded WebApplicationContext
2024-10-07 22:23:34 INFO  o.s.b.w.s.c.ServletWebServerApplicationContext - Root WebApplicationContext: initialization completed in 495 ms
2024-10-07 22:23:34 INFO  o.s.s.c.ThreadPoolTaskExecutor - Initializing ExecutorService 'applicationTaskExecutor'
2024-10-07 22:23:34 INFO  o.s.b.a.w.s.WelcomePageHandlerMapping - Adding welcome page: class path resource [static/index.html]
2024-10-07 22:23:34 WARN  o.t.templatemode.TemplateMode - [THYMELEAF][main] Template Mode 'HTML5' is deprecated. Using Template Mode 'HTML' instead.
2024-10-07 22:23:34 INFO  o.a.coyote.http11.Http11NioProtocol - Starting ProtocolHandler ["http-nio-8080"]
2024-10-07 22:23:34 INFO  o.s.b.w.e.tomcat.TomcatWebServer - Tomcat started on port(s): 8080 (http) with context path ''
2024-10-07 22:23:34 INFO  c.l.d.DdwyyDemo04Application - Started DdwyyDemo04Application in 1.08 seconds (JVM running for 1.665)
2024-10-07 22:23:39 INFO  o.a.c.c.C.[Tomcat].[localhost].[/] - Initializing Spring DispatcherServlet 'dispatcherServlet'
2024-10-07 22:23:39 INFO  o.s.web.servlet.DispatcherServlet - Initializing Servlet 'dispatcherServlet'
2024-10-07 22:23:39 INFO  o.s.web.servlet.DispatcherServlet - Completed initialization in 0 ms
2024-10-07 22:23:41 INFO  com.zaxxer.hikari.HikariDataSource - HikariPool-1 - Starting...
2024-10-07 22:23:42 INFO  com.zaxxer.hikari.HikariDataSource - HikariPool-1 - Start completed.
2024-10-07 22:23:42 INFO  c.l.d.c.testManIndexController - getTestManPanel查询成功：[Samples{sample_id=261, sample_model='CM007', sample_coding='007', full_model='CM007 007', sample_name='是非当时12', sample_category='大货样', chip_control='', version_software='', version_hardware='', version='A1', test_number='null', supplier='', create_time=2024-09-25T16:13:58, finish_time=2024-09-27T14:33:22, result_judge='null', test_Overseas='国内', sample_schedule='1', sample_DQE='啊实打实', sample_Developer='问问问', tester='卢健', tester_teamwork='卢健', planfinish_time='2024-09-27 16:13:00', danger='null', filepath='C:\ddwyy-lj\savepath\CM007 007_大货样_A1_第2次送样_是非当时12.xlsx', sample_leader='啊萨达萨达', priority='优先', sample_remark ='12', sample_frequency ='2', sample_quantity ='2', big_species ='视频类', small_species ='采集卡', high_frequency ='否', questStats ='无', testDuration ='1.8', planTestDuration ='2.0'}, Samples{sample_id=260, sample_model='CM007', sample_coding='007', full_model='CM007 007', sample_name='第二次送样的0073', sample_category='大货样', chip_control='', version_software='', version_hardware='', version='A1', test_number='null', supplier='', create_time=2024-09-25T16:13:12, finish_time=null, result_judge='null', test_Overseas='国内', sample_schedule='0', sample_DQE='啊实打实', sample_Developer='', tester='卢健', tester_teamwork='卢健', planfinish_time='2024-09-27 16:13:00', danger='null', filepath='C:\ddwyy-lj\savepath\CM007 007_大货样_A1_第1次送样_第二次送样的0073.xlsx', sample_leader='', priority='优先', sample_remark ='12', sample_frequency ='1', sample_quantity ='1', big_species ='视频类', small_species ='采集卡', high_frequency ='否', questStats ='无', testDuration ='0.0', planTestDuration ='2.0'}, Samples{sample_id=255, sample_model='CM999', sample_coding='999', full_model='CM999 999', sample_name='翻页笔222', sample_category='功能样', chip_control='', version_software='', version_hardware='', version='A2', test_number='null', supplier='', create_time=2024-09-19T19:48, finish_time=null, result_judge='null', test_Overseas='国内', sample_schedule='0', sample_DQE='', sample_Developer='', tester='卢健', tester_teamwork='卢健', planfinish_time='2024-09-21 09:47:00', danger='null', filepath='C:\ddwyy-lj\savepath\CM999 999_功能样_A2_第2次送样_翻页笔222.xlsx', sample_leader='', priority='加急', sample_remark ='', sample_frequency ='2', sample_quantity ='3', big_species ='蓝牙类', small_species ='电容笔', high_frequency ='否', questStats ='新品', testDuration ='0.0', planTestDuration ='1.5'}, Samples{sample_id=254, sample_model='CM999', sample_coding='999', full_model='CM999 999', sample_name='翻页笔1', sample_category='大货样', chip_control='null', version_software='null', version_hardware='null', version='A1', test_number='null', supplier='null', create_time=2024-09-19T19:45:36, finish_time=null, result_judge='null', test_Overseas='null', sample_schedule='0', sample_DQE='null', sample_Developer='null', tester='卢健', tester_teamwork='卢健', planfinish_time='2024-09-20 19:45:00', danger='null', filepath='C:\ddwyy-lj\savepath\CM999 999_大货样_A1_第1次送样_翻页笔1.xlsx', sample_leader='null', priority='null', sample_remark ='null', sample_frequency ='1', sample_quantity ='12', big_species ='蓝牙类', small_species ='电容笔', high_frequency ='否', questStats ='无', testDuration ='0.0', planTestDuration ='0.0'}, Samples{sample_id=230, sample_model='CM888', sample_coding='888', full_model='CM888 888', sample_name='水晶头模阿111', sample_category='功能样', chip_control='1', version_software='2', version_hardware='3', version='A1', test_number='null', supplier='4', create_time=2024-09-18T09:47:55, finish_time=2024-09-19T18:50:03, result_judge='null', test_Overseas='国内', sample_schedule='1', sample_DQE='7', sample_Developer='8', tester='卢健', tester_teamwork='卢健', planfinish_time='2024-08-02 01:47:00', danger='null', filepath='C:\ddwyy-lj\savepath\CM888 888_功能样_A1_第2次送样_水晶头模阿111.xlsx', sample_leader='9', priority='优先', sample_remark ='6', sample_frequency ='2', sample_quantity ='3', big_species ='蓝牙类', small_species ='触控笔', high_frequency ='否', questStats ='新品', testDuration ='1.9', planTestDuration ='0.0'}, Samples{sample_id=252, sample_model='CM918', sample_coding='918', full_model='CM918 918', sample_name='918勿忘国耻！', sample_category='大货样', chip_control='null', version_software='null', version_hardware='null', version='A2', test_number='null', supplier='null', create_time=2024-09-09T15:53:30, finish_time=2024-09-19T21:53:02, result_judge='null', test_Overseas='null', sample_schedule='1', sample_DQE='null', sample_Developer='null', tester='卢健', tester_teamwork='卢健', planfinish_time='2024-09-20 15:53:00', danger='null', filepath='C:\ddwyy-lj\savepath\CM918 918_大货样_A2_第2次送样_918勿忘国耻！.xlsx', sample_leader='null', priority='null', sample_remark ='null', sample_frequency ='2', sample_quantity ='3', big_species ='视频类', small_species ='扩展坞', high_frequency ='否', questStats ='新设备', testDuration ='9.3', planTestDuration ='10.0'}, Samples{sample_id=251, sample_model='CM2323', sample_coding='2323', full_model='CM2323 2323', sample_name='USB_-C转3xUSB3.0+HDMI+VGA+SD_TF+RJ45+3.5mm+PD_4K@30Hz', sample_category='大货样', chip_control='null', version_software='null', version_hardware='null', version='ASD2', test_number='null', supplier='null', create_time=2024-09-07T16:34:04, finish_time=2024-09-11T11:06:56, result_judge='null', test_Overseas='null', sample_schedule='0', sample_DQE='null', sample_Developer='null', tester='卢健', tester_teamwork='卢健', planfinish_time='2024-09-07 19:38:00', danger='null', filepath='C:\ddwyy-lj\savepath\CM2323 2323_大货样_ASD2_第2次送样_USB_-C转3xUSB3.0+HDMI+VGA+SD_TF+RJ45+3.5mm+PD_4K@30Hz.xlsx', sample_leader='null', priority='null', sample_remark ='null', sample_frequency ='2', sample_quantity ='3', big_species ='视频类', small_species ='KVM分频器切换器', high_frequency ='否', questStats ='无', testDuration ='0.0', planTestDuration ='0.0'}, Samples{sample_id=250, sample_model='CVM777', sample_coding='777', full_model='CVM777 777', sample_name='解决bUG1343231', sample_category='功能样', chip_control='1', version_software='2', version_hardware='3', version='A1', test_number='null', supplier='海盈', create_time=2024-09-05T11:32, finish_time=2024-09-13T16:01:55, result_judge='null', test_Overseas='国内+国外', sample_schedule='1', sample_DQE='邓令章', sample_Developer='张源', tester='卢健', tester_teamwork='卢健', planfinish_time='2024-09-05 11:34:00', danger='null', filepath='C:\ddwyy-lj\savepath\CVM777 777_功能样_A1_第2次送样_解决bUG1343231.xlsx', sample_leader='6', priority='加急', sample_remark ='4', sample_frequency ='2', sample_quantity ='3', big_species ='视频类', small_species ='扩展坞', high_frequency ='否', questStats ='新软件版本', testDuration ='0.0', planTestDuration ='0.0'}, Samples{sample_id=249, sample_model='CM888', sample_coding='888', full_model='CM888 888', sample_name='USB-C转3xUSB3.0+HDMI+VGA+SD_TF+RJ45+3.5mm+PD_4K@30Hz', sample_category='功能样', chip_control='FL7102-2Q0 QFN40：Panther_FL7102_PNW_Dongle_V7.99.38.29_2024_0514_1059_g16_X6400.bin；GL3590-OV3C2,QFN88：PUYA P25Q21H-TSH-IR TSSOP8(2M)(烧录：GL3590-OV3C2_Hub_TWG_uportB_FW6400.bin)；RTD2143-CG_QFN88(RealTek/瑞昱)：PUYA P25Q16SH-TSH-IR TSSOP8(16M)(40nm)(烧录：RTD2143_UGREEN_CM498_2H_V1p50.bin)', version_software='', version_hardware='', version='A2', test_number='null', supplier='', create_time=2024-09-05T10:41:51, finish_time=2024-09-19T15:45:57, result_judge='null', test_Overseas='国内', sample_schedule='1', sample_DQE='邓小英', sample_Developer='', tester='卢健', tester_teamwork='卢健', planfinish_time='2024-09-07 13:44:00', danger='null', filepath='C:\ddwyy-lj\savepath\CM888 888_功能样_A2_第2次送样_USB-C转3xUSB3.0+HDMI+VGA+SD_TF+RJ45+3.5mm+PD_4K@30Hz.xlsx', sample_leader='', priority='优先', sample_remark ='', sample_frequency ='2', sample_quantity ='3', big_species ='视频类', small_species ='扩展坞', high_frequency ='否', questStats ='新品', testDuration ='14.4', planTestDuration ='0.0'}, Samples{sample_id=241, sample_model='CM333', sample_coding='333', full_model='CM333 333', sample_name='三模鼠标模板12345678901223', sample_category='大货样', chip_control='', version_software='', version_hardware='', version='D1', test_number='null', supplier='湘凡', create_time=2024-08-23T09:55:44, finish_time=2024-09-19T14:16:08, result_judge='null', test_Overseas='国内', sample_schedule='1', sample_DQE='', sample_Developer='邓小英', tester='卢健', tester_teamwork='卢健', planfinish_time='2024-08-23 11:58:00', danger='null', filepath='C:\ddwyy-lj\savepath\CM333 333_大货样_D1_第2次送样_三模鼠标模板12345678901223.xlsx', sample_leader='张源', priority='同步', sample_remark ='', sample_frequency ='2', sample_quantity ='3', big_species ='音视频线类', small_species ='DP线', high_frequency ='否', questStats ='无', testDuration ='25.4', planTestDuration ='0.0'}, Samples{sample_id=235, sample_model='CM233', sample_coding='223', full_model='CM233 223', sample_name='坚哥的112344', sample_category='功能样', chip_control='', version_software='', version_hardware='', version='A2', test_number='null', supplier='', create_time=2024-07-30T22:00:01, finish_time=2024-08-24T13:52:40, result_judge='null', test_Overseas='国外', sample_schedule='0', sample_DQE='', sample_Developer='', tester='卢健', tester_teamwork='卢健', planfinish_time='2024-08-08 00:01:00', danger='null', filepath='C:\ddwyy-lj\savepath\CM233 223_功能样_A2_第2次送样_坚哥的112344.xlsx', sample_leader='', priority='优先', sample_remark ='', sample_frequency ='2', sample_quantity ='3', big_species ='视频类', small_species ='分配器', high_frequency ='否', questStats ='新品', testDuration ='0.0', planTestDuration ='0.0'}, Samples{sample_id=224, sample_model='CM213', sample_coding='213', full_model='CM213 213', sample_name='内外贸扩展坞1', sample_category='功能样', chip_control='', version_software='', version_hardware='', version='A1', test_number='null', supplier='', create_time=2024-07-30T21:19:23, finish_time=2024-09-18T10:57:55, result_judge='null', test_Overseas='国内+国外', sample_schedule='1', sample_DQE='', sample_Developer='', tester='卢健', tester_teamwork='卢健', planfinish_time='2024-07-30 02:25:00', danger='null', filepath='C:\ddwyy-lj\savepath\CM213 213_功能样_A1_第2次送样_内外贸扩展坞1.xlsx', sample_leader='', priority='加急', sample_remark ='', sample_frequency ='2', sample_quantity ='3', big_species ='视频类', small_species ='扩展坞', high_frequency ='否', questStats ='新设备', testDuration ='0.0', planTestDuration ='0.0'}, Samples{sample_id=206, sample_model='CM222', sample_coding='222', full_model='CM222 222', sample_name='单转22334451232138213', sample_category='大货样', chip_control='', version_software='', version_hardware='', version='A1', test_number='null', supplier='', create_time=2024-07-26T10:09:15, finish_time=2024-09-18T10:33:44, result_judge='null', test_Overseas='国内', sample_schedule='0', sample_DQE='', sample_Developer='', tester='卢健', tester_teamwork='卢健', planfinish_time='2024-07-26 12:11:00', danger='null', filepath='C:\ddwyy-lj\savepath\CM222 222_大货样_A1_第1次送样_单转22334451232138213.xlsx', sample_leader='', priority='优先', sample_remark ='', sample_frequency ='1', sample_quantity ='2', big_species ='音视频线类', small_species ='DP线', high_frequency ='否', questStats ='新品', testDuration ='0.0', planTestDuration ='0.0'}]
2024-10-07 22:23:44 INFO  c.l.d.c.testManIndexController - 尝试重命名文件：oldFilePath=C:\ddwyy-lj\savepath\CM007 007_大货样_A1_第2次送样_是非当时12.xlsx, newFileName=C:\ddwyy-lj\savepath\CM007 007_大货样_A1_第2次送样_是非当时123.xlsx
2024-10-07 22:23:44 INFO  c.l.d.c.testManIndexController - updateSamples文件重命名成功C:\ddwyy-lj\savepath\CM007 007_大货样_A1_第2次送样_是非当时12.xlsx -> C:\ddwyy-lj\savepath\CM007 007_大货样_A1_第2次送样_是非当时123.xlsx
2024-10-07 22:23:44 INFO  c.l.d.c.testManIndexController - updateSamples样品信息更新成功:卢健
2024-10-07 22:23:44 INFO  c.l.d.c.testManIndexController - 没有 sheetData_C:\ddwyy-lj\savepath\CM007 007_大货样_A1_第2次送样_是非当时12.xlsx 的缓存
2024-10-07 22:23:44 INFO  c.l.d.c.testManIndexController - 没有 sheetNames_C:\ddwyy-lj\savepath\CM007 007_大货样_A1_第2次送样_是非当时12.xlsx 的缓存
2024-10-07 22:23:44 INFO  c.l.d.c.testManIndexController - 没有 collectData_C:\ddwyy-lj\savepath\CM007 007_大货样_A1_第2次送样_是非当时12.xlsx 的缓存
2024-10-07 22:23:44 INFO  c.l.d.c.testManIndexController - json文件没有找到 C:/ddwyy-lj/jsonpath\CM007 007_大货样_A1_第2次送样_是非当时12.json
2024-10-07 22:23:51 INFO  c.l.d.c.testManIndexController - getUUID:"6beaee8d5081b9f667a38c876755eccf"
2024-10-07 22:23:51 INFO  c.l.d.c.testManIndexController - jsonFilePath:C:/ddwyy-lj/jsonpath\CM007 007_大货样_A1_第2次送样_是非当时123.json
2024-10-07 22:23:51 INFO  c.l.d.c.testManIndexController - JSON file does not exist: C:/ddwyy-lj/jsonpath\CM007 007_大货样_A1_第2次送样_是非当时123.json
2024-10-07 22:35:03 INFO  c.l.d.DdwyyDemo04Application - Starting DdwyyDemo04Application using Java 1.8.0_391 on liushuige with PID 46760 (C:\ddwyy\ddwyyDemo04\target\classes started by LJ in C:\ddwyy\ddwyyDemo04)
2024-10-07 22:35:03 INFO  c.l.d.DdwyyDemo04Application - The following profiles are active: dev
2024-10-07 22:35:04 INFO  o.s.b.w.e.tomcat.TomcatWebServer - Tomcat initialized with port(s): 8080 (http)
2024-10-07 22:35:04 INFO  o.a.coyote.http11.Http11NioProtocol - Initializing ProtocolHandler ["http-nio-8080"]
2024-10-07 22:35:04 INFO  o.a.catalina.core.StandardService - Starting service [Tomcat]
2024-10-07 22:35:04 INFO  o.a.catalina.core.StandardEngine - Starting Servlet engine: [Apache Tomcat/9.0.41]
2024-10-07 22:35:04 INFO  o.a.c.c.C.[Tomcat].[localhost].[/] - Initializing Spring embedded WebApplicationContext
2024-10-07 22:35:04 INFO  o.s.b.w.s.c.ServletWebServerApplicationContext - Root WebApplicationContext: initialization completed in 791 ms
2024-10-07 22:35:05 INFO  o.s.s.c.ThreadPoolTaskExecutor - Initializing ExecutorService 'applicationTaskExecutor'
2024-10-07 22:35:05 INFO  o.s.b.a.w.s.WelcomePageHandlerMapping - Adding welcome page: class path resource [static/index.html]
2024-10-07 22:35:05 WARN  o.t.templatemode.TemplateMode - [THYMELEAF][main] Template Mode 'HTML5' is deprecated. Using Template Mode 'HTML' instead.
2024-10-07 22:35:05 INFO  o.a.coyote.http11.Http11NioProtocol - Starting ProtocolHandler ["http-nio-8080"]
2024-10-07 22:35:05 INFO  o.s.b.w.e.tomcat.TomcatWebServer - Tomcat started on port(s): 8080 (http) with context path ''
2024-10-07 22:35:05 INFO  c.l.d.DdwyyDemo04Application - Started DdwyyDemo04Application in 1.421 seconds (JVM running for 2.054)
2024-10-07 22:35:07 INFO  o.a.c.c.C.[Tomcat].[localhost].[/] - Initializing Spring DispatcherServlet 'dispatcherServlet'
2024-10-07 22:35:07 INFO  o.s.web.servlet.DispatcherServlet - Initializing Servlet 'dispatcherServlet'
2024-10-07 22:35:07 INFO  o.s.web.servlet.DispatcherServlet - Completed initialization in 1 ms
2024-10-07 22:35:50 INFO  com.zaxxer.hikari.HikariDataSource - HikariPool-1 - Starting...
2024-10-07 22:35:50 INFO  com.zaxxer.hikari.HikariDataSource - HikariPool-1 - Start completed.
2024-10-07 22:35:50 INFO  c.l.d.c.testManIndexController - getTestManPanel查询成功：[Samples{sample_id=261, sample_model='CM007', sample_coding='007', full_model='CM007 007', sample_name='是非当时123', sample_category='大货样', chip_control='', version_software='', version_hardware='', version='A1', test_number='null', supplier='', create_time=2024-09-25T16:13:58, finish_time=2024-09-27T14:33:22, result_judge='null', test_Overseas='国内', sample_schedule='1', sample_DQE='啊实打实', sample_Developer='问问问', tester='卢健', tester_teamwork='卢健', planfinish_time='2024-09-27 16:13:00', danger='null', filepath='C:\ddwyy-lj\savepath\CM007 007_大货样_A1_第2次送样_是非当时123.xlsx', sample_leader='啊萨达萨达', priority='优先', sample_remark ='12', sample_frequency ='2', sample_quantity ='2', big_species ='视频类', small_species ='采集卡', high_frequency ='否', questStats ='无', testDuration ='1.8', planTestDuration ='2.0'}, Samples{sample_id=260, sample_model='CM007', sample_coding='007', full_model='CM007 007', sample_name='第二次送样的0073', sample_category='大货样', chip_control='', version_software='', version_hardware='', version='A1', test_number='null', supplier='', create_time=2024-09-25T16:13:12, finish_time=null, result_judge='null', test_Overseas='国内', sample_schedule='0', sample_DQE='啊实打实', sample_Developer='', tester='卢健', tester_teamwork='卢健', planfinish_time='2024-09-27 16:13:00', danger='null', filepath='C:\ddwyy-lj\savepath\CM007 007_大货样_A1_第1次送样_第二次送样的0073.xlsx', sample_leader='', priority='优先', sample_remark ='12', sample_frequency ='1', sample_quantity ='1', big_species ='视频类', small_species ='采集卡', high_frequency ='否', questStats ='无', testDuration ='0.0', planTestDuration ='2.0'}, Samples{sample_id=255, sample_model='CM999', sample_coding='999', full_model='CM999 999', sample_name='翻页笔222', sample_category='功能样', chip_control='', version_software='', version_hardware='', version='A2', test_number='null', supplier='', create_time=2024-09-19T19:48, finish_time=null, result_judge='null', test_Overseas='国内', sample_schedule='0', sample_DQE='', sample_Developer='', tester='卢健', tester_teamwork='卢健', planfinish_time='2024-09-21 09:47:00', danger='null', filepath='C:\ddwyy-lj\savepath\CM999 999_功能样_A2_第2次送样_翻页笔222.xlsx', sample_leader='', priority='加急', sample_remark ='', sample_frequency ='2', sample_quantity ='3', big_species ='蓝牙类', small_species ='电容笔', high_frequency ='否', questStats ='新品', testDuration ='0.0', planTestDuration ='1.5'}, Samples{sample_id=254, sample_model='CM999', sample_coding='999', full_model='CM999 999', sample_name='翻页笔1', sample_category='大货样', chip_control='null', version_software='null', version_hardware='null', version='A1', test_number='null', supplier='null', create_time=2024-09-19T19:45:36, finish_time=null, result_judge='null', test_Overseas='null', sample_schedule='0', sample_DQE='null', sample_Developer='null', tester='卢健', tester_teamwork='卢健', planfinish_time='2024-09-20 19:45:00', danger='null', filepath='C:\ddwyy-lj\savepath\CM999 999_大货样_A1_第1次送样_翻页笔1.xlsx', sample_leader='null', priority='null', sample_remark ='null', sample_frequency ='1', sample_quantity ='12', big_species ='蓝牙类', small_species ='电容笔', high_frequency ='否', questStats ='无', testDuration ='0.0', planTestDuration ='0.0'}, Samples{sample_id=230, sample_model='CM888', sample_coding='888', full_model='CM888 888', sample_name='水晶头模阿111', sample_category='功能样', chip_control='1', version_software='2', version_hardware='3', version='A1', test_number='null', supplier='4', create_time=2024-09-18T09:47:55, finish_time=2024-09-19T18:50:03, result_judge='null', test_Overseas='国内', sample_schedule='1', sample_DQE='7', sample_Developer='8', tester='卢健', tester_teamwork='卢健', planfinish_time='2024-08-02 01:47:00', danger='null', filepath='C:\ddwyy-lj\savepath\CM888 888_功能样_A1_第2次送样_水晶头模阿111.xlsx', sample_leader='9', priority='优先', sample_remark ='6', sample_frequency ='2', sample_quantity ='3', big_species ='蓝牙类', small_species ='触控笔', high_frequency ='否', questStats ='新品', testDuration ='1.9', planTestDuration ='0.0'}, Samples{sample_id=252, sample_model='CM918', sample_coding='918', full_model='CM918 918', sample_name='918勿忘国耻！', sample_category='大货样', chip_control='null', version_software='null', version_hardware='null', version='A2', test_number='null', supplier='null', create_time=2024-09-09T15:53:30, finish_time=2024-09-19T21:53:02, result_judge='null', test_Overseas='null', sample_schedule='1', sample_DQE='null', sample_Developer='null', tester='卢健', tester_teamwork='卢健', planfinish_time='2024-09-20 15:53:00', danger='null', filepath='C:\ddwyy-lj\savepath\CM918 918_大货样_A2_第2次送样_918勿忘国耻！.xlsx', sample_leader='null', priority='null', sample_remark ='null', sample_frequency ='2', sample_quantity ='3', big_species ='视频类', small_species ='扩展坞', high_frequency ='否', questStats ='新设备', testDuration ='9.3', planTestDuration ='10.0'}, Samples{sample_id=251, sample_model='CM2323', sample_coding='2323', full_model='CM2323 2323', sample_name='USB_-C转3xUSB3.0+HDMI+VGA+SD_TF+RJ45+3.5mm+PD_4K@30Hz', sample_category='大货样', chip_control='null', version_software='null', version_hardware='null', version='ASD2', test_number='null', supplier='null', create_time=2024-09-07T16:34:04, finish_time=2024-09-11T11:06:56, result_judge='null', test_Overseas='null', sample_schedule='0', sample_DQE='null', sample_Developer='null', tester='卢健', tester_teamwork='卢健', planfinish_time='2024-09-07 19:38:00', danger='null', filepath='C:\ddwyy-lj\savepath\CM2323 2323_大货样_ASD2_第2次送样_USB_-C转3xUSB3.0+HDMI+VGA+SD_TF+RJ45+3.5mm+PD_4K@30Hz.xlsx', sample_leader='null', priority='null', sample_remark ='null', sample_frequency ='2', sample_quantity ='3', big_species ='视频类', small_species ='KVM分频器切换器', high_frequency ='否', questStats ='无', testDuration ='0.0', planTestDuration ='0.0'}, Samples{sample_id=250, sample_model='CVM777', sample_coding='777', full_model='CVM777 777', sample_name='解决bUG1343231', sample_category='功能样', chip_control='1', version_software='2', version_hardware='3', version='A1', test_number='null', supplier='海盈', create_time=2024-09-05T11:32, finish_time=2024-09-13T16:01:55, result_judge='null', test_Overseas='国内+国外', sample_schedule='1', sample_DQE='邓令章', sample_Developer='张源', tester='卢健', tester_teamwork='卢健', planfinish_time='2024-09-05 11:34:00', danger='null', filepath='C:\ddwyy-lj\savepath\CVM777 777_功能样_A1_第2次送样_解决bUG1343231.xlsx', sample_leader='6', priority='加急', sample_remark ='4', sample_frequency ='2', sample_quantity ='3', big_species ='视频类', small_species ='扩展坞', high_frequency ='否', questStats ='新软件版本', testDuration ='0.0', planTestDuration ='0.0'}, Samples{sample_id=249, sample_model='CM888', sample_coding='888', full_model='CM888 888', sample_name='USB-C转3xUSB3.0+HDMI+VGA+SD_TF+RJ45+3.5mm+PD_4K@30Hz', sample_category='功能样', chip_control='FL7102-2Q0 QFN40：Panther_FL7102_PNW_Dongle_V7.99.38.29_2024_0514_1059_g16_X6400.bin；GL3590-OV3C2,QFN88：PUYA P25Q21H-TSH-IR TSSOP8(2M)(烧录：GL3590-OV3C2_Hub_TWG_uportB_FW6400.bin)；RTD2143-CG_QFN88(RealTek/瑞昱)：PUYA P25Q16SH-TSH-IR TSSOP8(16M)(40nm)(烧录：RTD2143_UGREEN_CM498_2H_V1p50.bin)', version_software='', version_hardware='', version='A2', test_number='null', supplier='', create_time=2024-09-05T10:41:51, finish_time=2024-09-19T15:45:57, result_judge='null', test_Overseas='国内', sample_schedule='1', sample_DQE='邓小英', sample_Developer='', tester='卢健', tester_teamwork='卢健', planfinish_time='2024-09-07 13:44:00', danger='null', filepath='C:\ddwyy-lj\savepath\CM888 888_功能样_A2_第2次送样_USB-C转3xUSB3.0+HDMI+VGA+SD_TF+RJ45+3.5mm+PD_4K@30Hz.xlsx', sample_leader='', priority='优先', sample_remark ='', sample_frequency ='2', sample_quantity ='3', big_species ='视频类', small_species ='扩展坞', high_frequency ='否', questStats ='新品', testDuration ='14.4', planTestDuration ='0.0'}, Samples{sample_id=241, sample_model='CM333', sample_coding='333', full_model='CM333 333', sample_name='三模鼠标模板12345678901223', sample_category='大货样', chip_control='', version_software='', version_hardware='', version='D1', test_number='null', supplier='湘凡', create_time=2024-08-23T09:55:44, finish_time=2024-09-19T14:16:08, result_judge='null', test_Overseas='国内', sample_schedule='1', sample_DQE='', sample_Developer='邓小英', tester='卢健', tester_teamwork='卢健', planfinish_time='2024-08-23 11:58:00', danger='null', filepath='C:\ddwyy-lj\savepath\CM333 333_大货样_D1_第2次送样_三模鼠标模板12345678901223.xlsx', sample_leader='张源', priority='同步', sample_remark ='', sample_frequency ='2', sample_quantity ='3', big_species ='音视频线类', small_species ='DP线', high_frequency ='否', questStats ='无', testDuration ='25.4', planTestDuration ='0.0'}, Samples{sample_id=235, sample_model='CM233', sample_coding='223', full_model='CM233 223', sample_name='坚哥的112344', sample_category='功能样', chip_control='', version_software='', version_hardware='', version='A2', test_number='null', supplier='', create_time=2024-07-30T22:00:01, finish_time=2024-08-24T13:52:40, result_judge='null', test_Overseas='国外', sample_schedule='0', sample_DQE='', sample_Developer='', tester='卢健', tester_teamwork='卢健', planfinish_time='2024-08-08 00:01:00', danger='null', filepath='C:\ddwyy-lj\savepath\CM233 223_功能样_A2_第2次送样_坚哥的112344.xlsx', sample_leader='', priority='优先', sample_remark ='', sample_frequency ='2', sample_quantity ='3', big_species ='视频类', small_species ='分配器', high_frequency ='否', questStats ='新品', testDuration ='0.0', planTestDuration ='0.0'}, Samples{sample_id=224, sample_model='CM213', sample_coding='213', full_model='CM213 213', sample_name='内外贸扩展坞1', sample_category='功能样', chip_control='', version_software='', version_hardware='', version='A1', test_number='null', supplier='', create_time=2024-07-30T21:19:23, finish_time=2024-09-18T10:57:55, result_judge='null', test_Overseas='国内+国外', sample_schedule='1', sample_DQE='', sample_Developer='', tester='卢健', tester_teamwork='卢健', planfinish_time='2024-07-30 02:25:00', danger='null', filepath='C:\ddwyy-lj\savepath\CM213 213_功能样_A1_第2次送样_内外贸扩展坞1.xlsx', sample_leader='', priority='加急', sample_remark ='', sample_frequency ='2', sample_quantity ='3', big_species ='视频类', small_species ='扩展坞', high_frequency ='否', questStats ='新设备', testDuration ='0.0', planTestDuration ='0.0'}, Samples{sample_id=206, sample_model='CM222', sample_coding='222', full_model='CM222 222', sample_name='单转22334451232138213', sample_category='大货样', chip_control='', version_software='', version_hardware='', version='A1', test_number='null', supplier='', create_time=2024-07-26T10:09:15, finish_time=2024-09-18T10:33:44, result_judge='null', test_Overseas='国内', sample_schedule='0', sample_DQE='', sample_Developer='', tester='卢健', tester_teamwork='卢健', planfinish_time='2024-07-26 12:11:00', danger='null', filepath='C:\ddwyy-lj\savepath\CM222 222_大货样_A1_第1次送样_单转22334451232138213.xlsx', sample_leader='', priority='优先', sample_remark ='', sample_frequency ='1', sample_quantity ='2', big_species ='音视频线类', small_species ='DP线', high_frequency ='否', questStats ='新品', testDuration ='0.0', planTestDuration ='0.0'}]
2024-10-07 22:35:52 INFO  c.l.d.c.testManIndexController - 尝试重命名文件：oldFilePath=C:\ddwyy-lj\savepath\CM007 007_大货样_A1_第2次送样_是非当时123.xlsx, newFileName=C:\ddwyy-lj\savepath\CM007 007_大货样_A1_第2次送样_是非当时1234.xlsx
2024-10-07 22:35:52 INFO  c.l.d.c.testManIndexController - updateSamples文件重命名成功C:\ddwyy-lj\savepath\CM007 007_大货样_A1_第2次送样_是非当时123.xlsx -> C:\ddwyy-lj\savepath\CM007 007_大货样_A1_第2次送样_是非当时1234.xlsx
2024-10-07 22:35:52 INFO  c.l.d.c.testManIndexController - updateSamples样品信息更新成功:卢健
2024-10-07 22:35:52 INFO  c.l.d.c.testManIndexController - 没有 sheetData_C:\ddwyy-lj\savepath\CM007 007_大货样_A1_第2次送样_是非当时123.xlsx 的缓存
2024-10-07 22:35:52 INFO  c.l.d.c.testManIndexController - 没有 sheetNames_C:\ddwyy-lj\savepath\CM007 007_大货样_A1_第2次送样_是非当时123.xlsx 的缓存
2024-10-07 22:35:52 INFO  c.l.d.c.testManIndexController - 没有 collectData_C:\ddwyy-lj\savepath\CM007 007_大货样_A1_第2次送样_是非当时123.xlsx 的缓存
2024-10-07 22:35:52 INFO  c.l.d.c.testManIndexController - json文件没有找到 C:/ddwyy-lj/jsonpath\CM007 007_大货样_A1_第2次送样_是非当时123.json
2024-10-07 22:36:00 INFO  c.l.d.c.testManIndexController - getUUID:"6beaee8d5081b9f667a38c876755eccf"
2024-10-07 22:36:00 INFO  c.l.d.c.testManIndexController - jsonFilePath:C:/ddwyy-lj/jsonpath\CM007 007_大货样_A1_第2次送样_是非当时1234.json
2024-10-07 22:36:00 INFO  c.l.d.c.testManIndexController - JSON file does not exist: C:/ddwyy-lj/jsonpath\CM007 007_大货样_A1_第2次送样_是非当时1234.json
2024-10-07 22:36:19 INFO  c.l.d.c.testManIndexController - C:\ddwyy-lj\savepath\CM007 007_大货样_A1_第2次送样_是非当时1234.xlsx更新UUID，返回值是：1
2024-10-07 22:41:09 INFO  c.l.d.c.testManIndexController - saveData：{测试履历-1-6={sheetName=测试履历, row=1, column=6, value=卢健}, 封面-0-0={sheetName=封面, row=0, column=0, value=啊实打实打算, color=black, scrollHeight=125}}
2024-10-07 22:44:43 INFO  o.s.s.c.ThreadPoolTaskExecutor - Shutting down ExecutorService 'applicationTaskExecutor'
2024-10-07 22:44:43 INFO  com.zaxxer.hikari.HikariDataSource - HikariPool-1 - Shutdown initiated...
2024-10-07 22:44:43 INFO  com.zaxxer.hikari.HikariDataSource - HikariPool-1 - Shutdown completed.
2024-10-07 22:52:16 INFO  c.l.d.DdwyyDemo04Application - Starting DdwyyDemo04Application using Java 1.8.0_391 on liushuige with PID 50804 (C:\ddwyy\ddwyyDemo04\target\classes started by LJ in C:\ddwyy\ddwyyDemo04)
2024-10-07 22:52:16 INFO  c.l.d.DdwyyDemo04Application - The following profiles are active: dev
2024-10-07 22:52:16 INFO  o.s.b.w.e.tomcat.TomcatWebServer - Tomcat initialized with port(s): 8080 (http)
2024-10-07 22:52:16 INFO  o.a.coyote.http11.Http11NioProtocol - Initializing ProtocolHandler ["http-nio-8080"]
2024-10-07 22:52:16 INFO  o.a.catalina.core.StandardService - Starting service [Tomcat]
2024-10-07 22:52:16 INFO  o.a.catalina.core.StandardEngine - Starting Servlet engine: [Apache Tomcat/9.0.41]
2024-10-07 22:52:16 INFO  o.a.c.c.C.[Tomcat].[localhost].[/] - Initializing Spring embedded WebApplicationContext
2024-10-07 22:52:16 INFO  o.s.b.w.s.c.ServletWebServerApplicationContext - Root WebApplicationContext: initialization completed in 517 ms
2024-10-07 22:52:17 INFO  o.s.s.c.ThreadPoolTaskExecutor - Initializing ExecutorService 'applicationTaskExecutor'
2024-10-07 22:52:17 INFO  o.s.b.a.w.s.WelcomePageHandlerMapping - Adding welcome page: class path resource [static/index.html]
2024-10-07 22:52:17 WARN  o.t.templatemode.TemplateMode - [THYMELEAF][main] Template Mode 'HTML5' is deprecated. Using Template Mode 'HTML' instead.
2024-10-07 22:52:17 INFO  o.a.coyote.http11.Http11NioProtocol - Starting ProtocolHandler ["http-nio-8080"]
2024-10-07 22:52:17 INFO  o.s.b.w.e.tomcat.TomcatWebServer - Tomcat started on port(s): 8080 (http) with context path ''
2024-10-07 22:52:17 INFO  c.l.d.DdwyyDemo04Application - Started DdwyyDemo04Application in 1.1 seconds (JVM running for 1.67)
2024-10-07 22:52:19 INFO  o.s.s.c.ThreadPoolTaskExecutor - Shutting down ExecutorService 'applicationTaskExecutor'
2024-10-07 22:55:07 INFO  c.l.d.DdwyyDemo04Application - Starting DdwyyDemo04Application using Java 1.8.0_391 on liushuige with PID 2736 (C:\ddwyy\ddwyyDemo04\target\classes started by LJ in C:\ddwyy\ddwyyDemo04)
2024-10-07 22:55:07 INFO  c.l.d.DdwyyDemo04Application - The following profiles are active: dev
2024-10-07 22:55:08 INFO  o.s.b.w.e.tomcat.TomcatWebServer - Tomcat initialized with port(s): 8080 (http)
2024-10-07 22:55:08 INFO  o.a.coyote.http11.Http11NioProtocol - Initializing ProtocolHandler ["http-nio-8080"]
2024-10-07 22:55:08 INFO  o.a.catalina.core.StandardService - Starting service [Tomcat]
2024-10-07 22:55:08 INFO  o.a.catalina.core.StandardEngine - Starting Servlet engine: [Apache Tomcat/9.0.41]
2024-10-07 22:55:08 INFO  o.a.c.c.C.[Tomcat].[localhost].[/] - Initializing Spring embedded WebApplicationContext
2024-10-07 22:55:08 INFO  o.s.b.w.s.c.ServletWebServerApplicationContext - Root WebApplicationContext: initialization completed in 575 ms
2024-10-07 22:55:08 INFO  o.s.s.c.ThreadPoolTaskExecutor - Initializing ExecutorService 'applicationTaskExecutor'
2024-10-07 22:55:08 INFO  o.s.b.a.w.s.WelcomePageHandlerMapping - Adding welcome page: class path resource [static/index.html]
2024-10-07 22:55:08 WARN  o.t.templatemode.TemplateMode - [THYMELEAF][main] Template Mode 'HTML5' is deprecated. Using Template Mode 'HTML' instead.
2024-10-07 22:55:08 INFO  o.a.coyote.http11.Http11NioProtocol - Starting ProtocolHandler ["http-nio-8080"]
2024-10-07 22:55:08 INFO  o.s.b.w.e.tomcat.TomcatWebServer - Tomcat started on port(s): 8080 (http) with context path ''
2024-10-07 22:55:08 INFO  c.l.d.DdwyyDemo04Application - Started DdwyyDemo04Application in 1.169 seconds (JVM running for 1.744)
2024-10-07 22:55:15 INFO  o.a.c.c.C.[Tomcat].[localhost].[/] - Initializing Spring DispatcherServlet 'dispatcherServlet'
2024-10-07 22:55:15 INFO  o.s.web.servlet.DispatcherServlet - Initializing Servlet 'dispatcherServlet'
2024-10-07 22:55:15 INFO  o.s.web.servlet.DispatcherServlet - Completed initialization in 1 ms
2024-10-07 22:55:18 INFO  com.zaxxer.hikari.HikariDataSource - HikariPool-1 - Starting...
2024-10-07 22:55:18 INFO  com.zaxxer.hikari.HikariDataSource - HikariPool-1 - Start completed.
2024-10-07 22:55:18 INFO  c.l.d.c.testManIndexController - getTestManPanel查询成功：[Samples{sample_id=261, sample_model='CM007', sample_coding='007', full_model='CM007 007', sample_name='是非当时1234', sample_category='大货样', chip_control='', version_software='', version_hardware='', version='A1', test_number='null', supplier='', create_time=2024-09-25T16:13:58, finish_time=2024-09-27T14:33:22, result_judge='null', test_Overseas='国内', sample_schedule='1', sample_DQE='啊实打实', sample_Developer='问问问', tester='卢健', tester_teamwork='卢健', planfinish_time='2024-09-27 16:13:00', danger='null', filepath='C:\ddwyy-lj\savepath\CM007 007_大货样_A1_第2次送样_是非当时1234.xlsx', sample_leader='啊萨达萨达', priority='优先', sample_remark ='12', sample_frequency ='2', sample_quantity ='2', big_species ='视频类', small_species ='采集卡', high_frequency ='否', questStats ='无', testDuration ='1.8', planTestDuration ='2.0'}, Samples{sample_id=260, sample_model='CM007', sample_coding='007', full_model='CM007 007', sample_name='第二次送样的0073', sample_category='大货样', chip_control='', version_software='', version_hardware='', version='A1', test_number='null', supplier='', create_time=2024-09-25T16:13:12, finish_time=null, result_judge='null', test_Overseas='国内', sample_schedule='0', sample_DQE='啊实打实', sample_Developer='', tester='卢健', tester_teamwork='卢健', planfinish_time='2024-09-27 16:13:00', danger='null', filepath='C:\ddwyy-lj\savepath\CM007 007_大货样_A1_第1次送样_第二次送样的0073.xlsx', sample_leader='', priority='优先', sample_remark ='12', sample_frequency ='1', sample_quantity ='1', big_species ='视频类', small_species ='采集卡', high_frequency ='否', questStats ='无', testDuration ='0.0', planTestDuration ='2.0'}, Samples{sample_id=255, sample_model='CM999', sample_coding='999', full_model='CM999 999', sample_name='翻页笔222', sample_category='功能样', chip_control='', version_software='', version_hardware='', version='A2', test_number='null', supplier='', create_time=2024-09-19T19:48, finish_time=null, result_judge='null', test_Overseas='国内', sample_schedule='0', sample_DQE='', sample_Developer='', tester='卢健', tester_teamwork='卢健', planfinish_time='2024-09-21 09:47:00', danger='null', filepath='C:\ddwyy-lj\savepath\CM999 999_功能样_A2_第2次送样_翻页笔222.xlsx', sample_leader='', priority='加急', sample_remark ='', sample_frequency ='2', sample_quantity ='3', big_species ='蓝牙类', small_species ='电容笔', high_frequency ='否', questStats ='新品', testDuration ='0.0', planTestDuration ='1.5'}, Samples{sample_id=254, sample_model='CM999', sample_coding='999', full_model='CM999 999', sample_name='翻页笔1', sample_category='大货样', chip_control='null', version_software='null', version_hardware='null', version='A1', test_number='null', supplier='null', create_time=2024-09-19T19:45:36, finish_time=null, result_judge='null', test_Overseas='null', sample_schedule='0', sample_DQE='null', sample_Developer='null', tester='卢健', tester_teamwork='卢健', planfinish_time='2024-09-20 19:45:00', danger='null', filepath='C:\ddwyy-lj\savepath\CM999 999_大货样_A1_第1次送样_翻页笔1.xlsx', sample_leader='null', priority='null', sample_remark ='null', sample_frequency ='1', sample_quantity ='12', big_species ='蓝牙类', small_species ='电容笔', high_frequency ='否', questStats ='无', testDuration ='0.0', planTestDuration ='0.0'}, Samples{sample_id=230, sample_model='CM888', sample_coding='888', full_model='CM888 888', sample_name='水晶头模阿111', sample_category='功能样', chip_control='1', version_software='2', version_hardware='3', version='A1', test_number='null', supplier='4', create_time=2024-09-18T09:47:55, finish_time=2024-09-19T18:50:03, result_judge='null', test_Overseas='国内', sample_schedule='1', sample_DQE='7', sample_Developer='8', tester='卢健', tester_teamwork='卢健', planfinish_time='2024-08-02 01:47:00', danger='null', filepath='C:\ddwyy-lj\savepath\CM888 888_功能样_A1_第2次送样_水晶头模阿111.xlsx', sample_leader='9', priority='优先', sample_remark ='6', sample_frequency ='2', sample_quantity ='3', big_species ='蓝牙类', small_species ='触控笔', high_frequency ='否', questStats ='新品', testDuration ='1.9', planTestDuration ='0.0'}, Samples{sample_id=252, sample_model='CM918', sample_coding='918', full_model='CM918 918', sample_name='918勿忘国耻！', sample_category='大货样', chip_control='null', version_software='null', version_hardware='null', version='A2', test_number='null', supplier='null', create_time=2024-09-09T15:53:30, finish_time=2024-09-19T21:53:02, result_judge='null', test_Overseas='null', sample_schedule='1', sample_DQE='null', sample_Developer='null', tester='卢健', tester_teamwork='卢健', planfinish_time='2024-09-20 15:53:00', danger='null', filepath='C:\ddwyy-lj\savepath\CM918 918_大货样_A2_第2次送样_918勿忘国耻！.xlsx', sample_leader='null', priority='null', sample_remark ='null', sample_frequency ='2', sample_quantity ='3', big_species ='视频类', small_species ='扩展坞', high_frequency ='否', questStats ='新设备', testDuration ='9.3', planTestDuration ='10.0'}, Samples{sample_id=251, sample_model='CM2323', sample_coding='2323', full_model='CM2323 2323', sample_name='USB_-C转3xUSB3.0+HDMI+VGA+SD_TF+RJ45+3.5mm+PD_4K@30Hz', sample_category='大货样', chip_control='null', version_software='null', version_hardware='null', version='ASD2', test_number='null', supplier='null', create_time=2024-09-07T16:34:04, finish_time=2024-09-11T11:06:56, result_judge='null', test_Overseas='null', sample_schedule='0', sample_DQE='null', sample_Developer='null', tester='卢健', tester_teamwork='卢健', planfinish_time='2024-09-07 19:38:00', danger='null', filepath='C:\ddwyy-lj\savepath\CM2323 2323_大货样_ASD2_第2次送样_USB_-C转3xUSB3.0+HDMI+VGA+SD_TF+RJ45+3.5mm+PD_4K@30Hz.xlsx', sample_leader='null', priority='null', sample_remark ='null', sample_frequency ='2', sample_quantity ='3', big_species ='视频类', small_species ='KVM分频器切换器', high_frequency ='否', questStats ='无', testDuration ='0.0', planTestDuration ='0.0'}, Samples{sample_id=250, sample_model='CVM777', sample_coding='777', full_model='CVM777 777', sample_name='解决bUG1343231', sample_category='功能样', chip_control='1', version_software='2', version_hardware='3', version='A1', test_number='null', supplier='海盈', create_time=2024-09-05T11:32, finish_time=2024-09-13T16:01:55, result_judge='null', test_Overseas='国内+国外', sample_schedule='1', sample_DQE='邓令章', sample_Developer='张源', tester='卢健', tester_teamwork='卢健', planfinish_time='2024-09-05 11:34:00', danger='null', filepath='C:\ddwyy-lj\savepath\CVM777 777_功能样_A1_第2次送样_解决bUG1343231.xlsx', sample_leader='6', priority='加急', sample_remark ='4', sample_frequency ='2', sample_quantity ='3', big_species ='视频类', small_species ='扩展坞', high_frequency ='否', questStats ='新软件版本', testDuration ='0.0', planTestDuration ='0.0'}, Samples{sample_id=249, sample_model='CM888', sample_coding='888', full_model='CM888 888', sample_name='USB-C转3xUSB3.0+HDMI+VGA+SD_TF+RJ45+3.5mm+PD_4K@30Hz', sample_category='功能样', chip_control='FL7102-2Q0 QFN40：Panther_FL7102_PNW_Dongle_V7.99.38.29_2024_0514_1059_g16_X6400.bin；GL3590-OV3C2,QFN88：PUYA P25Q21H-TSH-IR TSSOP8(2M)(烧录：GL3590-OV3C2_Hub_TWG_uportB_FW6400.bin)；RTD2143-CG_QFN88(RealTek/瑞昱)：PUYA P25Q16SH-TSH-IR TSSOP8(16M)(40nm)(烧录：RTD2143_UGREEN_CM498_2H_V1p50.bin)', version_software='', version_hardware='', version='A2', test_number='null', supplier='', create_time=2024-09-05T10:41:51, finish_time=2024-09-19T15:45:57, result_judge='null', test_Overseas='国内', sample_schedule='1', sample_DQE='邓小英', sample_Developer='', tester='卢健', tester_teamwork='卢健', planfinish_time='2024-09-07 13:44:00', danger='null', filepath='C:\ddwyy-lj\savepath\CM888 888_功能样_A2_第2次送样_USB-C转3xUSB3.0+HDMI+VGA+SD_TF+RJ45+3.5mm+PD_4K@30Hz.xlsx', sample_leader='', priority='优先', sample_remark ='', sample_frequency ='2', sample_quantity ='3', big_species ='视频类', small_species ='扩展坞', high_frequency ='否', questStats ='新品', testDuration ='14.4', planTestDuration ='0.0'}, Samples{sample_id=241, sample_model='CM333', sample_coding='333', full_model='CM333 333', sample_name='三模鼠标模板12345678901223', sample_category='大货样', chip_control='', version_software='', version_hardware='', version='D1', test_number='null', supplier='湘凡', create_time=2024-08-23T09:55:44, finish_time=2024-09-19T14:16:08, result_judge='null', test_Overseas='国内', sample_schedule='1', sample_DQE='', sample_Developer='邓小英', tester='卢健', tester_teamwork='卢健', planfinish_time='2024-08-23 11:58:00', danger='null', filepath='C:\ddwyy-lj\savepath\CM333 333_大货样_D1_第2次送样_三模鼠标模板12345678901223.xlsx', sample_leader='张源', priority='同步', sample_remark ='', sample_frequency ='2', sample_quantity ='3', big_species ='音视频线类', small_species ='DP线', high_frequency ='否', questStats ='无', testDuration ='25.4', planTestDuration ='0.0'}, Samples{sample_id=235, sample_model='CM233', sample_coding='223', full_model='CM233 223', sample_name='坚哥的112344', sample_category='功能样', chip_control='', version_software='', version_hardware='', version='A2', test_number='null', supplier='', create_time=2024-07-30T22:00:01, finish_time=2024-08-24T13:52:40, result_judge='null', test_Overseas='国外', sample_schedule='0', sample_DQE='', sample_Developer='', tester='卢健', tester_teamwork='卢健', planfinish_time='2024-08-08 00:01:00', danger='null', filepath='C:\ddwyy-lj\savepath\CM233 223_功能样_A2_第2次送样_坚哥的112344.xlsx', sample_leader='', priority='优先', sample_remark ='', sample_frequency ='2', sample_quantity ='3', big_species ='视频类', small_species ='分配器', high_frequency ='否', questStats ='新品', testDuration ='0.0', planTestDuration ='0.0'}, Samples{sample_id=224, sample_model='CM213', sample_coding='213', full_model='CM213 213', sample_name='内外贸扩展坞1', sample_category='功能样', chip_control='', version_software='', version_hardware='', version='A1', test_number='null', supplier='', create_time=2024-07-30T21:19:23, finish_time=2024-09-18T10:57:55, result_judge='null', test_Overseas='国内+国外', sample_schedule='1', sample_DQE='', sample_Developer='', tester='卢健', tester_teamwork='卢健', planfinish_time='2024-07-30 02:25:00', danger='null', filepath='C:\ddwyy-lj\savepath\CM213 213_功能样_A1_第2次送样_内外贸扩展坞1.xlsx', sample_leader='', priority='加急', sample_remark ='', sample_frequency ='2', sample_quantity ='3', big_species ='视频类', small_species ='扩展坞', high_frequency ='否', questStats ='新设备', testDuration ='0.0', planTestDuration ='0.0'}, Samples{sample_id=206, sample_model='CM222', sample_coding='222', full_model='CM222 222', sample_name='单转22334451232138213', sample_category='大货样', chip_control='', version_software='', version_hardware='', version='A1', test_number='null', supplier='', create_time=2024-07-26T10:09:15, finish_time=2024-09-18T10:33:44, result_judge='null', test_Overseas='国内', sample_schedule='0', sample_DQE='', sample_Developer='', tester='卢健', tester_teamwork='卢健', planfinish_time='2024-07-26 12:11:00', danger='null', filepath='C:\ddwyy-lj\savepath\CM222 222_大货样_A1_第1次送样_单转22334451232138213.xlsx', sample_leader='', priority='优先', sample_remark ='', sample_frequency ='1', sample_quantity ='2', big_species ='音视频线类', small_species ='DP线', high_frequency ='否', questStats ='新品', testDuration ='0.0', planTestDuration ='0.0'}]
2024-10-07 23:14:44 INFO  o.s.s.c.ThreadPoolTaskExecutor - Shutting down ExecutorService 'applicationTaskExecutor'
2024-10-07 23:14:44 INFO  com.zaxxer.hikari.HikariDataSource - HikariPool-1 - Shutdown initiated...
2024-10-07 23:14:44 INFO  com.zaxxer.hikari.HikariDataSource - HikariPool-1 - Shutdown completed.
