2024-10-12 10:37:51 INFO  c.l.d.DdwyyDemo04Application - Starting DdwyyDemo04Application using Java 1.8.0_391 on liushuige with PID 33732 (C:\ddwyy\ddwyyDemo04\target\classes started by LJ in C:\ddwyy\ddwyyDemo04)
2024-10-12 10:37:51 INFO  c.l.d.DdwyyDemo04Application - The following profiles are active: dev
2024-10-12 10:37:52 INFO  o.s.b.w.e.tomcat.TomcatWebServer - Tomcat initialized with port(s): 8080 (http)
2024-10-12 10:37:52 INFO  o.a.coyote.http11.Http11NioProtocol - Initializing ProtocolHandler ["http-nio-8080"]
2024-10-12 10:37:52 INFO  o.a.catalina.core.StandardService - Starting service [Tomcat]
2024-10-12 10:37:52 INFO  o.a.catalina.core.StandardEngine - Starting Servlet engine: [Apache Tomcat/9.0.41]
2024-10-12 10:37:52 INFO  o.a.c.c.C.[Tomcat].[localhost].[/] - Initializing Spring embedded WebApplicationContext
2024-10-12 10:37:52 INFO  o.s.b.w.s.c.ServletWebServerApplicationContext - Root WebApplicationContext: initialization completed in 664 ms
2024-10-12 10:37:52 INFO  o.s.s.c.ThreadPoolTaskExecutor - Initializing ExecutorService 'applicationTaskExecutor'
2024-10-12 10:37:52 INFO  o.s.b.a.w.s.WelcomePageHandlerMapping - Adding welcome page: class path resource [static/index.html]
2024-10-12 10:37:52 WARN  o.t.templatemode.TemplateMode - [THYMELEAF][main] Template Mode 'HTML5' is deprecated. Using Template Mode 'HTML' instead.
2024-10-12 10:37:52 INFO  o.a.coyote.http11.Http11NioProtocol - Starting ProtocolHandler ["http-nio-8080"]
2024-10-12 10:37:52 INFO  o.s.b.w.e.tomcat.TomcatWebServer - Tomcat started on port(s): 8080 (http) with context path ''
2024-10-12 10:37:52 INFO  c.l.d.DdwyyDemo04Application - Started DdwyyDemo04Application in 1.477 seconds (JVM running for 2.323)
2024-10-12 10:37:53 INFO  o.a.c.c.C.[Tomcat].[localhost].[/] - Initializing Spring DispatcherServlet 'dispatcherServlet'
2024-10-12 10:37:53 INFO  o.s.web.servlet.DispatcherServlet - Initializing Servlet 'dispatcherServlet'
2024-10-12 10:37:53 INFO  o.s.web.servlet.DispatcherServlet - Completed initialization in 1 ms
2024-10-12 10:38:47 INFO  o.s.s.c.ThreadPoolTaskExecutor - Shutting down ExecutorService 'applicationTaskExecutor'
2024-10-12 10:38:50 INFO  c.l.d.DdwyyDemo04Application - Starting DdwyyDemo04Application using Java 1.8.0_391 on liushuige with PID 13536 (C:\ddwyy\ddwyyDemo04\target\classes started by LJ in C:\ddwyy\ddwyyDemo04)
2024-10-12 10:38:50 INFO  c.l.d.DdwyyDemo04Application - The following profiles are active: dev
2024-10-12 10:38:50 INFO  o.s.b.w.e.tomcat.TomcatWebServer - Tomcat initialized with port(s): 8080 (http)
2024-10-12 10:38:50 INFO  o.a.coyote.http11.Http11NioProtocol - Initializing ProtocolHandler ["http-nio-8080"]
2024-10-12 10:38:50 INFO  o.a.catalina.core.StandardService - Starting service [Tomcat]
2024-10-12 10:38:50 INFO  o.a.catalina.core.StandardEngine - Starting Servlet engine: [Apache Tomcat/9.0.41]
2024-10-12 10:38:50 INFO  o.a.c.c.C.[Tomcat].[localhost].[/] - Initializing Spring embedded WebApplicationContext
2024-10-12 10:38:50 INFO  o.s.b.w.s.c.ServletWebServerApplicationContext - Root WebApplicationContext: initialization completed in 490 ms
2024-10-12 10:38:51 INFO  o.s.s.c.ThreadPoolTaskExecutor - Initializing ExecutorService 'applicationTaskExecutor'
2024-10-12 10:38:51 INFO  o.s.b.a.w.s.WelcomePageHandlerMapping - Adding welcome page: class path resource [static/index.html]
2024-10-12 10:38:51 WARN  o.t.templatemode.TemplateMode - [THYMELEAF][main] Template Mode 'HTML5' is deprecated. Using Template Mode 'HTML' instead.
2024-10-12 10:38:51 INFO  o.a.coyote.http11.Http11NioProtocol - Starting ProtocolHandler ["http-nio-8080"]
2024-10-12 10:38:51 INFO  o.s.b.w.e.tomcat.TomcatWebServer - Tomcat started on port(s): 8080 (http) with context path ''
2024-10-12 10:38:51 INFO  c.l.d.DdwyyDemo04Application - Started DdwyyDemo04Application in 1.087 seconds (JVM running for 1.66)
2024-10-12 10:38:56 INFO  o.a.c.c.C.[Tomcat].[localhost].[/] - Initializing Spring DispatcherServlet 'dispatcherServlet'
2024-10-12 10:38:56 INFO  o.s.web.servlet.DispatcherServlet - Initializing Servlet 'dispatcherServlet'
2024-10-12 10:38:56 INFO  o.s.web.servlet.DispatcherServlet - Completed initialization in 0 ms
2024-10-12 10:38:56 INFO  com.zaxxer.hikari.HikariDataSource - HikariPool-1 - Starting...
2024-10-12 10:38:57 INFO  com.zaxxer.hikari.HikariDataSource - HikariPool-1 - Start completed.
2024-10-12 10:41:16 INFO  o.s.s.c.ThreadPoolTaskExecutor - Shutting down ExecutorService 'applicationTaskExecutor'
2024-10-12 10:41:16 INFO  com.zaxxer.hikari.HikariDataSource - HikariPool-1 - Shutdown initiated...
2024-10-12 10:41:16 INFO  com.zaxxer.hikari.HikariDataSource - HikariPool-1 - Shutdown completed.
2024-10-12 10:41:19 INFO  c.l.d.DdwyyDemo04Application - Starting DdwyyDemo04Application using Java 1.8.0_391 on liushuige with PID 36184 (C:\ddwyy\ddwyyDemo04\target\classes started by LJ in C:\ddwyy\ddwyyDemo04)
2024-10-12 10:41:19 INFO  c.l.d.DdwyyDemo04Application - The following profiles are active: dev
2024-10-12 10:41:19 INFO  o.s.b.w.e.tomcat.TomcatWebServer - Tomcat initialized with port(s): 8080 (http)
2024-10-12 10:41:19 INFO  o.a.coyote.http11.Http11NioProtocol - Initializing ProtocolHandler ["http-nio-8080"]
2024-10-12 10:41:19 INFO  o.a.catalina.core.StandardService - Starting service [Tomcat]
2024-10-12 10:41:19 INFO  o.a.catalina.core.StandardEngine - Starting Servlet engine: [Apache Tomcat/9.0.41]
2024-10-12 10:41:20 INFO  o.a.c.c.C.[Tomcat].[localhost].[/] - Initializing Spring embedded WebApplicationContext
2024-10-12 10:41:20 INFO  o.s.b.w.s.c.ServletWebServerApplicationContext - Root WebApplicationContext: initialization completed in 592 ms
2024-10-12 10:41:20 INFO  o.s.s.c.ThreadPoolTaskExecutor - Initializing ExecutorService 'applicationTaskExecutor'
2024-10-12 10:41:20 INFO  o.s.b.a.w.s.WelcomePageHandlerMapping - Adding welcome page: class path resource [static/index.html]
2024-10-12 10:41:20 WARN  o.t.templatemode.TemplateMode - [THYMELEAF][main] Template Mode 'HTML5' is deprecated. Using Template Mode 'HTML' instead.
2024-10-12 10:41:20 INFO  o.a.coyote.http11.Http11NioProtocol - Starting ProtocolHandler ["http-nio-8080"]
2024-10-12 10:41:20 INFO  o.s.b.w.e.tomcat.TomcatWebServer - Tomcat started on port(s): 8080 (http) with context path ''
2024-10-12 10:41:20 INFO  c.l.d.DdwyyDemo04Application - Started DdwyyDemo04Application in 1.271 seconds (JVM running for 1.869)
2024-10-12 10:41:54 INFO  o.a.c.c.C.[Tomcat].[localhost].[/] - Initializing Spring DispatcherServlet 'dispatcherServlet'
2024-10-12 10:41:54 INFO  o.s.web.servlet.DispatcherServlet - Initializing Servlet 'dispatcherServlet'
2024-10-12 10:41:54 INFO  o.s.web.servlet.DispatcherServlet - Completed initialization in 0 ms
2024-10-12 10:42:03 INFO  com.zaxxer.hikari.HikariDataSource - HikariPool-1 - Starting...
2024-10-12 10:42:03 INFO  com.zaxxer.hikari.HikariDataSource - HikariPool-1 - Start completed.
2024-10-12 10:44:48 INFO  o.s.s.c.ThreadPoolTaskExecutor - Shutting down ExecutorService 'applicationTaskExecutor'
2024-10-12 10:44:48 INFO  com.zaxxer.hikari.HikariDataSource - HikariPool-1 - Shutdown initiated...
2024-10-12 10:44:48 INFO  com.zaxxer.hikari.HikariDataSource - HikariPool-1 - Shutdown completed.
2024-10-12 10:44:51 INFO  c.l.d.DdwyyDemo04Application - Starting DdwyyDemo04Application using Java 1.8.0_391 on liushuige with PID 21168 (C:\ddwyy\ddwyyDemo04\target\classes started by LJ in C:\ddwyy\ddwyyDemo04)
2024-10-12 10:44:51 INFO  c.l.d.DdwyyDemo04Application - The following profiles are active: dev
2024-10-12 10:44:51 INFO  o.s.b.w.e.tomcat.TomcatWebServer - Tomcat initialized with port(s): 8080 (http)
2024-10-12 10:44:51 INFO  o.a.coyote.http11.Http11NioProtocol - Initializing ProtocolHandler ["http-nio-8080"]
2024-10-12 10:44:51 INFO  o.a.catalina.core.StandardService - Starting service [Tomcat]
2024-10-12 10:44:51 INFO  o.a.catalina.core.StandardEngine - Starting Servlet engine: [Apache Tomcat/9.0.41]
2024-10-12 10:44:51 INFO  o.a.c.c.C.[Tomcat].[localhost].[/] - Initializing Spring embedded WebApplicationContext
2024-10-12 10:44:51 INFO  o.s.b.w.s.c.ServletWebServerApplicationContext - Root WebApplicationContext: initialization completed in 485 ms
2024-10-12 10:44:51 INFO  o.s.s.c.ThreadPoolTaskExecutor - Initializing ExecutorService 'applicationTaskExecutor'
2024-10-12 10:44:51 INFO  o.s.b.a.w.s.WelcomePageHandlerMapping - Adding welcome page: class path resource [static/index.html]
2024-10-12 10:44:52 WARN  o.t.templatemode.TemplateMode - [THYMELEAF][main] Template Mode 'HTML5' is deprecated. Using Template Mode 'HTML' instead.
2024-10-12 10:44:52 INFO  o.a.coyote.http11.Http11NioProtocol - Starting ProtocolHandler ["http-nio-8080"]
2024-10-12 10:44:52 INFO  o.s.b.w.e.tomcat.TomcatWebServer - Tomcat started on port(s): 8080 (http) with context path ''
2024-10-12 10:44:52 INFO  c.l.d.DdwyyDemo04Application - Started DdwyyDemo04Application in 1.071 seconds (JVM running for 1.679)
2024-10-12 10:45:24 INFO  o.a.c.c.C.[Tomcat].[localhost].[/] - Initializing Spring DispatcherServlet 'dispatcherServlet'
2024-10-12 10:45:24 INFO  o.s.web.servlet.DispatcherServlet - Initializing Servlet 'dispatcherServlet'
2024-10-12 10:45:24 INFO  o.s.web.servlet.DispatcherServlet - Completed initialization in 1 ms
2024-10-12 10:45:25 INFO  com.zaxxer.hikari.HikariDataSource - HikariPool-1 - Starting...
2024-10-12 10:45:25 INFO  com.zaxxer.hikari.HikariDataSource - HikariPool-1 - Start completed.
2024-10-12 10:48:01 INFO  o.s.s.c.ThreadPoolTaskExecutor - Shutting down ExecutorService 'applicationTaskExecutor'
2024-10-12 10:48:01 INFO  com.zaxxer.hikari.HikariDataSource - HikariPool-1 - Shutdown initiated...
2024-10-12 10:48:01 INFO  com.zaxxer.hikari.HikariDataSource - HikariPool-1 - Shutdown completed.
2024-10-12 10:48:04 INFO  c.l.d.DdwyyDemo04Application - Starting DdwyyDemo04Application using Java 1.8.0_391 on liushuige with PID 23712 (C:\ddwyy\ddwyyDemo04\target\classes started by LJ in C:\ddwyy\ddwyyDemo04)
2024-10-12 10:48:04 INFO  c.l.d.DdwyyDemo04Application - The following profiles are active: dev
2024-10-12 10:48:04 INFO  o.s.b.w.e.tomcat.TomcatWebServer - Tomcat initialized with port(s): 8080 (http)
2024-10-12 10:48:04 INFO  o.a.coyote.http11.Http11NioProtocol - Initializing ProtocolHandler ["http-nio-8080"]
2024-10-12 10:48:04 INFO  o.a.catalina.core.StandardService - Starting service [Tomcat]
2024-10-12 10:48:04 INFO  o.a.catalina.core.StandardEngine - Starting Servlet engine: [Apache Tomcat/9.0.41]
2024-10-12 10:48:04 INFO  o.a.c.c.C.[Tomcat].[localhost].[/] - Initializing Spring embedded WebApplicationContext
2024-10-12 10:48:04 INFO  o.s.b.w.s.c.ServletWebServerApplicationContext - Root WebApplicationContext: initialization completed in 490 ms
2024-10-12 10:48:04 INFO  o.s.s.c.ThreadPoolTaskExecutor - Initializing ExecutorService 'applicationTaskExecutor'
2024-10-12 10:48:04 INFO  o.s.b.a.w.s.WelcomePageHandlerMapping - Adding welcome page: class path resource [static/index.html]
2024-10-12 10:48:05 WARN  o.t.templatemode.TemplateMode - [THYMELEAF][main] Template Mode 'HTML5' is deprecated. Using Template Mode 'HTML' instead.
2024-10-12 10:48:05 INFO  o.a.coyote.http11.Http11NioProtocol - Starting ProtocolHandler ["http-nio-8080"]
2024-10-12 10:48:05 INFO  o.s.b.w.e.tomcat.TomcatWebServer - Tomcat started on port(s): 8080 (http) with context path ''
2024-10-12 10:48:05 INFO  c.l.d.DdwyyDemo04Application - Started DdwyyDemo04Application in 1.062 seconds (JVM running for 1.608)
2024-10-12 10:48:07 INFO  o.a.c.c.C.[Tomcat].[localhost].[/] - Initializing Spring DispatcherServlet 'dispatcherServlet'
2024-10-12 10:48:07 INFO  o.s.web.servlet.DispatcherServlet - Initializing Servlet 'dispatcherServlet'
2024-10-12 10:48:07 INFO  o.s.web.servlet.DispatcherServlet - Completed initialization in 1 ms
2024-10-12 10:48:08 INFO  com.zaxxer.hikari.HikariDataSource - HikariPool-1 - Starting...
2024-10-12 10:48:09 INFO  com.zaxxer.hikari.HikariDataSource - HikariPool-1 - Start completed.
2024-10-12 10:50:38 INFO  o.s.s.c.ThreadPoolTaskExecutor - Shutting down ExecutorService 'applicationTaskExecutor'
2024-10-12 10:50:38 INFO  com.zaxxer.hikari.HikariDataSource - HikariPool-1 - Shutdown initiated...
2024-10-12 10:50:38 INFO  com.zaxxer.hikari.HikariDataSource - HikariPool-1 - Shutdown completed.
2024-10-12 10:50:41 INFO  c.l.d.DdwyyDemo04Application - Starting DdwyyDemo04Application using Java 1.8.0_391 on liushuige with PID 28780 (C:\ddwyy\ddwyyDemo04\target\classes started by LJ in C:\ddwyy\ddwyyDemo04)
2024-10-12 10:50:41 INFO  c.l.d.DdwyyDemo04Application - The following profiles are active: dev
2024-10-12 10:50:41 INFO  o.s.b.w.e.tomcat.TomcatWebServer - Tomcat initialized with port(s): 8080 (http)
2024-10-12 10:50:41 INFO  o.a.coyote.http11.Http11NioProtocol - Initializing ProtocolHandler ["http-nio-8080"]
2024-10-12 10:50:41 INFO  o.a.catalina.core.StandardService - Starting service [Tomcat]
2024-10-12 10:50:41 INFO  o.a.catalina.core.StandardEngine - Starting Servlet engine: [Apache Tomcat/9.0.41]
2024-10-12 10:50:41 INFO  o.a.c.c.C.[Tomcat].[localhost].[/] - Initializing Spring embedded WebApplicationContext
2024-10-12 10:50:41 INFO  o.s.b.w.s.c.ServletWebServerApplicationContext - Root WebApplicationContext: initialization completed in 500 ms
2024-10-12 10:50:41 INFO  o.s.s.c.ThreadPoolTaskExecutor - Initializing ExecutorService 'applicationTaskExecutor'
2024-10-12 10:50:42 INFO  o.s.b.a.w.s.WelcomePageHandlerMapping - Adding welcome page: class path resource [static/index.html]
2024-10-12 10:50:42 WARN  o.t.templatemode.TemplateMode - [THYMELEAF][main] Template Mode 'HTML5' is deprecated. Using Template Mode 'HTML' instead.
2024-10-12 10:50:42 INFO  o.a.coyote.http11.Http11NioProtocol - Starting ProtocolHandler ["http-nio-8080"]
2024-10-12 10:50:42 INFO  o.s.b.w.e.tomcat.TomcatWebServer - Tomcat started on port(s): 8080 (http) with context path ''
2024-10-12 10:50:42 INFO  c.l.d.DdwyyDemo04Application - Started DdwyyDemo04Application in 1.088 seconds (JVM running for 1.726)
2024-10-12 10:50:48 INFO  o.a.c.c.C.[Tomcat].[localhost].[/] - Initializing Spring DispatcherServlet 'dispatcherServlet'
2024-10-12 10:50:48 INFO  o.s.web.servlet.DispatcherServlet - Initializing Servlet 'dispatcherServlet'
2024-10-12 10:50:48 INFO  o.s.web.servlet.DispatcherServlet - Completed initialization in 0 ms
2024-10-12 10:50:49 INFO  com.zaxxer.hikari.HikariDataSource - HikariPool-1 - Starting...
2024-10-12 10:50:50 INFO  com.zaxxer.hikari.HikariDataSource - HikariPool-1 - Start completed.
2024-10-12 10:52:03 INFO  o.s.s.c.ThreadPoolTaskExecutor - Shutting down ExecutorService 'applicationTaskExecutor'
2024-10-12 10:52:03 INFO  com.zaxxer.hikari.HikariDataSource - HikariPool-1 - Shutdown initiated...
2024-10-12 10:52:03 INFO  com.zaxxer.hikari.HikariDataSource - HikariPool-1 - Shutdown completed.
2024-10-12 10:52:49 INFO  c.l.d.DdwyyDemo04ApplicationTests - Starting DdwyyDemo04ApplicationTests using Java 1.8.0_391 on liushuige with PID 6868 (started by LJ in C:\ddwyy\ddwyyDemo04)
2024-10-12 10:52:49 INFO  c.l.d.DdwyyDemo04ApplicationTests - The following profiles are active: dev
2024-10-12 10:52:50 INFO  o.s.s.c.ThreadPoolTaskExecutor - Initializing ExecutorService 'applicationTaskExecutor'
2024-10-12 10:52:50 INFO  o.s.b.a.w.s.WelcomePageHandlerMapping - Adding welcome page: class path resource [static/index.html]
2024-10-12 10:52:50 WARN  o.t.templatemode.TemplateMode - [THYMELEAF][main] Template Mode 'HTML5' is deprecated. Using Template Mode 'HTML' instead.
2024-10-12 10:52:50 INFO  c.l.d.DdwyyDemo04ApplicationTests - Started DdwyyDemo04ApplicationTests in 1.53 seconds (JVM running for 2.084)
2024-10-12 10:52:50 INFO  o.s.s.c.ThreadPoolTaskExecutor - Shutting down ExecutorService 'applicationTaskExecutor'
